{"/home/roq/code/zinojs/func-test.js":{"path":"/home/roq/code/zinojs/func-test.js","s":{"1":1,"2":1,"3":7,"4":1,"5":1,"6":1,"7":1,"8":1,"9":1,"10":1,"11":1,"12":1,"13":5836,"14":0,"15":1,"16":338,"17":541,"18":338,"19":541,"20":2583,"21":2176,"22":2042,"23":338,"24":1,"25":3823,"26":1,"27":22,"28":22,"29":0,"30":22,"31":0,"32":22,"33":46,"34":0,"35":46,"36":2,"37":44,"38":2,"39":2,"40":2,"41":42,"42":29,"43":3,"44":13,"45":2,"46":22,"47":45,"48":0,"49":45,"50":1,"51":22,"52":6,"53":16,"54":1,"55":1,"56":31,"57":31,"58":1,"59":21,"60":1,"61":4011,"62":1,"63":902,"64":1,"65":1,"66":1,"67":797,"68":1,"69":654,"70":654,"71":440,"72":214,"73":214,"74":210,"75":0,"76":1,"77":75,"78":66,"79":75,"80":75,"81":1,"82":68,"83":59,"84":59,"85":9,"86":9,"87":9,"88":9,"89":1,"90":2,"91":2,"92":2,"93":1,"94":1,"95":1,"96":0,"97":1,"98":1532,"99":1,"100":1419,"101":1419,"102":29345,"103":29345,"104":29345,"105":1419,"106":1,"107":176,"108":1,"109":481,"110":330,"111":481,"112":481,"113":481,"114":481,"115":384,"116":384,"117":481,"118":481,"119":538,"120":538,"121":481,"122":136,"123":481,"124":1,"125":173,"126":1,"127":173,"128":1,"129":173,"130":173,"131":1,"132":456,"133":0,"134":456,"135":0,"136":456,"137":406,"138":196,"139":210,"140":0,"141":210,"142":206,"143":210,"144":200,"145":10,"146":1,"147":102,"148":102,"149":22,"150":80,"151":80,"152":108,"153":80,"154":80,"155":102,"156":1,"157":9,"158":1,"159":0,"160":1,"161":1,"162":1,"163":8,"164":1,"165":86,"166":0,"167":86,"168":86,"169":0,"170":86,"171":63,"172":3,"173":60,"174":60,"175":49,"176":49,"177":6,"178":0,"179":0,"180":0,"181":60,"182":60,"183":1,"184":1,"185":1,"186":1,"187":1,"188":0,"189":86,"190":86,"191":152,"192":0,"193":152,"194":152,"195":91,"196":61,"197":17,"198":8,"199":9,"200":0,"201":44,"202":44,"203":43,"204":1,"205":86,"206":2,"207":2,"208":2,"209":2,"210":86,"211":1,"212":1,"213":1,"214":1,"215":1,"216":1,"217":1,"218":1,"219":1,"220":1,"221":1,"222":347,"223":11,"224":11,"225":1,"226":1,"227":1,"228":1,"229":10,"230":10,"231":0,"232":10,"233":1,"234":11,"235":1,"236":3,"237":1,"238":10,"239":1,"240":8,"241":8,"242":1,"243":34,"244":34,"245":1,"246":1,"247":1,"248":33,"249":9,"250":33,"251":3,"252":3,"253":33,"254":0,"255":0,"256":0,"257":33,"258":33,"259":33,"260":33,"261":20,"262":1,"263":10,"264":0,"265":10,"266":10,"267":0,"268":10,"269":8,"270":10,"271":1,"272":11,"273":0,"274":11,"275":10,"276":0,"277":10,"278":1,"279":15,"280":1,"281":165,"282":0,"283":165,"284":165,"285":1,"286":1,"287":0,"288":0,"289":0,"290":1,"291":164,"292":164,"293":164,"294":164,"295":165,"296":135,"297":0,"298":165,"299":163,"300":163,"301":163,"302":160,"303":3,"304":3,"305":0,"306":3,"307":3,"308":160,"309":160,"310":160,"311":160,"312":18,"313":18,"314":68,"315":68,"316":142,"317":1,"318":163,"319":29,"320":134,"321":1,"322":165,"323":165,"324":1003,"325":1003,"326":499,"327":330,"328":169,"329":165,"330":165,"331":165,"332":1,"333":1,"334":1,"335":0,"336":165,"337":2,"338":2,"339":165,"340":165,"341":165,"342":165,"343":165,"344":163,"345":2,"346":0,"347":1,"348":173,"349":173,"350":173,"351":173,"352":173,"353":173,"354":1,"355":377,"356":377,"357":377,"358":938,"359":560,"360":378,"361":378,"362":204,"363":204,"364":378,"365":377,"366":173,"367":173,"368":173,"369":0,"370":173,"371":173,"372":173,"373":173,"374":0,"375":173,"376":173,"377":173,"378":135,"379":135,"380":134,"381":134,"382":134,"383":134,"384":134,"385":134,"386":172,"387":38,"388":134,"389":134,"390":172,"391":172,"392":172,"393":172,"394":172,"395":0,"396":0,"397":0,"398":172,"399":11,"400":134,"401":134,"402":0,"403":0,"404":0,"405":134,"406":172,"407":172,"408":38,"409":134,"410":134,"411":1,"412":37,"413":37,"414":2,"415":134,"416":169,"417":1,"418":44,"419":44,"420":44,"421":87,"422":87,"423":3,"424":44,"425":44,"426":44,"427":0,"428":1,"429":503,"430":503,"431":375,"432":406,"433":406,"434":406,"435":406,"436":19,"437":3,"438":19,"439":0,"440":503,"441":165,"442":338,"443":1,"444":165,"445":165,"446":165,"447":1,"448":0,"449":1,"450":1,"451":0,"452":0,"453":0,"454":0,"455":1,"456":165,"457":1,"458":1,"459":371,"460":0,"461":1,"462":50,"463":50,"464":6,"465":6,"466":4,"467":4,"468":6,"469":6,"470":345,"471":345,"472":10,"473":10,"474":2,"475":2,"476":10,"477":10,"478":10,"479":10,"480":7,"481":3,"482":3,"483":10,"484":50,"485":7,"486":7,"487":43,"488":43,"489":43,"490":43,"491":0,"492":0,"493":0,"494":1,"495":1,"496":1,"497":1,"498":1,"499":1,"500":3,"501":6,"502":1,"503":0,"504":3,"505":1,"506":1,"507":1,"508":1,"509":1,"510":1,"511":1,"512":1,"513":1,"514":1,"515":1,"516":1,"517":1,"518":1,"519":1,"520":1,"521":1,"522":1,"523":1,"524":1,"525":1,"526":3,"527":1,"528":1,"529":2,"530":1,"531":1,"532":1,"533":1,"534":1,"535":1,"536":1,"537":1,"538":1,"539":1,"540":1,"541":1,"542":0,"543":1,"544":1,"545":1,"546":1,"547":1,"548":2,"549":2,"550":1,"551":1,"552":1,"553":1,"554":1,"555":1,"556":1,"557":0,"558":1,"559":1,"560":1,"561":1,"562":1,"563":2,"564":1,"565":1,"566":1,"567":1,"568":1,"569":1,"570":1,"571":1,"572":1,"573":1,"574":1,"575":1,"576":1,"577":1,"578":1,"579":1,"580":1,"581":1,"582":1,"583":1,"584":1,"585":1,"586":5,"587":1,"588":1,"589":1,"590":1,"591":1,"592":1,"593":1,"594":1,"595":1,"596":1,"597":1,"598":1,"599":1,"600":1,"601":1,"602":1,"603":1,"604":1,"605":60,"606":1,"607":1,"608":60,"609":1,"610":1,"611":2,"612":2,"613":60,"614":2,"615":1,"616":1,"617":1,"618":1,"619":1,"620":1,"621":1,"622":2,"623":2,"624":60,"625":60,"626":60,"627":60,"628":60,"629":60,"630":1,"631":1,"632":1,"633":1,"634":1,"635":1,"636":0,"637":1,"638":1,"639":1,"640":1,"641":1,"642":1,"643":1,"644":1,"645":1,"646":1,"647":1,"648":1,"649":1,"650":1,"651":1,"652":1,"653":1,"654":1,"655":1,"656":1,"657":2,"658":1,"659":1,"660":2,"661":1,"662":1,"663":2,"664":2,"665":2,"666":2,"667":2,"668":1,"669":1,"670":1,"671":1,"672":1,"673":1,"674":1,"675":1,"676":1,"677":1,"678":1,"679":1,"680":1,"681":1,"682":1,"683":1,"684":1,"685":1,"686":1,"687":1,"688":0,"689":1,"690":120,"691":1,"692":1,"693":1,"694":1,"695":1,"696":1,"697":1,"698":1,"699":1,"700":1,"701":1,"702":1,"703":1,"704":1,"705":1,"706":1,"707":1,"708":0,"709":1,"710":1,"711":1,"712":1,"713":1,"714":1,"715":1,"716":1,"717":1,"718":1,"719":1,"720":1,"721":1,"722":1,"723":1,"724":1,"725":1,"726":1,"727":1,"728":1,"729":1,"730":1,"731":1,"732":1,"733":1,"734":1,"735":1,"736":1,"737":1,"738":1,"739":1,"740":1,"741":1,"742":1,"743":1,"744":1,"745":1,"746":1,"747":1,"748":1,"749":1,"750":1,"751":1,"752":1,"753":1,"754":1,"755":1,"756":1,"757":1,"758":1,"759":1,"760":1,"761":1,"762":1,"763":1,"764":1,"765":1,"766":1,"767":1,"768":1,"769":1,"770":1,"771":1,"772":1,"773":48,"774":4,"775":4,"776":5,"777":0,"778":5,"779":6,"780":6,"781":2,"782":4,"783":5,"784":48,"785":1,"786":48,"787":48,"788":48,"789":1,"790":91,"791":1,"792":88,"793":88,"794":88,"795":37,"796":51,"797":86,"798":0,"799":86,"800":86,"801":48,"802":86,"803":86,"804":86,"805":86,"806":17,"807":17,"808":17,"809":17,"810":69,"811":21,"812":21,"813":21,"814":1,"815":48,"816":4,"817":4,"818":4,"819":4,"820":44,"821":11,"822":15,"823":11,"824":33,"825":3,"826":30,"827":28,"828":28,"829":2,"830":1,"831":50,"832":29,"833":50,"834":1,"835":27,"836":27,"837":27,"838":29,"839":5,"840":29,"841":27,"842":48,"843":9,"844":25,"845":9,"846":8,"847":8,"848":48,"849":13,"850":4,"851":9,"852":1,"853":8,"854":13,"855":48,"856":48,"857":0,"858":48,"859":48,"860":48,"861":138,"862":0,"863":138,"864":138,"865":138,"866":59,"867":137,"868":95,"869":42,"870":15,"871":15,"872":0,"873":15,"874":27,"875":27,"876":27,"877":27,"878":15,"879":12,"880":12,"881":47,"882":0,"883":47,"884":1,"885":46,"886":0,"887":46,"888":46,"889":24,"890":24,"891":46,"892":16,"893":46,"894":10,"895":46,"896":8,"897":8,"898":0,"899":38,"900":46,"901":46,"902":46,"903":230,"904":1,"905":41,"906":1,"907":38,"908":36,"909":36,"910":36,"911":36,"912":1,"913":1,"914":1,"915":1,"916":1,"917":1,"918":1,"919":1,"920":1,"921":1,"922":1,"923":1,"924":1,"925":1,"926":1,"927":1,"928":1,"929":1,"930":1,"931":1,"932":1,"933":1,"934":1,"935":1,"936":1,"937":1,"938":1,"939":1,"940":1,"941":1,"942":1,"943":1,"944":1,"945":1,"946":1,"947":1,"948":1,"949":1,"950":1,"951":1,"952":1,"953":1,"954":1,"955":1,"956":1,"957":1,"958":1,"959":1,"960":1,"961":1,"962":1,"963":1,"964":1,"965":1,"966":1,"967":1,"968":1,"969":1,"970":1,"971":1,"972":1,"973":1,"974":1,"975":1,"976":1,"977":1,"978":1,"979":1,"980":1,"981":1,"982":1,"983":1,"984":1,"985":1,"986":1,"987":1,"988":1,"989":1,"990":1,"991":1,"992":1,"993":1,"994":1,"995":1,"996":1,"997":1,"998":1,"999":1,"1000":1,"1001":1,"1002":1,"1003":1,"1004":1,"1005":1,"1006":1,"1007":1,"1008":1,"1009":1,"1010":1,"1011":1,"1012":1,"1013":1,"1014":1,"1015":1,"1016":1,"1017":1,"1018":1,"1019":1,"1020":1,"1021":1,"1022":1,"1023":1,"1024":1,"1025":1,"1026":1,"1027":1,"1028":1,"1029":1,"1030":1,"1031":1,"1032":1,"1033":1,"1034":1,"1035":1,"1036":1,"1037":1,"1038":1,"1039":1,"1040":1,"1041":1,"1042":1,"1043":1,"1044":1,"1045":1,"1046":2,"1047":2,"1048":1,"1049":1,"1050":1,"1051":1,"1052":1,"1053":1,"1054":1,"1055":1,"1056":1,"1057":3,"1058":3,"1059":3,"1060":3,"1061":3,"1062":3,"1063":3,"1064":0,"1065":3,"1066":1,"1067":1,"1068":3,"1069":1,"1070":1,"1071":1,"1072":10,"1073":3,"1074":0,"1075":3,"1076":3,"1077":3,"1078":3,"1079":1,"1080":1,"1081":1,"1082":1,"1083":1,"1084":1,"1085":3,"1086":1,"1087":1,"1088":1,"1089":1,"1090":1,"1091":3,"1092":3,"1093":0,"1094":3,"1095":3,"1096":3,"1097":3,"1098":3,"1099":3,"1100":2,"1101":2,"1102":3,"1103":2,"1104":3,"1105":3,"1106":0,"1107":0,"1108":3,"1109":1,"1110":0,"1111":0,"1112":0,"1113":0,"1114":0,"1115":0,"1116":0,"1117":0,"1118":0,"1119":0,"1120":0,"1121":0,"1122":0,"1123":1,"1124":3,"1125":3,"1126":3,"1127":3,"1128":3,"1129":3,"1130":3,"1131":3,"1132":3,"1133":3,"1134":0,"1135":3,"1136":3,"1137":0,"1138":0,"1139":3,"1140":3,"1141":3,"1142":3,"1143":3,"1144":0,"1145":0,"1146":0,"1147":0,"1148":3,"1149":3,"1150":3,"1151":3,"1152":3,"1153":3,"1154":3,"1155":3,"1156":3,"1157":3,"1158":3,"1159":0,"1160":3,"1161":3,"1162":3,"1163":3,"1164":3,"1165":3,"1166":3,"1167":3,"1168":1,"1169":1,"1170":1,"1171":1,"1172":1,"1173":1,"1174":1,"1175":1,"1176":1,"1177":1,"1178":1,"1179":1,"1180":1,"1181":0,"1182":1,"1183":12,"1184":1,"1185":1,"1186":1,"1187":1,"1188":1,"1189":0,"1190":1,"1191":1,"1192":1,"1193":1,"1194":7,"1195":7,"1196":5,"1197":5,"1198":5,"1199":5,"1200":5,"1201":5,"1202":0,"1203":0,"1204":2,"1205":7,"1206":1,"1207":5,"1208":1,"1209":1,"1210":6,"1211":1,"1212":1,"1213":5,"1214":1,"1215":8,"1216":14,"1217":8,"1218":0,"1219":8,"1220":8,"1221":8,"1222":8,"1223":8,"1224":4,"1225":4,"1226":0,"1227":4,"1228":4,"1229":6,"1230":8,"1231":1,"1232":8,"1233":8,"1234":8,"1235":8,"1236":8,"1237":8,"1238":1,"1239":1,"1240":1,"1241":1,"1242":1,"1243":8,"1244":8,"1245":8,"1246":0,"1247":0,"1248":8,"1249":8,"1250":0,"1251":0,"1252":0,"1253":0,"1254":0,"1255":0,"1256":0,"1257":0,"1258":0,"1259":0,"1260":1,"1261":1,"1262":6,"1263":1,"1264":8,"1265":1,"1266":1,"1267":1,"1268":1,"1269":1,"1270":1,"1271":1,"1272":1,"1273":1,"1274":1,"1275":1,"1276":1,"1277":1,"1278":1,"1279":1,"1280":1,"1281":1,"1282":1,"1283":1,"1284":1,"1285":1,"1286":1,"1287":1,"1288":1,"1289":1,"1290":1,"1291":1,"1292":1,"1293":1,"1294":1,"1295":1,"1296":1,"1297":1,"1298":1,"1299":1,"1300":1,"1301":1,"1302":1,"1303":1,"1304":1,"1305":1,"1306":1,"1307":1,"1308":1,"1309":1,"1310":1,"1311":1,"1312":1,"1313":1,"1314":1,"1315":1,"1316":1,"1317":1,"1318":1,"1319":1,"1320":4,"1321":1,"1322":1,"1323":1,"1324":4,"1325":1,"1326":1,"1327":1,"1328":1,"1329":1,"1330":1,"1331":1},"b":{"1":[0,7],"2":[7,7,4],"3":[1,0],"4":[1,1],"5":[0,0],"6":[0,0,0,0],"7":[2176,407],"8":[2583,2583,2583,2578,1240],"9":[2042,134],"10":[3823,3823,402],"11":[0,22],"12":[0,0],"13":[0,22],"14":[0,0],"15":[0,46],"16":[46,46],"17":[2,44],"18":[2,42],"19":[29,13],"20":[42,13],"21":[3,26],"22":[2,11],"23":[0,45],"24":[45,45],"25":[1,44],"26":[6,16],"27":[30,1],"28":[21,21],"29":[164,3847],"30":[797,395],"31":[440,214],"32":[0,210],"33":[66,9],"34":[59,9],"35":[9,0],"36":[481,87],"37":[376,8],"38":[287,194],"39":[481,326],"40":[538,501,274],"41":[136,345],"42":[0,456],"43":[0,456],"44":[456,0,0],"45":[456,0,456],"46":[0,456],"47":[456,0],"48":[196,210],"49":[0,406],"50":[0,210],"51":[200,10],"52":[22,80],"53":[0,102],"54":[1,8],"55":[9,0],"56":[0,1],"57":[8,0],"58":[0,86],"59":[86,86],"60":[86,0],"61":[0,86],"62":[63,23],"63":[3,60],"64":[49,0],"65":[6,43],"66":[0,0],"67":[0,0],"68":[1,0],"69":[0,86],"70":[63,23],"71":[0,152],"72":[91,61],"73":[17,44],"74":[8,9],"75":[17,17],"76":[0,9],"77":[44,0],"78":[43,1],"79":[0,44],"80":[2,84],"81":[86,63],"82":[1,0],"83":[1,10],"84":[1,9],"85":[11,10],"86":[34,34,5,1],"87":[1,33],"88":[1,0],"89":[3,30],"90":[3,3],"91":[3,3],"92":[3,3],"93":[3,3],"94":[3,3],"95":[0,33],"96":[0,0],"97":[33,21],"98":[0,10],"99":[10,10],"100":[0,10],"101":[10,10],"102":[8,2],"103":[8,2],"104":[0,11],"105":[11,11],"106":[0,10],"107":[0,165],"108":[165,165],"109":[1,164],"110":[165,1,1,1],"111":[0,1],"112":[1,0],"113":[29,135],"114":[135,30],"115":[163,162,1],"116":[160,151],"117":[3,3],"118":[0,3],"119":[142,18],"120":[160,142],"121":[160,0],"122":[18,142],"123":[160,142],"124":[68,67,1],"125":[68,1],"126":[29,134],"127":[29,29],"128":[0,165],"129":[499,504],"130":[330,169],"131":[5,164],"132":[165,0],"133":[165,0],"134":[2,2],"135":[0,173],"136":[173,0],"137":[204,173],"138":[377,204],"139":[560,378],"140":[174,386],"141":[560,560],"142":[204,174],"143":[378,378,205],"144":[378,351],"145":[0,173],"146":[173,0],"147":[173,11],"148":[134,0],"149":[38,134],"150":[0,172],"151":[11,161],"152":[172,74],"153":[0,134],"154":[134,134],"155":[38,134],"156":[172,142],"157":[1,1],"158":[2,2],"159":[44,44,0],"160":[44,0],"161":[44,44,44],"162":[44,0,44],"163":[3,84],"164":[44,0],"165":[0,0],"166":[503,99,404],"167":[406,19,13],"168":[406,406],"169":[406,4,4,405],"170":[19,387],"171":[3,16],"172":[19,13],"173":[165,338],"174":[0,165],"175":[165,0],"176":[0,1],"177":[0,1],"178":[0,0],"179":[0,371],"180":[6,0],"181":[6,6],"182":[4,0],"183":[4,4],"184":[4,2],"185":[6,4],"186":[149,196],"187":[345,149],"188":[7,3],"189":[10,7],"190":[2,8],"191":[10,3],"192":[7,3],"193":[10,7,0,7,7],"194":[3,0],"195":[7,43],"196":[0,0],"197":[3,0],"198":[3,3],"199":[2,1],"200":[3,1,2],"201":[4,1],"202":[0,1],"203":[0,1],"204":[0,1],"205":[0,1],"206":[0,1],"207":[0,1],"208":[48,0],"209":[0,5],"210":[2,4],"211":[6,4,4],"212":[72,19],"213":[29,59],"214":[37,51],"215":[0,86],"216":[48,38],"217":[17,69],"218":[15,2],"219":[21,48],"220":[2,19],"221":[1,20],"222":[4,44],"223":[2,2],"224":[11,33],"225":[3,30],"226":[28,2],"227":[30,29],"228":[1,1],"229":[29,21],"230":[5,24],"231":[29,28,0],"232":[8,1],"233":[4,9],"234":[1,8],"235":[9,2],"236":[1,1],"237":[0,48],"238":[0,138],"239":[59,79],"240":[95,42],"241":[15,27],"242":[0,15],"243":[15,12],"244":[0,47],"245":[1,46],"246":[0,46],"247":[24,22],"248":[16,30],"249":[10,36],"250":[8,38],"251":[8,0],"252":[0,8],"253":[4,42],"254":[0,1],"255":[0,3],"256":[3,0],"257":[3,0],"258":[3,0],"259":[0,3],"260":[3,3],"261":[3,7],"262":[10,10,4],"263":[0,3],"264":[1,0],"265":[0,3],"266":[3,0],"267":[2,1],"268":[3,2,1],"269":[1,0],"270":[2,1],"271":[0,0],"272":[0,0],"273":[0,0],"274":[0,0],"275":[0,0],"276":[0,0],"277":[0,3],"278":[3,0],"279":[0,3],"280":[3,0],"281":[3,3],"282":[5,2],"283":[5,0],"284":[7,7],"285":[1,5],"286":[0,8],"287":[0,0],"288":[0,0],"289":[0,0],"290":[5,3],"291":[6,2],"292":[7,1],"293":[8,1,7],"294":[0,4],"295":[1,7],"296":[8,0],"297":[1,0],"298":[0,8],"299":[8,0],"300":[0,0],"301":[0,0],"302":[0,0],"303":[0,0]},"f":{"1":7,"2":5836,"3":0,"4":338,"5":3823,"6":22,"7":46,"8":45,"9":1,"10":31,"11":21,"12":4011,"13":902,"14":366,"15":797,"16":654,"17":75,"18":68,"19":2,"20":2,"21":0,"22":1532,"23":1419,"24":176,"25":481,"26":384,"27":538,"28":538,"29":173,"30":173,"31":173,"32":456,"33":406,"34":206,"35":102,"36":108,"37":9,"38":86,"39":1,"40":1,"41":347,"42":11,"43":0,"44":3,"45":10,"46":8,"47":34,"48":9,"49":0,"50":20,"51":10,"52":11,"53":15,"54":165,"55":3,"56":3,"57":68,"58":163,"59":165,"60":1,"61":0,"62":2,"63":173,"64":377,"65":134,"66":44,"67":87,"68":87,"69":503,"70":375,"71":406,"72":0,"73":165,"74":1,"75":371,"76":50,"77":6,"78":4,"79":6,"80":345,"81":10,"82":1,"83":1,"84":3,"85":6,"86":1,"87":0,"88":3,"89":1,"90":1,"91":1,"92":1,"93":1,"94":3,"95":1,"96":2,"97":1,"98":1,"99":1,"100":1,"101":1,"102":1,"103":1,"104":0,"105":1,"106":1,"107":1,"108":2,"109":2,"110":1,"111":1,"112":0,"113":1,"114":1,"115":1,"116":1,"117":2,"118":1,"119":1,"120":1,"121":1,"122":1,"123":1,"124":1,"125":1,"126":1,"127":1,"128":1,"129":5,"130":1,"131":1,"132":60,"133":1,"134":60,"135":1,"136":2,"137":2,"138":1,"139":1,"140":0,"141":1,"142":1,"143":1,"144":1,"145":1,"146":1,"147":1,"148":2,"149":1,"150":2,"151":1,"152":2,"153":2,"154":1,"155":1,"156":1,"157":1,"158":1,"159":1,"160":0,"161":120,"162":1,"163":1,"164":1,"165":1,"166":0,"167":1,"168":1,"169":1,"170":1,"171":1,"172":1,"173":1,"174":1,"175":1,"176":1,"177":48,"178":4,"179":5,"180":6,"181":48,"182":91,"183":88,"184":15,"185":27,"186":9,"187":25,"188":13,"189":230,"190":41,"191":38,"192":1,"193":1,"194":1,"195":1,"196":1,"197":1,"198":1,"199":1,"200":1,"201":1,"202":1,"203":1,"204":1,"205":1,"206":1,"207":1,"208":1,"209":1,"210":1,"211":1,"212":1,"213":1,"214":1,"215":1,"216":1,"217":2,"218":2,"219":3,"220":3,"221":3,"222":1,"223":10,"224":3,"225":3,"226":0,"227":0,"228":2,"229":0,"230":0,"231":0,"232":3,"233":3,"234":3,"235":3,"236":0,"237":3,"238":1,"239":1,"240":1,"241":1,"242":1,"243":1,"244":0,"245":12,"246":0,"247":1,"248":7,"249":5,"250":1,"251":6,"252":8,"253":0,"254":7,"255":4,"256":6,"257":8,"258":1,"259":1,"260":0,"261":6,"262":8,"263":1,"264":1,"265":4,"266":1,"267":1,"268":1,"269":1,"270":1,"271":1,"272":1,"273":1,"274":1,"275":1,"276":1,"277":1,"278":1,"279":4,"280":1,"281":1,"282":4},"fnMap":{"1":{"name":"_interopDefault","line":5,"loc":{"start":{"line":5,"column":0},"end":{"line":5,"column":30}}},"2":{"name":"(anonymous_2)","line":16,"loc":{"start":{"line":16,"column":84},"end":{"line":16,"column":99}}},"3":{"name":"(anonymous_3)","line":18,"loc":{"start":{"line":18,"column":4},"end":{"line":18,"column":19}}},"4":{"name":"merge","line":28,"loc":{"start":{"line":28,"column":0},"end":{"line":28,"column":23}}},"5":{"name":"propDetails","line":44,"loc":{"start":{"line":44,"column":0},"end":{"line":44,"column":37}}},"6":{"name":"objectDiff","line":55,"loc":{"start":{"line":55,"column":0},"end":{"line":55,"column":32}}},"7":{"name":"(anonymous_7)","line":61,"loc":{"start":{"line":61,"column":27},"end":{"line":61,"column":49}}},"8":{"name":"(anonymous_8)","line":77,"loc":{"start":{"line":77,"column":27},"end":{"line":77,"column":49}}},"9":{"name":"uuid","line":106,"loc":{"start":{"line":106,"column":0},"end":{"line":106,"column":16}}},"10":{"name":"(anonymous_10)","line":107,"loc":{"start":{"line":107,"column":64},"end":{"line":107,"column":77}}},"11":{"name":"toArray","line":113,"loc":{"start":{"line":113,"column":0},"end":{"line":113,"column":32}}},"12":{"name":"isObj","line":117,"loc":{"start":{"line":117,"column":12},"end":{"line":117,"column":32}}},"13":{"name":"isFn","line":120,"loc":{"start":{"line":120,"column":11},"end":{"line":120,"column":29}}},"14":{"name":"emptyFunc","line":123,"loc":{"start":{"line":123,"column":16},"end":{"line":123,"column":37}}},"15":{"name":"publishEvent","line":127,"loc":{"start":{"line":127,"column":0},"end":{"line":127,"column":34}}},"16":{"name":"trigger","line":131,"loc":{"start":{"line":131,"column":0},"end":{"line":131,"column":29}}},"17":{"name":"on","line":140,"loc":{"start":{"line":140,"column":0},"end":{"line":140,"column":22}}},"18":{"name":"off","line":148,"loc":{"start":{"line":148,"column":0},"end":{"line":148,"column":23}}},"19":{"name":"one","line":161,"loc":{"start":{"line":161,"column":0},"end":{"line":161,"column":23}}},"20":{"name":"self","line":162,"loc":{"start":{"line":162,"column":10},"end":{"line":162,"column":26}}},"21":{"name":"dataResolver","line":170,"loc":{"start":{"line":170,"column":19},"end":{"line":170,"column":54}}},"22":{"name":"isArray","line":174,"loc":{"start":{"line":174,"column":0},"end":{"line":174,"column":22}}},"23":{"name":"hashCode","line":178,"loc":{"start":{"line":178,"column":0},"end":{"line":178,"column":23}}},"24":{"name":"setDataResolver","line":190,"loc":{"start":{"line":190,"column":0},"end":{"line":190,"column":35}}},"25":{"name":"Tag","line":194,"loc":{"start":{"line":194,"column":0},"end":{"line":194,"column":34}}},"26":{"name":"(anonymous_26)","line":202,"loc":{"start":{"line":202,"column":33},"end":{"line":202,"column":49}}},"27":{"name":"(anonymous_27)","line":210,"loc":{"start":{"line":210,"column":28},"end":{"line":210,"column":45}}},"28":{"name":"(anonymous_28)","line":213,"loc":{"start":{"line":213,"column":70},"end":{"line":213,"column":87}}},"29":{"name":"setFilter","line":225,"loc":{"start":{"line":225,"column":0},"end":{"line":225,"column":27}}},"30":{"name":"clearTagsCreated","line":233,"loc":{"start":{"line":233,"column":0},"end":{"line":233,"column":28}}},"31":{"name":"getTagsCreated","line":241,"loc":{"start":{"line":241,"column":0},"end":{"line":241,"column":26}}},"32":{"name":"getInnerHTML","line":252,"loc":{"start":{"line":252,"column":0},"end":{"line":252,"column":28}}},"33":{"name":"(anonymous_33)","line":256,"loc":{"start":{"line":256,"column":169},"end":{"line":256,"column":186}}},"34":{"name":"(anonymous_34)","line":262,"loc":{"start":{"line":262,"column":66},"end":{"line":262,"column":82}}},"35":{"name":"createElement","line":281,"loc":{"start":{"line":281,"column":0},"end":{"line":281,"column":39}}},"36":{"name":"(anonymous_36)","line":289,"loc":{"start":{"line":289,"column":39},"end":{"line":289,"column":55}}},"37":{"name":"applyText","line":300,"loc":{"start":{"line":300,"column":0},"end":{"line":300,"column":50}}},"38":{"name":"applyDOM","line":325,"loc":{"start":{"line":325,"column":0},"end":{"line":325,"column":39}}},"39":{"name":"resolveData","line":411,"loc":{"start":{"line":411,"column":18},"end":{"line":411,"column":58}}},"40":{"name":"resolveDataKey","line":421,"loc":{"start":{"line":421,"column":21},"end":{"line":421,"column":50}}},"41":{"name":"getHost","line":433,"loc":{"start":{"line":433,"column":10},"end":{"line":433,"column":29}}},"42":{"name":"setProps","line":437,"loc":{"start":{"line":437,"column":11},"end":{"line":437,"column":42}}},"43":{"name":"(anonymous_43)","line":447,"loc":{"start":{"line":447,"column":51},"end":{"line":447,"column":64}}},"44":{"name":"getDataRegistry","line":458,"loc":{"start":{"line":458,"column":0},"end":{"line":458,"column":27}}},"45":{"name":"setDataRegistry","line":461,"loc":{"start":{"line":461,"column":0},"end":{"line":461,"column":36}}},"46":{"name":"setResolveData","line":464,"loc":{"start":{"line":464,"column":0},"end":{"line":464,"column":33}}},"47":{"name":"registerTag","line":467,"loc":{"start":{"line":467,"column":0},"end":{"line":467,"column":41}}},"48":{"name":"(anonymous_48)","line":476,"loc":{"start":{"line":476,"column":39},"end":{"line":476,"column":63}}},"49":{"name":"(anonymous_49)","line":494,"loc":{"start":{"line":494,"column":70},"end":{"line":494,"column":85}}},"50":{"name":"(anonymous_50)","line":505,"loc":{"start":{"line":505,"column":69},"end":{"line":505,"column":84}}},"51":{"name":"mount","line":510,"loc":{"start":{"line":510,"column":0},"end":{"line":510,"column":34}}},"52":{"name":"render","line":518,"loc":{"start":{"line":518,"column":0},"end":{"line":518,"column":21}}},"53":{"name":"flushRegisteredTags","line":528,"loc":{"start":{"line":528,"column":0},"end":{"line":528,"column":31}}},"54":{"name":"initializeTag","line":532,"loc":{"start":{"line":532,"column":0},"end":{"line":532,"column":43}}},"55":{"name":"(anonymous_55)","line":566,"loc":{"start":{"line":566,"column":46},"end":{"line":566,"column":61}}},"56":{"name":"(anonymous_56)","line":570,"loc":{"start":{"line":570,"column":8},"end":{"line":570,"column":21}}},"57":{"name":"(anonymous_57)","line":584,"loc":{"start":{"line":584,"column":35},"end":{"line":584,"column":49}}},"58":{"name":"defineAttribute","line":593,"loc":{"start":{"line":593,"column":0},"end":{"line":593,"column":43}}},"59":{"name":"initializeNode","line":603,"loc":{"start":{"line":603,"column":0},"end":{"line":603,"column":30}}},"60":{"name":"set$$1","line":624,"loc":{"start":{"line":624,"column":8},"end":{"line":624,"column":29}}},"61":{"name":"get$$1","line":629,"loc":{"start":{"line":629,"column":8},"end":{"line":629,"column":26}}},"62":{"name":"(anonymous_62)","line":634,"loc":{"start":{"line":634,"column":20},"end":{"line":634,"column":41}}},"63":{"name":"renderTag","line":653,"loc":{"start":{"line":653,"column":0},"end":{"line":653,"column":24}}},"64":{"name":"dataToString","line":667,"loc":{"start":{"line":667,"column":1},"end":{"line":667,"column":29}}},"65":{"name":"(anonymous_65)","line":765,"loc":{"start":{"line":765,"column":26},"end":{"line":765,"column":46}}},"66":{"name":"unmount","line":786,"loc":{"start":{"line":786,"column":0},"end":{"line":786,"column":22}}},"67":{"name":"(anonymous_67)","line":790,"loc":{"start":{"line":790,"column":90},"end":{"line":790,"column":106}}},"68":{"name":"(anonymous_68)","line":792,"loc":{"start":{"line":792,"column":6},"end":{"line":792,"column":22}}},"69":{"name":"getAttributes","line":807,"loc":{"start":{"line":807,"column":0},"end":{"line":807,"column":39}}},"70":{"name":"(anonymous_70)","line":811,"loc":{"start":{"line":811,"column":89},"end":{"line":811,"column":105}}},"71":{"name":"(anonymous_71)","line":813,"loc":{"start":{"line":813,"column":5},"end":{"line":813,"column":26}}},"72":{"name":"(anonymous_72)","line":821,"loc":{"start":{"line":821,"column":69},"end":{"line":821,"column":90}}},"73":{"name":"setElementAttr","line":831,"loc":{"start":{"line":831,"column":0},"end":{"line":831,"column":32}}},"74":{"name":"(anonymous_74)","line":835,"loc":{"start":{"line":835,"column":34},"end":{"line":835,"column":48}}},"75":{"name":"assertValue","line":853,"loc":{"start":{"line":853,"column":0},"end":{"line":853,"column":31}}},"76":{"name":"(anonymous_76)","line":859,"loc":{"start":{"line":859,"column":11},"end":{"line":859,"column":31}}},"77":{"name":"_false","line":863,"loc":{"start":{"line":863,"column":9},"end":{"line":863,"column":28}}},"78":{"name":"_true","line":867,"loc":{"start":{"line":867,"column":8},"end":{"line":867,"column":26}}},"79":{"name":"not","line":871,"loc":{"start":{"line":871,"column":7},"end":{"line":871,"column":26}}},"80":{"name":"is","line":875,"loc":{"start":{"line":875,"column":6},"end":{"line":875,"column":24}}},"81":{"name":"throws","line":879,"loc":{"start":{"line":879,"column":10},"end":{"line":879,"column":36}}},"82":{"name":"(anonymous_82)","line":918,"loc":{"start":{"line":918,"column":26},"end":{"line":918,"column":39}}},"83":{"name":"(anonymous_83)","line":919,"loc":{"start":{"line":919,"column":13},"end":{"line":919,"column":28}}},"84":{"name":"render$$1","line":922,"loc":{"start":{"line":922,"column":11},"end":{"line":922,"column":36}}},"85":{"name":"(anonymous_85)","line":923,"loc":{"start":{"line":923,"column":183},"end":{"line":923,"column":196}}},"86":{"name":"(anonymous_86)","line":925,"loc":{"start":{"line":925,"column":63},"end":{"line":925,"column":76}}},"87":{"name":"click","line":934,"loc":{"start":{"line":934,"column":13},"end":{"line":934,"column":31}}},"88":{"name":"render$$1","line":939,"loc":{"start":{"line":939,"column":12},"end":{"line":939,"column":33}}},"89":{"name":"(anonymous_89)","line":948,"loc":{"start":{"line":948,"column":27},"end":{"line":948,"column":42}}},"90":{"name":"(anonymous_90)","line":961,"loc":{"start":{"line":961,"column":39},"end":{"line":961,"column":52}}},"91":{"name":"(anonymous_91)","line":962,"loc":{"start":{"line":962,"column":13},"end":{"line":962,"column":28}}},"92":{"name":"render$$1","line":965,"loc":{"start":{"line":965,"column":11},"end":{"line":965,"column":32}}},"93":{"name":"(anonymous_93)","line":978,"loc":{"start":{"line":978,"column":13},"end":{"line":978,"column":28}}},"94":{"name":"render$$1","line":981,"loc":{"start":{"line":981,"column":11},"end":{"line":981,"column":32}}},"95":{"name":"(anonymous_95)","line":986,"loc":{"start":{"line":986,"column":13},"end":{"line":986,"column":28}}},"96":{"name":"render$$1","line":989,"loc":{"start":{"line":989,"column":11},"end":{"line":989,"column":32}}},"97":{"name":"(anonymous_97)","line":994,"loc":{"start":{"line":994,"column":13},"end":{"line":994,"column":28}}},"98":{"name":"render$$1","line":997,"loc":{"start":{"line":997,"column":11},"end":{"line":997,"column":32}}},"99":{"name":"(anonymous_99)","line":1003,"loc":{"start":{"line":1003,"column":13},"end":{"line":1003,"column":28}}},"100":{"name":"render$$1","line":1006,"loc":{"start":{"line":1006,"column":11},"end":{"line":1006,"column":32}}},"101":{"name":"(anonymous_101)","line":1015,"loc":{"start":{"line":1015,"column":28},"end":{"line":1015,"column":41}}},"102":{"name":"(anonymous_102)","line":1017,"loc":{"start":{"line":1017,"column":10},"end":{"line":1017,"column":22}}},"103":{"name":"(anonymous_103)","line":1018,"loc":{"start":{"line":1018,"column":14},"end":{"line":1018,"column":29}}},"104":{"name":"render$$1","line":1019,"loc":{"start":{"line":1019,"column":34},"end":{"line":1019,"column":55}}},"105":{"name":"mount$$1","line":1021,"loc":{"start":{"line":1021,"column":27},"end":{"line":1021,"column":47}}},"106":{"name":"(anonymous_106)","line":1028,"loc":{"start":{"line":1028,"column":10},"end":{"line":1028,"column":22}}},"107":{"name":"(anonymous_107)","line":1029,"loc":{"start":{"line":1029,"column":14},"end":{"line":1029,"column":29}}},"108":{"name":"render$$1","line":1030,"loc":{"start":{"line":1030,"column":34},"end":{"line":1030,"column":55}}},"109":{"name":"render$$1","line":1032,"loc":{"start":{"line":1032,"column":28},"end":{"line":1032,"column":49}}},"110":{"name":"(anonymous_110)","line":1038,"loc":{"start":{"line":1038,"column":10},"end":{"line":1038,"column":22}}},"111":{"name":"(anonymous_111)","line":1044,"loc":{"start":{"line":1044,"column":13},"end":{"line":1044,"column":28}}},"112":{"name":"render$$1","line":1045,"loc":{"start":{"line":1045,"column":33},"end":{"line":1045,"column":54}}},"113":{"name":"mount$$1","line":1047,"loc":{"start":{"line":1047,"column":26},"end":{"line":1047,"column":46}}},"114":{"name":"(anonymous_114)","line":1051,"loc":{"start":{"line":1051,"column":10},"end":{"line":1051,"column":22}}},"115":{"name":"(anonymous_115)","line":1052,"loc":{"start":{"line":1052,"column":14},"end":{"line":1052,"column":29}}},"116":{"name":"render$$1","line":1053,"loc":{"start":{"line":1053,"column":34},"end":{"line":1053,"column":59}}},"117":{"name":"(anonymous_117)","line":1054,"loc":{"start":{"line":1054,"column":33},"end":{"line":1054,"column":46}}},"118":{"name":"(anonymous_118)","line":1062,"loc":{"start":{"line":1062,"column":13},"end":{"line":1062,"column":28}}},"119":{"name":"render$$1","line":1063,"loc":{"start":{"line":1063,"column":33},"end":{"line":1063,"column":54}}},"120":{"name":"render$$1","line":1065,"loc":{"start":{"line":1065,"column":27},"end":{"line":1065,"column":48}}},"121":{"name":"(anonymous_121)","line":1069,"loc":{"start":{"line":1069,"column":10},"end":{"line":1069,"column":22}}},"122":{"name":"(anonymous_122)","line":1070,"loc":{"start":{"line":1070,"column":14},"end":{"line":1070,"column":29}}},"123":{"name":"render$$1","line":1071,"loc":{"start":{"line":1071,"column":34},"end":{"line":1071,"column":59}}},"124":{"name":"(anonymous_124)","line":1079,"loc":{"start":{"line":1079,"column":28},"end":{"line":1079,"column":40}}},"125":{"name":"(anonymous_125)","line":1082,"loc":{"start":{"line":1082,"column":13},"end":{"line":1082,"column":28}}},"126":{"name":"render$$1","line":1083,"loc":{"start":{"line":1083,"column":33},"end":{"line":1083,"column":54}}},"127":{"name":"(anonymous_127)","line":1090,"loc":{"start":{"line":1090,"column":35},"end":{"line":1090,"column":48}}},"128":{"name":"(anonymous_128)","line":1093,"loc":{"start":{"line":1093,"column":13},"end":{"line":1093,"column":28}}},"129":{"name":"render$$1","line":1096,"loc":{"start":{"line":1096,"column":11},"end":{"line":1096,"column":36}}},"130":{"name":"(anonymous_130)","line":1120,"loc":{"start":{"line":1120,"column":42},"end":{"line":1120,"column":55}}},"131":{"name":"(anonymous_131)","line":1130,"loc":{"start":{"line":1130,"column":13},"end":{"line":1130,"column":28}}},"132":{"name":"render$$1","line":1133,"loc":{"start":{"line":1133,"column":11},"end":{"line":1133,"column":32}}},"133":{"name":"(anonymous_133)","line":1139,"loc":{"start":{"line":1139,"column":13},"end":{"line":1139,"column":28}}},"134":{"name":"render$$1","line":1142,"loc":{"start":{"line":1142,"column":11},"end":{"line":1142,"column":32}}},"135":{"name":"(anonymous_135)","line":1148,"loc":{"start":{"line":1148,"column":13},"end":{"line":1148,"column":28}}},"136":{"name":"render$$1","line":1151,"loc":{"start":{"line":1151,"column":11},"end":{"line":1151,"column":36}}},"137":{"name":"checkStructure","line":1170,"loc":{"start":{"line":1170,"column":1},"end":{"line":1170,"column":27}}},"138":{"name":"(anonymous_138)","line":1185,"loc":{"start":{"line":1185,"column":26},"end":{"line":1185,"column":39}}},"139":{"name":"(anonymous_139)","line":1189,"loc":{"start":{"line":1189,"column":13},"end":{"line":1189,"column":28}}},"140":{"name":"render$$1","line":1192,"loc":{"start":{"line":1192,"column":11},"end":{"line":1192,"column":36}}},"141":{"name":"mount$$1","line":1197,"loc":{"start":{"line":1197,"column":11},"end":{"line":1197,"column":31}}},"142":{"name":"(anonymous_142)","line":1208,"loc":{"start":{"line":1208,"column":13},"end":{"line":1208,"column":28}}},"143":{"name":"render$$1","line":1211,"loc":{"start":{"line":1211,"column":11},"end":{"line":1211,"column":36}}},"144":{"name":"render$$1","line":1215,"loc":{"start":{"line":1215,"column":12},"end":{"line":1215,"column":33}}},"145":{"name":"mount$$1","line":1218,"loc":{"start":{"line":1218,"column":11},"end":{"line":1218,"column":31}}},"146":{"name":"(anonymous_146)","line":1229,"loc":{"start":{"line":1229,"column":32},"end":{"line":1229,"column":45}}},"147":{"name":"(anonymous_147)","line":1234,"loc":{"start":{"line":1234,"column":13},"end":{"line":1234,"column":28}}},"148":{"name":"render$$1","line":1237,"loc":{"start":{"line":1237,"column":11},"end":{"line":1237,"column":36}}},"149":{"name":"(anonymous_149)","line":1247,"loc":{"start":{"line":1247,"column":13},"end":{"line":1247,"column":28}}},"150":{"name":"render$$1","line":1250,"loc":{"start":{"line":1250,"column":11},"end":{"line":1250,"column":36}}},"151":{"name":"(anonymous_151)","line":1255,"loc":{"start":{"line":1255,"column":13},"end":{"line":1255,"column":28}}},"152":{"name":"render$$1","line":1258,"loc":{"start":{"line":1258,"column":11},"end":{"line":1258,"column":36}}},"153":{"name":"render$$1","line":1265,"loc":{"start":{"line":1265,"column":12},"end":{"line":1265,"column":33}}},"154":{"name":"mount$$1","line":1271,"loc":{"start":{"line":1271,"column":11},"end":{"line":1271,"column":31}}},"155":{"name":"(anonymous_155)","line":1284,"loc":{"start":{"line":1284,"column":38},"end":{"line":1284,"column":51}}},"156":{"name":"MyComponent","line":1288,"loc":{"start":{"line":1288,"column":13},"end":{"line":1288,"column":36}}},"157":{"name":"render$$1","line":1290,"loc":{"start":{"line":1290,"column":11},"end":{"line":1290,"column":32}}},"158":{"name":"(anonymous_158)","line":1300,"loc":{"start":{"line":1300,"column":10},"end":{"line":1300,"column":22}}},"159":{"name":"(anonymous_159)","line":1301,"loc":{"start":{"line":1301,"column":14},"end":{"line":1301,"column":26}}},"160":{"name":"render$$1","line":1303,"loc":{"start":{"line":1303,"column":12},"end":{"line":1303,"column":33}}},"161":{"name":"getNthChild","line":1311,"loc":{"start":{"line":1311,"column":0},"end":{"line":1311,"column":32}}},"162":{"name":"(anonymous_162)","line":1317,"loc":{"start":{"line":1317,"column":31},"end":{"line":1317,"column":44}}},"163":{"name":"(anonymous_163)","line":1319,"loc":{"start":{"line":1319,"column":16},"end":{"line":1319,"column":28}}},"164":{"name":"(anonymous_164)","line":1327,"loc":{"start":{"line":1327,"column":19},"end":{"line":1327,"column":35}}},"165":{"name":"(anonymous_165)","line":1335,"loc":{"start":{"line":1335,"column":33},"end":{"line":1335,"column":46}}},"166":{"name":"handler","line":1337,"loc":{"start":{"line":1337,"column":15},"end":{"line":1337,"column":34}}},"167":{"name":"(anonymous_167)","line":1346,"loc":{"start":{"line":1346,"column":20},"end":{"line":1346,"column":32}}},"168":{"name":"(anonymous_168)","line":1349,"loc":{"start":{"line":1349,"column":20},"end":{"line":1349,"column":32}}},"169":{"name":"(anonymous_169)","line":1352,"loc":{"start":{"line":1352,"column":20},"end":{"line":1352,"column":32}}},"170":{"name":"(anonymous_170)","line":1363,"loc":{"start":{"line":1363,"column":38},"end":{"line":1363,"column":51}}},"171":{"name":"(anonymous_171)","line":1366,"loc":{"start":{"line":1366,"column":17},"end":{"line":1366,"column":29}}},"172":{"name":"(anonymous_172)","line":1377,"loc":{"start":{"line":1377,"column":31},"end":{"line":1377,"column":44}}},"173":{"name":"(anonymous_173)","line":1381,"loc":{"start":{"line":1381,"column":23},"end":{"line":1381,"column":39}}},"174":{"name":"(anonymous_174)","line":1389,"loc":{"start":{"line":1389,"column":24},"end":{"line":1389,"column":41}}},"175":{"name":"(anonymous_175)","line":1397,"loc":{"start":{"line":1397,"column":26},"end":{"line":1397,"column":43}}},"176":{"name":"(anonymous_176)","line":1405,"loc":{"start":{"line":1405,"column":18},"end":{"line":1405,"column":30}}},"177":{"name":"handleStyles","line":1472,"loc":{"start":{"line":1472,"column":0},"end":{"line":1472,"column":39}}},"178":{"name":"(anonymous_178)","line":1473,"loc":{"start":{"line":1473,"column":29},"end":{"line":1473,"column":46}}},"179":{"name":"(anonymous_179)","line":1475,"loc":{"start":{"line":1475,"column":50},"end":{"line":1475,"column":75}}},"180":{"name":"(anonymous_180)","line":1479,"loc":{"start":{"line":1479,"column":40},"end":{"line":1479,"column":60}}},"181":{"name":"parse","line":1493,"loc":{"start":{"line":1493,"column":0},"end":{"line":1493,"column":21}}},"182":{"name":"getData","line":1510,"loc":{"start":{"line":1510,"column":1},"end":{"line":1510,"column":20}}},"183":{"name":"handleText","line":1515,"loc":{"start":{"line":1515,"column":1},"end":{"line":1515,"column":35}}},"184":{"name":"(anonymous_184)","line":1555,"loc":{"start":{"line":1555,"column":49},"end":{"line":1555,"column":66}}},"185":{"name":"makeAttributes","line":1578,"loc":{"start":{"line":1578,"column":1},"end":{"line":1578,"column":32}}},"186":{"name":"(anonymous_186)","line":1590,"loc":{"start":{"line":1590,"column":24},"end":{"line":1590,"column":43}}},"187":{"name":"(anonymous_187)","line":1591,"loc":{"start":{"line":1591,"column":78},"end":{"line":1591,"column":97}}},"188":{"name":"(anonymous_188)","line":1600,"loc":{"start":{"line":1600,"column":100},"end":{"line":1600,"column":122}}},"189":{"name":"(anonymous_189)","line":1693,"loc":{"start":{"line":1693,"column":46},"end":{"line":1693,"column":62}}},"190":{"name":"run","line":1698,"loc":{"start":{"line":1698,"column":0},"end":{"line":1698,"column":19}}},"191":{"name":"render$1","line":1702,"loc":{"start":{"line":1702,"column":0},"end":{"line":1702,"column":37}}},"192":{"name":"(anonymous_192)","line":1712,"loc":{"start":{"line":1712,"column":25},"end":{"line":1712,"column":38}}},"193":{"name":"(anonymous_193)","line":1727,"loc":{"start":{"line":1727,"column":21},"end":{"line":1727,"column":34}}},"194":{"name":"(anonymous_194)","line":1731,"loc":{"start":{"line":1731,"column":10},"end":{"line":1731,"column":22}}},"195":{"name":"(anonymous_195)","line":1740,"loc":{"start":{"line":1740,"column":25},"end":{"line":1740,"column":38}}},"196":{"name":"(anonymous_196)","line":1756,"loc":{"start":{"line":1756,"column":25},"end":{"line":1756,"column":38}}},"197":{"name":"test$$1","line":1760,"loc":{"start":{"line":1760,"column":44},"end":{"line":1760,"column":63}}},"198":{"name":"(anonymous_198)","line":1768,"loc":{"start":{"line":1768,"column":21},"end":{"line":1768,"column":34}}},"199":{"name":"(anonymous_199)","line":1779,"loc":{"start":{"line":1779,"column":10},"end":{"line":1779,"column":22}}},"200":{"name":"(anonymous_200)","line":1782,"loc":{"start":{"line":1782,"column":10},"end":{"line":1782,"column":22}}},"201":{"name":"(anonymous_201)","line":1787,"loc":{"start":{"line":1787,"column":28},"end":{"line":1787,"column":41}}},"202":{"name":"(anonymous_202)","line":1796,"loc":{"start":{"line":1796,"column":17},"end":{"line":1796,"column":30}}},"203":{"name":"(anonymous_203)","line":1800,"loc":{"start":{"line":1800,"column":23},"end":{"line":1800,"column":36}}},"204":{"name":"(anonymous_204)","line":1805,"loc":{"start":{"line":1805,"column":23},"end":{"line":1805,"column":36}}},"205":{"name":"value","line":1828,"loc":{"start":{"line":1828,"column":10},"end":{"line":1828,"column":27}}},"206":{"name":"(anonymous_206)","line":1834,"loc":{"start":{"line":1834,"column":21},"end":{"line":1834,"column":34}}},"207":{"name":"(anonymous_207)","line":1835,"loc":{"start":{"line":1835,"column":17},"end":{"line":1835,"column":40}}},"208":{"name":"(anonymous_208)","line":1839,"loc":{"start":{"line":1839,"column":17},"end":{"line":1839,"column":39}}},"209":{"name":"(anonymous_209)","line":1850,"loc":{"start":{"line":1850,"column":29},"end":{"line":1850,"column":42}}},"210":{"name":"(anonymous_210)","line":1855,"loc":{"start":{"line":1855,"column":38},"end":{"line":1855,"column":51}}},"211":{"name":"(anonymous_211)","line":1862,"loc":{"start":{"line":1862,"column":25},"end":{"line":1862,"column":38}}},"212":{"name":"(anonymous_212)","line":1869,"loc":{"start":{"line":1869,"column":29},"end":{"line":1869,"column":42}}},"213":{"name":"(anonymous_213)","line":1876,"loc":{"start":{"line":1876,"column":24},"end":{"line":1876,"column":37}}},"214":{"name":"(anonymous_214)","line":1887,"loc":{"start":{"line":1887,"column":32},"end":{"line":1887,"column":45}}},"215":{"name":"(anonymous_215)","line":1892,"loc":{"start":{"line":1892,"column":21},"end":{"line":1892,"column":34}}},"216":{"name":"(anonymous_216)","line":1909,"loc":{"start":{"line":1909,"column":17},"end":{"line":1909,"column":30}}},"217":{"name":"(anonymous_217)","line":1924,"loc":{"start":{"line":1924,"column":17},"end":{"line":1924,"column":39}}},"218":{"name":"(anonymous_218)","line":1925,"loc":{"start":{"line":1925,"column":32},"end":{"line":1925,"column":47}}},"219":{"name":"_import","line":1946,"loc":{"start":{"line":1946,"column":9},"end":{"line":1946,"column":35}}},"220":{"name":"runCode","line":1949,"loc":{"start":{"line":1949,"column":16},"end":{"line":1949,"column":39}}},"221":{"name":"setDocument","line":1965,"loc":{"start":{"line":1965,"column":0},"end":{"line":1965,"column":26}}},"222":{"name":"setComponentLoader","line":1968,"loc":{"start":{"line":1968,"column":0},"end":{"line":1968,"column":32}}},"223":{"name":"(anonymous_223)","line":1971,"loc":{"start":{"line":1971,"column":20},"end":{"line":1971,"column":36}}},"224":{"name":"collector","line":1986,"loc":{"start":{"line":1986,"column":16},"end":{"line":1986,"column":45}}},"225":{"name":"(anonymous_225)","line":1997,"loc":{"start":{"line":1997,"column":19},"end":{"line":1997,"column":42}}},"226":{"name":"(anonymous_226)","line":2003,"loc":{"start":{"line":2003,"column":21},"end":{"line":2003,"column":33}}},"227":{"name":"(anonymous_227)","line":2006,"loc":{"start":{"line":2006,"column":21},"end":{"line":2006,"column":33}}},"228":{"name":"(anonymous_228)","line":2009,"loc":{"start":{"line":2009,"column":103},"end":{"line":2009,"column":132}}},"229":{"name":"toJSON","line":2029,"loc":{"start":{"line":2029,"column":0},"end":{"line":2029,"column":21}}},"230":{"name":"(anonymous_230)","line":2039,"loc":{"start":{"line":2039,"column":23},"end":{"line":2039,"column":40}}},"231":{"name":"(anonymous_231)","line":2043,"loc":{"start":{"line":2043,"column":35},"end":{"line":2043,"column":52}}},"232":{"name":"renderComponent","line":2049,"loc":{"start":{"line":2049,"column":0},"end":{"line":2049,"column":47}}},"233":{"name":"(anonymous_233)","line":2059,"loc":{"start":{"line":2059,"column":23},"end":{"line":2059,"column":50}}},"234":{"name":"(anonymous_234)","line":2067,"loc":{"start":{"line":2067,"column":12},"end":{"line":2067,"column":27}}},"235":{"name":"(anonymous_235)","line":2073,"loc":{"start":{"line":2073,"column":57},"end":{"line":2073,"column":83}}},"236":{"name":"(anonymous_236)","line":2095,"loc":{"start":{"line":2095,"column":46},"end":{"line":2095,"column":63}}},"237":{"name":"(anonymous_237)","line":2106,"loc":{"start":{"line":2106,"column":21},"end":{"line":2106,"column":33}}},"238":{"name":"(anonymous_238)","line":2120,"loc":{"start":{"line":2120,"column":36},"end":{"line":2120,"column":49}}},"239":{"name":"(anonymous_239)","line":2122,"loc":{"start":{"line":2122,"column":13},"end":{"line":2122,"column":31}}},"240":{"name":"(anonymous_240)","line":2127,"loc":{"start":{"line":2127,"column":29},"end":{"line":2127,"column":42}}},"241":{"name":"(anonymous_241)","line":2129,"loc":{"start":{"line":2129,"column":13},"end":{"line":2129,"column":29}}},"242":{"name":"(anonymous_242)","line":2134,"loc":{"start":{"line":2134,"column":34},"end":{"line":2134,"column":47}}},"243":{"name":"(anonymous_243)","line":2136,"loc":{"start":{"line":2136,"column":13},"end":{"line":2136,"column":29}}},"244":{"name":"(anonymous_244)","line":2138,"loc":{"start":{"line":2138,"column":10},"end":{"line":2138,"column":23}}},"245":{"name":"sha1","line":2143,"loc":{"start":{"line":2143,"column":11},"end":{"line":2143,"column":31}}},"246":{"name":"require","line":2157,"loc":{"start":{"line":2157,"column":10},"end":{"line":2157,"column":29}}},"247":{"name":"(anonymous_247)","line":2162,"loc":{"start":{"line":2162,"column":21},"end":{"line":2162,"column":36}}},"248":{"name":"importTag","line":2167,"loc":{"start":{"line":2167,"column":0},"end":{"line":2167,"column":38}}},"249":{"name":"clearImports","line":2189,"loc":{"start":{"line":2189,"column":0},"end":{"line":2189,"column":24}}},"250":{"name":"clearEvents","line":2193,"loc":{"start":{"line":2193,"column":0},"end":{"line":2193,"column":23}}},"251":{"name":"(anonymous_251)","line":2194,"loc":{"start":{"line":2194,"column":30},"end":{"line":2194,"column":47}}},"252":{"name":"matchesSnapshot","line":2203,"loc":{"start":{"line":2203,"column":0},"end":{"line":2203,"column":27}}},"253":{"name":"(anonymous_253)","line":2216,"loc":{"start":{"line":2216,"column":49},"end":{"line":2216,"column":61}}},"254":{"name":"(anonymous_254)","line":2224,"loc":{"start":{"line":2224,"column":41},"end":{"line":2224,"column":53}}},"255":{"name":"(anonymous_255)","line":2230,"loc":{"start":{"line":2230,"column":16},"end":{"line":2230,"column":48}}},"256":{"name":"(anonymous_256)","line":2237,"loc":{"start":{"line":2237,"column":4},"end":{"line":2237,"column":19}}},"257":{"name":"(anonymous_257)","line":2251,"loc":{"start":{"line":2251,"column":33},"end":{"line":2251,"column":46}}},"258":{"name":"(anonymous_258)","line":2254,"loc":{"start":{"line":2254,"column":37},"end":{"line":2254,"column":51}}},"259":{"name":"(anonymous_259)","line":2257,"loc":{"start":{"line":2257,"column":73},"end":{"line":2257,"column":90}}},"260":{"name":"(anonymous_260)","line":2278,"loc":{"start":{"line":2278,"column":22},"end":{"line":2278,"column":38}}},"261":{"name":"(anonymous_261)","line":2291,"loc":{"start":{"line":2291,"column":23},"end":{"line":2291,"column":38}}},"262":{"name":"writeResult","line":2295,"loc":{"start":{"line":2295,"column":0},"end":{"line":2295,"column":29}}},"263":{"name":"(anonymous_263)","line":2301,"loc":{"start":{"line":2301,"column":25},"end":{"line":2301,"column":38}}},"264":{"name":"(anonymous_264)","line":2306,"loc":{"start":{"line":2306,"column":30},"end":{"line":2306,"column":43}}},"265":{"name":"(anonymous_265)","line":2308,"loc":{"start":{"line":2308,"column":22},"end":{"line":2308,"column":34}}},"266":{"name":"(anonymous_266)","line":2316,"loc":{"start":{"line":2316,"column":43},"end":{"line":2316,"column":56}}},"267":{"name":"(anonymous_267)","line":2325,"loc":{"start":{"line":2325,"column":41},"end":{"line":2325,"column":54}}},"268":{"name":"(anonymous_268)","line":2328,"loc":{"start":{"line":2328,"column":36},"end":{"line":2328,"column":49}}},"269":{"name":"(anonymous_269)","line":2330,"loc":{"start":{"line":2330,"column":65},"end":{"line":2330,"column":80}}},"270":{"name":"(anonymous_270)","line":2338,"loc":{"start":{"line":2338,"column":53},"end":{"line":2338,"column":66}}},"271":{"name":"(anonymous_271)","line":2342,"loc":{"start":{"line":2342,"column":40},"end":{"line":2342,"column":53}}},"272":{"name":"(anonymous_272)","line":2350,"loc":{"start":{"line":2350,"column":39},"end":{"line":2350,"column":52}}},"273":{"name":"(anonymous_273)","line":2357,"loc":{"start":{"line":2357,"column":34},"end":{"line":2357,"column":47}}},"274":{"name":"(anonymous_274)","line":2358,"loc":{"start":{"line":2358,"column":21},"end":{"line":2358,"column":33}}},"275":{"name":"(anonymous_275)","line":2361,"loc":{"start":{"line":2361,"column":10},"end":{"line":2361,"column":22}}},"276":{"name":"(anonymous_276)","line":2369,"loc":{"start":{"line":2369,"column":34},"end":{"line":2369,"column":47}}},"277":{"name":"(anonymous_277)","line":2375,"loc":{"start":{"line":2375,"column":11},"end":{"line":2375,"column":23}}},"278":{"name":"PropReceiver","line":2376,"loc":{"start":{"line":2376,"column":9},"end":{"line":2376,"column":33}}},"279":{"name":"(anonymous_279)","line":2377,"loc":{"start":{"line":2377,"column":17},"end":{"line":2377,"column":33}}},"280":{"name":"(anonymous_280)","line":2382,"loc":{"start":{"line":2382,"column":11},"end":{"line":2382,"column":23}}},"281":{"name":"PropContainer","line":2383,"loc":{"start":{"line":2383,"column":9},"end":{"line":2383,"column":34}}},"282":{"name":"(anonymous_282)","line":2384,"loc":{"start":{"line":2384,"column":17},"end":{"line":2384,"column":33}}}},"statementMap":{"1":{"start":{"line":3,"column":0},"end":{"line":3,"column":62}},"2":{"start":{"line":5,"column":0},"end":{"line":5,"column":114}},"3":{"start":{"line":5,"column":32},"end":{"line":5,"column":112}},"4":{"start":{"line":7,"column":0},"end":{"line":7,"column":52}},"5":{"start":{"line":8,"column":0},"end":{"line":8,"column":48}},"6":{"start":{"line":9,"column":0},"end":{"line":9,"column":57}},"7":{"start":{"line":10,"column":0},"end":{"line":10,"column":40}},"8":{"start":{"line":11,"column":0},"end":{"line":11,"column":44}},"9":{"start":{"line":12,"column":0},"end":{"line":12,"column":49}},"10":{"start":{"line":13,"column":0},"end":{"line":13,"column":31}},"11":{"start":{"line":14,"column":0},"end":{"line":14,"column":57}},"12":{"start":{"line":16,"column":0},"end":{"line":20,"column":2}},"13":{"start":{"line":17,"column":2},"end":{"line":17,"column":20}},"14":{"start":{"line":19,"column":2},"end":{"line":19,"column":127}},"15":{"start":{"line":28,"column":0},"end":{"line":42,"column":1}},"16":{"start":{"line":29,"column":1},"end":{"line":31,"column":2}},"17":{"start":{"line":30,"column":2},"end":{"line":30,"column":35}},"18":{"start":{"line":33,"column":1},"end":{"line":39,"column":2}},"19":{"start":{"line":34,"column":2},"end":{"line":38,"column":3}},"20":{"start":{"line":35,"column":3},"end":{"line":37,"column":4}},"21":{"start":{"line":36,"column":4},"end":{"line":36,"column":53}},"22":{"start":{"line":36,"column":30},"end":{"line":36,"column":53}},"23":{"start":{"line":41,"column":1},"end":{"line":41,"column":15}},"24":{"start":{"line":44,"column":0},"end":{"line":46,"column":1}},"25":{"start":{"line":45,"column":1},"end":{"line":45,"column":76}},"26":{"start":{"line":55,"column":0},"end":{"line":85,"column":1}},"27":{"start":{"line":56,"column":1},"end":{"line":57,"column":26}},"28":{"start":{"line":59,"column":1},"end":{"line":59,"column":33}},"29":{"start":{"line":59,"column":12},"end":{"line":59,"column":33}},"30":{"start":{"line":60,"column":1},"end":{"line":60,"column":33}},"31":{"start":{"line":60,"column":12},"end":{"line":60,"column":33}},"32":{"start":{"line":61,"column":1},"end":{"line":76,"column":4}},"33":{"start":{"line":62,"column":2},"end":{"line":62,"column":126}},"34":{"start":{"line":62,"column":119},"end":{"line":62,"column":126}},"35":{"start":{"line":63,"column":2},"end":{"line":75,"column":3}},"36":{"start":{"line":64,"column":3},"end":{"line":64,"column":27}},"37":{"start":{"line":65,"column":9},"end":{"line":75,"column":3}},"38":{"start":{"line":66,"column":3},"end":{"line":66,"column":39}},"39":{"start":{"line":67,"column":3},"end":{"line":67,"column":29}},"40":{"start":{"line":68,"column":3},"end":{"line":68,"column":27}},"41":{"start":{"line":69,"column":9},"end":{"line":75,"column":3}},"42":{"start":{"line":70,"column":3},"end":{"line":72,"column":4}},"43":{"start":{"line":71,"column":4},"end":{"line":71,"column":28}},"44":{"start":{"line":73,"column":9},"end":{"line":75,"column":3}},"45":{"start":{"line":74,"column":3},"end":{"line":74,"column":29}},"46":{"start":{"line":77,"column":1},"end":{"line":82,"column":4}},"47":{"start":{"line":78,"column":2},"end":{"line":78,"column":126}},"48":{"start":{"line":78,"column":119},"end":{"line":78,"column":126}},"49":{"start":{"line":79,"column":2},"end":{"line":81,"column":3}},"50":{"start":{"line":80,"column":3},"end":{"line":80,"column":27}},"51":{"start":{"line":83,"column":1},"end":{"line":83,"column":51}},"52":{"start":{"line":83,"column":37},"end":{"line":83,"column":51}},"53":{"start":{"line":84,"column":1},"end":{"line":84,"column":14}},"54":{"start":{"line":106,"column":0},"end":{"line":111,"column":1}},"55":{"start":{"line":107,"column":1},"end":{"line":110,"column":4}},"56":{"start":{"line":108,"column":2},"end":{"line":108,"column":33}},"57":{"start":{"line":109,"column":2},"end":{"line":109,"column":53}},"58":{"start":{"line":113,"column":0},"end":{"line":115,"column":1}},"59":{"start":{"line":114,"column":1},"end":{"line":114,"column":55}},"60":{"start":{"line":117,"column":0},"end":{"line":119,"column":2}},"61":{"start":{"line":118,"column":1},"end":{"line":118,"column":79}},"62":{"start":{"line":120,"column":0},"end":{"line":122,"column":2}},"63":{"start":{"line":121,"column":1},"end":{"line":121,"column":33}},"64":{"start":{"line":123,"column":0},"end":{"line":123,"column":40}},"65":{"start":{"line":125,"column":0},"end":{"line":125,"column":20}},"66":{"start":{"line":127,"column":0},"end":{"line":129,"column":1}},"67":{"start":{"line":128,"column":1},"end":{"line":128,"column":67}},"68":{"start":{"line":131,"column":0},"end":{"line":138,"column":1}},"69":{"start":{"line":132,"column":1},"end":{"line":132,"column":53}},"70":{"start":{"line":133,"column":1},"end":{"line":133,"column":31}},"71":{"start":{"line":133,"column":24},"end":{"line":133,"column":31}},"72":{"start":{"line":134,"column":1},"end":{"line":137,"column":2}},"73":{"start":{"line":135,"column":2},"end":{"line":135,"column":45}},"74":{"start":{"line":136,"column":2},"end":{"line":136,"column":30}},"75":{"start":{"line":136,"column":24},"end":{"line":136,"column":30}},"76":{"start":{"line":140,"column":0},"end":{"line":146,"column":1}},"77":{"start":{"line":141,"column":1},"end":{"line":143,"column":2}},"78":{"start":{"line":142,"column":2},"end":{"line":142,"column":24}},"79":{"start":{"line":144,"column":1},"end":{"line":144,"column":27}},"80":{"start":{"line":145,"column":1},"end":{"line":145,"column":50}},"81":{"start":{"line":148,"column":0},"end":{"line":159,"column":1}},"82":{"start":{"line":149,"column":1},"end":{"line":152,"column":2}},"83":{"start":{"line":150,"column":2},"end":{"line":150,"column":26}},"84":{"start":{"line":151,"column":2},"end":{"line":151,"column":52}},"85":{"start":{"line":153,"column":1},"end":{"line":158,"column":2}},"86":{"start":{"line":154,"column":2},"end":{"line":157,"column":3}},"87":{"start":{"line":155,"column":3},"end":{"line":155,"column":34}},"88":{"start":{"line":156,"column":3},"end":{"line":156,"column":61}},"89":{"start":{"line":161,"column":0},"end":{"line":166,"column":1}},"90":{"start":{"line":162,"column":1},"end":{"line":165,"column":4}},"91":{"start":{"line":163,"column":2},"end":{"line":163,"column":28}},"92":{"start":{"line":164,"column":2},"end":{"line":164,"column":18}},"93":{"start":{"line":168,"column":0},"end":{"line":168,"column":19}},"94":{"start":{"line":169,"column":0},"end":{"line":169,"column":21}},"95":{"start":{"line":170,"column":0},"end":{"line":172,"column":2}},"96":{"start":{"line":171,"column":1},"end":{"line":171,"column":13}},"97":{"start":{"line":174,"column":0},"end":{"line":176,"column":1}},"98":{"start":{"line":175,"column":1},"end":{"line":175,"column":65}},"99":{"start":{"line":178,"column":0},"end":{"line":188,"column":1}},"100":{"start":{"line":179,"column":1},"end":{"line":181,"column":18}},"101":{"start":{"line":182,"column":1},"end":{"line":186,"column":2}},"102":{"start":{"line":183,"column":2},"end":{"line":183,"column":26}},"103":{"start":{"line":184,"column":2},"end":{"line":184,"column":34}},"104":{"start":{"line":185,"column":2},"end":{"line":185,"column":12}},"105":{"start":{"line":187,"column":1},"end":{"line":187,"column":13}},"106":{"start":{"line":190,"column":0},"end":{"line":192,"column":1}},"107":{"start":{"line":191,"column":1},"end":{"line":191,"column":25}},"108":{"start":{"line":194,"column":0},"end":{"line":219,"column":1}},"109":{"start":{"line":195,"column":1},"end":{"line":197,"column":2}},"110":{"start":{"line":196,"column":2},"end":{"line":196,"column":39}},"111":{"start":{"line":199,"column":1},"end":{"line":199,"column":33}},"112":{"start":{"line":200,"column":1},"end":{"line":200,"column":31}},"113":{"start":{"line":201,"column":1},"end":{"line":201,"column":24}},"114":{"start":{"line":202,"column":1},"end":{"line":205,"column":4}},"115":{"start":{"line":203,"column":2},"end":{"line":203,"column":155}},"116":{"start":{"line":204,"column":2},"end":{"line":204,"column":49}},"117":{"start":{"line":206,"column":1},"end":{"line":206,"column":89}},"118":{"start":{"line":207,"column":1},"end":{"line":216,"column":3}},"119":{"start":{"line":211,"column":3},"end":{"line":211,"column":16}},"120":{"start":{"line":214,"column":3},"end":{"line":214,"column":41}},"121":{"start":{"line":217,"column":1},"end":{"line":217,"column":60}},"122":{"start":{"line":217,"column":38},"end":{"line":217,"column":60}},"123":{"start":{"line":218,"column":1},"end":{"line":218,"column":12}},"124":{"start":{"line":225,"column":0},"end":{"line":227,"column":1}},"125":{"start":{"line":226,"column":1},"end":{"line":226,"column":20}},"126":{"start":{"line":233,"column":0},"end":{"line":235,"column":1}},"127":{"start":{"line":234,"column":1},"end":{"line":234,"column":18}},"128":{"start":{"line":241,"column":0},"end":{"line":244,"column":1}},"129":{"start":{"line":242,"column":1},"end":{"line":242,"column":27}},"130":{"start":{"line":243,"column":1},"end":{"line":243,"column":16}},"131":{"start":{"line":252,"column":0},"end":{"line":272,"column":1}},"132":{"start":{"line":253,"column":1},"end":{"line":253,"column":31}},"133":{"start":{"line":253,"column":21},"end":{"line":253,"column":31}},"134":{"start":{"line":254,"column":1},"end":{"line":254,"column":149}},"135":{"start":{"line":254,"column":117},"end":{"line":254,"column":149}},"136":{"start":{"line":256,"column":1},"end":{"line":271,"column":13}},"137":{"start":{"line":257,"column":2},"end":{"line":270,"column":3}},"138":{"start":{"line":258,"column":3},"end":{"line":258,"column":21}},"139":{"start":{"line":259,"column":9},"end":{"line":270,"column":3}},"140":{"start":{"line":260,"column":3},"end":{"line":260,"column":30}},"141":{"start":{"line":262,"column":3},"end":{"line":264,"column":7}},"142":{"start":{"line":263,"column":4},"end":{"line":263,"column":60}},"143":{"start":{"line":265,"column":3},"end":{"line":269,"column":4}},"144":{"start":{"line":266,"column":4},"end":{"line":266,"column":111}},"145":{"start":{"line":268,"column":4},"end":{"line":268,"column":61}},"146":{"start":{"line":281,"column":0},"end":{"line":298,"column":1}},"147":{"start":{"line":282,"column":1},"end":{"line":282,"column":18}},"148":{"start":{"line":283,"column":1},"end":{"line":295,"column":2}},"149":{"start":{"line":285,"column":2},"end":{"line":285,"column":43}},"150":{"start":{"line":287,"column":2},"end":{"line":287,"column":45}},"151":{"start":{"line":289,"column":2},"end":{"line":291,"column":5}},"152":{"start":{"line":290,"column":3},"end":{"line":290,"column":55}},"153":{"start":{"line":293,"column":2},"end":{"line":293,"column":37}},"154":{"start":{"line":294,"column":2},"end":{"line":294,"column":27}},"155":{"start":{"line":297,"column":1},"end":{"line":297,"column":12}},"156":{"start":{"line":300,"column":0},"end":{"line":314,"column":1}},"157":{"start":{"line":302,"column":1},"end":{"line":313,"column":2}},"158":{"start":{"line":303,"column":2},"end":{"line":309,"column":3}},"159":{"start":{"line":304,"column":3},"end":{"line":304,"column":24}},"160":{"start":{"line":306,"column":3},"end":{"line":306,"column":45}},"161":{"start":{"line":307,"column":3},"end":{"line":307,"column":25}},"162":{"start":{"line":308,"column":3},"end":{"line":308,"column":36}},"163":{"start":{"line":312,"column":2},"end":{"line":312,"column":159}},"164":{"start":{"line":325,"column":0},"end":{"line":409,"column":1}},"165":{"start":{"line":326,"column":1},"end":{"line":326,"column":27}},"166":{"start":{"line":326,"column":20},"end":{"line":326,"column":27}},"167":{"start":{"line":327,"column":1},"end":{"line":371,"column":2}},"168":{"start":{"line":329,"column":2},"end":{"line":329,"column":63}},"169":{"start":{"line":329,"column":31},"end":{"line":329,"column":63}},"170":{"start":{"line":330,"column":2},"end":{"line":370,"column":3}},"171":{"start":{"line":332,"column":3},"end":{"line":369,"column":4}},"172":{"start":{"line":334,"column":4},"end":{"line":334,"column":68}},"173":{"start":{"line":336,"column":4},"end":{"line":336,"column":50}},"174":{"start":{"line":338,"column":4},"end":{"line":355,"column":5}},"175":{"start":{"line":340,"column":5},"end":{"line":354,"column":6}},"176":{"start":{"line":342,"column":6},"end":{"line":345,"column":7}},"177":{"start":{"line":344,"column":7},"end":{"line":344,"column":47}},"178":{"start":{"line":348,"column":6},"end":{"line":353,"column":7}},"179":{"start":{"line":350,"column":7},"end":{"line":350,"column":105}},"180":{"start":{"line":352,"column":7},"end":{"line":352,"column":53}},"181":{"start":{"line":357,"column":4},"end":{"line":357,"column":18}},"182":{"start":{"line":358,"column":4},"end":{"line":368,"column":5}},"183":{"start":{"line":359,"column":5},"end":{"line":359,"column":39}},"184":{"start":{"line":361,"column":5},"end":{"line":366,"column":6}},"185":{"start":{"line":363,"column":6},"end":{"line":363,"column":38}},"186":{"start":{"line":364,"column":6},"end":{"line":364,"column":16}},"187":{"start":{"line":365,"column":6},"end":{"line":365,"column":15}},"188":{"start":{"line":367,"column":5},"end":{"line":367,"column":16}},"189":{"start":{"line":374,"column":1},"end":{"line":374,"column":87}},"190":{"start":{"line":375,"column":1},"end":{"line":399,"column":2}},"191":{"start":{"line":376,"column":2},"end":{"line":376,"column":58}},"192":{"start":{"line":376,"column":21},"end":{"line":376,"column":58}},"193":{"start":{"line":377,"column":2},"end":{"line":377,"column":41}},"194":{"start":{"line":378,"column":2},"end":{"line":398,"column":3}},"195":{"start":{"line":380,"column":3},"end":{"line":380,"column":50}},"196":{"start":{"line":381,"column":9},"end":{"line":398,"column":3}},"197":{"start":{"line":384,"column":3},"end":{"line":389,"column":4}},"198":{"start":{"line":385,"column":4},"end":{"line":385,"column":45}},"199":{"start":{"line":386,"column":10},"end":{"line":389,"column":4}},"200":{"start":{"line":388,"column":4},"end":{"line":388,"column":62}},"201":{"start":{"line":390,"column":9},"end":{"line":398,"column":3}},"202":{"start":{"line":392,"column":3},"end":{"line":397,"column":4}},"203":{"start":{"line":394,"column":4},"end":{"line":394,"column":39}},"204":{"start":{"line":396,"column":4},"end":{"line":396,"column":45}},"205":{"start":{"line":400,"column":1},"end":{"line":407,"column":2}},"206":{"start":{"line":402,"column":2},"end":{"line":406,"column":3}},"207":{"start":{"line":403,"column":3},"end":{"line":403,"column":44}},"208":{"start":{"line":404,"column":3},"end":{"line":404,"column":14}},"209":{"start":{"line":405,"column":3},"end":{"line":405,"column":16}},"210":{"start":{"line":408,"column":1},"end":{"line":408,"column":26}},"211":{"start":{"line":411,"column":0},"end":{"line":419,"column":2}},"212":{"start":{"line":412,"column":1},"end":{"line":412,"column":17}},"213":{"start":{"line":413,"column":1},"end":{"line":416,"column":2}},"214":{"start":{"line":415,"column":2},"end":{"line":415,"column":29}},"215":{"start":{"line":417,"column":1},"end":{"line":417,"column":26}},"216":{"start":{"line":418,"column":1},"end":{"line":418,"column":11}},"217":{"start":{"line":421,"column":0},"end":{"line":423,"column":2}},"218":{"start":{"line":422,"column":1},"end":{"line":422,"column":26}},"219":{"start":{"line":425,"column":0},"end":{"line":425,"column":21}},"220":{"start":{"line":426,"column":0},"end":{"line":426,"column":22}},"221":{"start":{"line":427,"column":0},"end":{"line":456,"column":2}},"222":{"start":{"line":434,"column":2},"end":{"line":434,"column":14}},"223":{"start":{"line":438,"column":2},"end":{"line":438,"column":27}},"224":{"start":{"line":439,"column":2},"end":{"line":453,"column":3}},"225":{"start":{"line":440,"column":3},"end":{"line":440,"column":23}},"226":{"start":{"line":441,"column":3},"end":{"line":443,"column":4}},"227":{"start":{"line":442,"column":4},"end":{"line":442,"column":40}},"228":{"start":{"line":444,"column":3},"end":{"line":444,"column":24}},"229":{"start":{"line":446,"column":3},"end":{"line":446,"column":27}},"230":{"start":{"line":447,"column":3},"end":{"line":449,"column":6}},"231":{"start":{"line":448,"column":4},"end":{"line":448,"column":33}},"232":{"start":{"line":450,"column":3},"end":{"line":452,"column":4}},"233":{"start":{"line":451,"column":4},"end":{"line":451,"column":107}},"234":{"start":{"line":454,"column":2},"end":{"line":454,"column":55}},"235":{"start":{"line":458,"column":0},"end":{"line":460,"column":1}},"236":{"start":{"line":459,"column":1},"end":{"line":459,"column":21}},"237":{"start":{"line":461,"column":0},"end":{"line":463,"column":1}},"238":{"start":{"line":462,"column":1},"end":{"line":462,"column":26}},"239":{"start":{"line":464,"column":0},"end":{"line":466,"column":1}},"240":{"start":{"line":465,"column":1},"end":{"line":465,"column":18}},"241":{"start":{"line":465,"column":18},"end":{"line":465,"column":39}},"242":{"start":{"line":467,"column":0},"end":{"line":508,"column":1}},"243":{"start":{"line":468,"column":1},"end":{"line":469,"column":69}},"244":{"start":{"line":470,"column":1},"end":{"line":475,"column":2}},"245":{"start":{"line":471,"column":2},"end":{"line":471,"column":87}},"246":{"start":{"line":472,"column":2},"end":{"line":474,"column":3}},"247":{"start":{"line":473,"column":3},"end":{"line":473,"column":113}},"248":{"start":{"line":476,"column":1},"end":{"line":478,"column":36}},"249":{"start":{"line":477,"column":2},"end":{"line":477,"column":25}},"250":{"start":{"line":480,"column":1},"end":{"line":489,"column":2}},"251":{"start":{"line":481,"column":2},"end":{"line":481,"column":29}},"252":{"start":{"line":482,"column":2},"end":{"line":488,"column":4}},"253":{"start":{"line":491,"column":1},"end":{"line":498,"column":2}},"254":{"start":{"line":494,"column":2},"end":{"line":496,"column":5}},"255":{"start":{"line":495,"column":3},"end":{"line":495,"column":51}},"256":{"start":{"line":497,"column":2},"end":{"line":497,"column":9}},"257":{"start":{"line":500,"column":1},"end":{"line":500,"column":77}},"258":{"start":{"line":501,"column":1},"end":{"line":501,"column":78}},"259":{"start":{"line":502,"column":1},"end":{"line":502,"column":37}},"260":{"start":{"line":505,"column":1},"end":{"line":507,"column":4}},"261":{"start":{"line":506,"column":2},"end":{"line":506,"column":50}},"262":{"start":{"line":510,"column":0},"end":{"line":516,"column":1}},"263":{"start":{"line":511,"column":1},"end":{"line":511,"column":37}},"264":{"start":{"line":511,"column":27},"end":{"line":511,"column":37}},"265":{"start":{"line":512,"column":1},"end":{"line":512,"column":52}},"266":{"start":{"line":513,"column":1},"end":{"line":513,"column":54}},"267":{"start":{"line":513,"column":44},"end":{"line":513,"column":54}},"268":{"start":{"line":514,"column":1},"end":{"line":514,"column":54}},"269":{"start":{"line":514,"column":19},"end":{"line":514,"column":54}},"270":{"start":{"line":515,"column":1},"end":{"line":515,"column":81}},"271":{"start":{"line":518,"column":0},"end":{"line":526,"column":1}},"272":{"start":{"line":519,"column":1},"end":{"line":519,"column":43}},"273":{"start":{"line":519,"column":36},"end":{"line":519,"column":43}},"274":{"start":{"line":520,"column":1},"end":{"line":520,"column":32}},"275":{"start":{"line":521,"column":1},"end":{"line":521,"column":24}},"276":{"start":{"line":521,"column":17},"end":{"line":521,"column":24}},"277":{"start":{"line":522,"column":1},"end":{"line":525,"column":4}},"278":{"start":{"line":528,"column":0},"end":{"line":530,"column":1}},"279":{"start":{"line":529,"column":1},"end":{"line":529,"column":18}},"280":{"start":{"line":532,"column":0},"end":{"line":591,"column":1}},"281":{"start":{"line":534,"column":1},"end":{"line":534,"column":42}},"282":{"start":{"line":534,"column":35},"end":{"line":534,"column":42}},"283":{"start":{"line":535,"column":1},"end":{"line":535,"column":41}},"284":{"start":{"line":538,"column":1},"end":{"line":552,"column":2}},"285":{"start":{"line":539,"column":2},"end":{"line":539,"column":32}},"286":{"start":{"line":541,"column":2},"end":{"line":545,"column":3}},"287":{"start":{"line":542,"column":3},"end":{"line":542,"column":31}},"288":{"start":{"line":543,"column":3},"end":{"line":543,"column":32}},"289":{"start":{"line":544,"column":3},"end":{"line":544,"column":43}},"290":{"start":{"line":546,"column":2},"end":{"line":546,"column":24}},"291":{"start":{"line":548,"column":2},"end":{"line":548,"column":66}},"292":{"start":{"line":549,"column":2},"end":{"line":549,"column":22}},"293":{"start":{"line":550,"column":2},"end":{"line":550,"column":53}},"294":{"start":{"line":551,"column":2},"end":{"line":551,"column":25}},"295":{"start":{"line":553,"column":1},"end":{"line":555,"column":2}},"296":{"start":{"line":553,"column":20},"end":{"line":555,"column":2}},"297":{"start":{"line":554,"column":2},"end":{"line":554,"column":21}},"298":{"start":{"line":556,"column":1},"end":{"line":556,"column":88}},"299":{"start":{"line":557,"column":1},"end":{"line":557,"column":17}},"300":{"start":{"line":558,"column":1},"end":{"line":558,"column":22}},"301":{"start":{"line":561,"column":1},"end":{"line":561,"column":80}},"302":{"start":{"line":564,"column":1},"end":{"line":572,"column":4}},"303":{"start":{"line":567,"column":2},"end":{"line":567,"column":57}},"304":{"start":{"line":568,"column":2},"end":{"line":568,"column":76}},"305":{"start":{"line":568,"column":18},"end":{"line":568,"column":76}},"306":{"start":{"line":569,"column":2},"end":{"line":569,"column":19}},"307":{"start":{"line":571,"column":2},"end":{"line":571,"column":46}},"308":{"start":{"line":574,"column":1},"end":{"line":574,"column":146}},"309":{"start":{"line":576,"column":1},"end":{"line":578,"column":2}},"310":{"start":{"line":577,"column":2},"end":{"line":577,"column":40}},"311":{"start":{"line":580,"column":1},"end":{"line":590,"column":2}},"312":{"start":{"line":582,"column":2},"end":{"line":582,"column":70}},"313":{"start":{"line":584,"column":2},"end":{"line":587,"column":5}},"314":{"start":{"line":585,"column":3},"end":{"line":585,"column":41}},"315":{"start":{"line":586,"column":3},"end":{"line":586,"column":55}},"316":{"start":{"line":589,"column":2},"end":{"line":589,"column":19}},"317":{"start":{"line":593,"column":0},"end":{"line":601,"column":1}},"318":{"start":{"line":594,"column":1},"end":{"line":600,"column":2}},"319":{"start":{"line":596,"column":2},"end":{"line":596,"column":79}},"320":{"start":{"line":599,"column":2},"end":{"line":599,"column":54}},"321":{"start":{"line":603,"column":0},"end":{"line":651,"column":1}},"322":{"start":{"line":604,"column":1},"end":{"line":607,"column":24}},"323":{"start":{"line":610,"column":1},"end":{"line":619,"column":2}},"324":{"start":{"line":611,"column":2},"end":{"line":611,"column":30}},"325":{"start":{"line":612,"column":2},"end":{"line":618,"column":3}},"326":{"start":{"line":613,"column":3},"end":{"line":617,"column":4}},"327":{"start":{"line":614,"column":4},"end":{"line":614,"column":32}},"328":{"start":{"line":616,"column":4},"end":{"line":616,"column":70}},"329":{"start":{"line":621,"column":1},"end":{"line":621,"column":57}},"330":{"start":{"line":622,"column":1},"end":{"line":633,"column":2}},"331":{"start":{"line":623,"column":2},"end":{"line":632,"column":5}},"332":{"start":{"line":625,"column":4},"end":{"line":625,"column":18}},"333":{"start":{"line":626,"column":4},"end":{"line":626,"column":24}},"334":{"start":{"line":627,"column":4},"end":{"line":627,"column":50}},"335":{"start":{"line":630,"column":4},"end":{"line":630,"column":19}},"336":{"start":{"line":634,"column":1},"end":{"line":637,"column":3}},"337":{"start":{"line":635,"column":2},"end":{"line":635,"column":35}},"338":{"start":{"line":636,"column":2},"end":{"line":636,"column":39}},"339":{"start":{"line":640,"column":1},"end":{"line":640,"column":66}},"340":{"start":{"line":641,"column":1},"end":{"line":641,"column":32}},"341":{"start":{"line":643,"column":1},"end":{"line":650,"column":2}},"342":{"start":{"line":644,"column":2},"end":{"line":644,"column":22}},"343":{"start":{"line":645,"column":2},"end":{"line":645,"column":42}},"344":{"start":{"line":646,"column":2},"end":{"line":646,"column":22}},"345":{"start":{"line":648,"column":2},"end":{"line":648,"column":91}},"346":{"start":{"line":649,"column":2},"end":{"line":649,"column":10}},"347":{"start":{"line":653,"column":0},"end":{"line":784,"column":1}},"348":{"start":{"line":654,"column":1},"end":{"line":654,"column":128}},"349":{"start":{"line":656,"column":1},"end":{"line":659,"column":26}},"350":{"start":{"line":662,"column":1},"end":{"line":662,"column":30}},"351":{"start":{"line":663,"column":1},"end":{"line":663,"column":20}},"352":{"start":{"line":664,"column":1},"end":{"line":664,"column":31}},"353":{"start":{"line":665,"column":1},"end":{"line":665,"column":19}},"354":{"start":{"line":667,"column":1},"end":{"line":684,"column":2}},"355":{"start":{"line":668,"column":2},"end":{"line":668,"column":84}},"356":{"start":{"line":670,"column":2},"end":{"line":670,"column":14}},"357":{"start":{"line":671,"column":2},"end":{"line":682,"column":3}},"358":{"start":{"line":672,"column":3},"end":{"line":681,"column":4}},"359":{"start":{"line":673,"column":4},"end":{"line":673,"column":124}},"360":{"start":{"line":675,"column":4},"end":{"line":675,"column":24}},"361":{"start":{"line":676,"column":4},"end":{"line":679,"column":5}},"362":{"start":{"line":677,"column":5},"end":{"line":677,"column":30}},"363":{"start":{"line":678,"column":5},"end":{"line":678,"column":47}},"364":{"start":{"line":680,"column":4},"end":{"line":680,"column":36}},"365":{"start":{"line":683,"column":2},"end":{"line":683,"column":13}},"366":{"start":{"line":685,"column":1},"end":{"line":685,"column":15}},"367":{"start":{"line":686,"column":1},"end":{"line":686,"column":31}},"368":{"start":{"line":688,"column":1},"end":{"line":691,"column":2}},"369":{"start":{"line":690,"column":2},"end":{"line":690,"column":108}},"370":{"start":{"line":692,"column":1},"end":{"line":692,"column":23}},"371":{"start":{"line":694,"column":1},"end":{"line":700,"column":2}},"372":{"start":{"line":696,"column":2},"end":{"line":696,"column":38}},"373":{"start":{"line":697,"column":2},"end":{"line":697,"column":94}},"374":{"start":{"line":699,"column":2},"end":{"line":699,"column":77}},"375":{"start":{"line":703,"column":1},"end":{"line":703,"column":43}},"376":{"start":{"line":707,"column":1},"end":{"line":707,"column":40}},"377":{"start":{"line":708,"column":1},"end":{"line":725,"column":2}},"378":{"start":{"line":709,"column":2},"end":{"line":709,"column":39}},"379":{"start":{"line":712,"column":2},"end":{"line":715,"column":40}},"380":{"start":{"line":716,"column":2},"end":{"line":724,"column":3}},"381":{"start":{"line":718,"column":3},"end":{"line":718,"column":103}},"382":{"start":{"line":720,"column":3},"end":{"line":720,"column":41}},"383":{"start":{"line":721,"column":3},"end":{"line":721,"column":41}},"384":{"start":{"line":722,"column":3},"end":{"line":722,"column":46}},"385":{"start":{"line":723,"column":3},"end":{"line":723,"column":73}},"386":{"start":{"line":727,"column":1},"end":{"line":733,"column":2}},"387":{"start":{"line":729,"column":2},"end":{"line":729,"column":60}},"388":{"start":{"line":731,"column":2},"end":{"line":731,"column":32}},"389":{"start":{"line":732,"column":2},"end":{"line":732,"column":46}},"390":{"start":{"line":734,"column":1},"end":{"line":734,"column":34}},"391":{"start":{"line":735,"column":1},"end":{"line":735,"column":26}},"392":{"start":{"line":737,"column":1},"end":{"line":737,"column":26}},"393":{"start":{"line":739,"column":1},"end":{"line":759,"column":24}},"394":{"start":{"line":740,"column":2},"end":{"line":744,"column":3}},"395":{"start":{"line":741,"column":3},"end":{"line":741,"column":57}},"396":{"start":{"line":742,"column":3},"end":{"line":742,"column":24}},"397":{"start":{"line":743,"column":3},"end":{"line":743,"column":9}},"398":{"start":{"line":746,"column":2},"end":{"line":758,"column":3}},"399":{"start":{"line":747,"column":3},"end":{"line":757,"column":4}},"400":{"start":{"line":749,"column":4},"end":{"line":749,"column":46}},"401":{"start":{"line":751,"column":4},"end":{"line":755,"column":5}},"402":{"start":{"line":752,"column":5},"end":{"line":752,"column":141}},"403":{"start":{"line":753,"column":5},"end":{"line":753,"column":25}},"404":{"start":{"line":754,"column":5},"end":{"line":754,"column":11}},"405":{"start":{"line":756,"column":4},"end":{"line":756,"column":96}},"406":{"start":{"line":760,"column":1},"end":{"line":760,"column":23}},"407":{"start":{"line":763,"column":1},"end":{"line":781,"column":2}},"408":{"start":{"line":765,"column":2},"end":{"line":771,"column":5}},"409":{"start":{"line":766,"column":3},"end":{"line":770,"column":4}},"410":{"start":{"line":767,"column":4},"end":{"line":767,"column":111}},"411":{"start":{"line":769,"column":4},"end":{"line":769,"column":118}},"412":{"start":{"line":773,"column":2},"end":{"line":777,"column":3}},"413":{"start":{"line":774,"column":3},"end":{"line":774,"column":66}},"414":{"start":{"line":776,"column":3},"end":{"line":776,"column":108}},"415":{"start":{"line":780,"column":2},"end":{"line":780,"column":73}},"416":{"start":{"line":783,"column":1},"end":{"line":783,"column":107}},"417":{"start":{"line":786,"column":0},"end":{"line":805,"column":1}},"418":{"start":{"line":787,"column":1},"end":{"line":788,"column":31}},"419":{"start":{"line":789,"column":1},"end":{"line":804,"column":2}},"420":{"start":{"line":790,"column":2},"end":{"line":797,"column":5}},"421":{"start":{"line":791,"column":3},"end":{"line":791,"column":31}},"422":{"start":{"line":794,"column":3},"end":{"line":796,"column":4}},"423":{"start":{"line":795,"column":4},"end":{"line":795,"column":36}},"424":{"start":{"line":798,"column":2},"end":{"line":803,"column":3}},"425":{"st
[...]
type":"cond-expr","locations":[{"start":{"line":923,"column":94},"end":{"line":925,"column":6}},{"start":{"line":925,"column":9},"end":{"line":925,"column":11}}]},"198":{"line":923,"type":"binary-expr","locations":[{"start":{"line":923,"column":61},"end":{"line":923,"column":71}},{"start":{"line":923,"column":75},"end":{"line":923,"column":91}}]},"199":{"line":923,"type":"cond-expr","locations":[{"start":{"line":923,"column":140},"end":{"line":923,"column":156}},{"start":{"line":923,"column":159},"end":{"line":923,"column":177}}]},"200":{"line":925,"type":"binary-expr","locations":[{"start":{"line":925,"column":30},"end":{"line":925,"column":41}},{"start":{"line":925,"column":45},"end":{"line":927,"column":6}},{"start":{"line":927,"column":10},"end":{"line":927,"column":12}}]},"201":{"line":1097,"type":"cond-expr","locations":[{"start":{"line":1097,"column":54},"end":{"line":1097,"column":57}},{"start":{"line":1097,"column":60},"end":{"line":1097,"column":66}}]},"202":{"line":1386,"type":"cond-expr","locations":[{"start":{"line":1386,"column":37},"end":{"line":1386,"column":48}},{"start":{"line":1386,"column":51},"end":{"line":1386,"column":64}}]},"203":{"line":1387,"type":"cond-expr","locations":[{"start":{"line":1387,"column":37},"end":{"line":1387,"column":48}},{"start":{"line":1387,"column":51},"end":{"line":1387,"column":64}}]},"204":{"line":1394,"type":"cond-expr","locations":[{"start":{"line":1394,"column":37},"end":{"line":1394,"column":48}},{"start":{"line":1394,"column":51},"end":{"line":1394,"column":64}}]},"205":{"line":1395,"type":"cond-expr","locations":[{"start":{"line":1395,"column":35},"end":{"line":1395,"column":46}},{"start":{"line":1395,"column":49},"end":{"line":1395,"column":60}}]},"206":{"line":1402,"type":"cond-expr","locations":[{"start":{"line":1402,"column":37},"end":{"line":1402,"column":48}},{"start":{"line":1402,"column":51},"end":{"line":1402,"column":64}}]},"207":{"line":1403,"type":"cond-expr","locations":[{"start":{"line":1403,"column":35},"end":{"line":1403,"column":46}},{"start":{"line":1403,"column":49},"end":{"line":1403,"column":60}}]},"208":{"line":1473,"type":"binary-expr","locations":[{"start":{"line":1473,"column":11},"end":{"line":1473,"column":17}},{"start":{"line":1473,"column":21},"end":{"line":1473,"column":23}}]},"209":{"line":1476,"type":"if","locations":[{"start":{"line":1476,"column":3},"end":{"line":1476,"column":3}},{"start":{"line":1476,"column":3},"end":{"line":1476,"column":3}}]},"210":{"line":1481,"type":"if","locations":[{"start":{"line":1481,"column":4},"end":{"line":1481,"column":4}},{"start":{"line":1481,"column":4},"end":{"line":1481,"column":4}}]},"211":{"line":1481,"type":"binary-expr","locations":[{"start":{"line":1481,"column":8},"end":{"line":1481,"column":33}},{"start":{"line":1481,"column":37},"end":{"line":1481,"column":90}},{"start":{"line":1481,"column":94},"end":{"line":1481,"column":160}}]},"212":{"line":1511,"type":"cond-expr","locations":[{"start":{"line":1511,"column":33},"end":{"line":1511,"column":35}},{"start":{"line":1511,"column":38},"end":{"line":1511,"column":49}}]},"213":{"line":1519,"type":"cond-expr","locations":[{"start":{"line":1519,"column":21},"end":{"line":1519,"column":26}},{"start":{"line":1519,"column":29},"end":{"line":1519,"column":33}}]},"214":{"line":1520,"type":"if","locations":[{"start":{"line":1520,"column":2},"end":{"line":1520,"column":2}},{"start":{"line":1520,"column":2},"end":{"line":1520,"column":2}}]},"215":{"line":1525,"type":"if","locations":[{"start":{"line":1525,"column":3},"end":{"line":1525,"column":3}},{"start":{"line":1525,"column":3},"end":{"line":1525,"column":3}}]},"216":{"line":1527,"type":"if","locations":[{"start":{"line":1527,"column":3},"end":{"line":1527,"column":3}},{"start":{"line":1527,"column":3},"end":{"line":1527,"column":3}}]},"217":{"line":1534,"type":"if","locations":[{"start":{"line":1534,"column":3},"end":{"line":1534,"column":3}},{"start":{"line":1534,"column":3},"end":{"line":1534,"column":3}}]},"218":{"line":1536,"type":"cond-expr","locations":[{"start":{"line":1536,"column":169},"end":{"line":1536,"column":171}},{"start":{"line":1536,"column":174},"end":{"line":1536,"column":185}}]},"219":{"line":1540,"type":"if","locations":[{"start":{"line":1540,"column":10},"end":{"line":1540,"column":10}},{"start":{"line":1540,"column":10},"end":{"line":1540,"column":10}}]},"220":{"line":1542,"type":"cond-expr","locations":[{"start":{"line":1542,"column":39},"end":{"line":1542,"column":50}},{"start":{"line":1542,"column":53},"end":{"line":1542,"column":55}}]},"221":{"line":1544,"type":"if","locations":[{"start":{"line":1544,"column":4},"end":{"line":1544,"column":4}},{"start":{"line":1544,"column":4},"end":{"line":1544,"column":4}}]},"222":{"line":1547,"type":"if","locations":[{"start":{"line":1547,"column":10},"end":{"line":1547,"column":10}},{"start":{"line":1547,"column":10},"end":{"line":1547,"column":10}}]},"223":{"line":1549,"type":"cond-expr","locations":[{"start":{"line":1549,"column":306},"end":{"line":1549,"column":308}},{"start":{"line":1549,"column":311},"end":{"line":1549,"column":322}}]},"224":{"line":1553,"type":"if","locations":[{"start":{"line":1553,"column":10},"end":{"line":1553,"column":10}},{"start":{"line":1553,"column":10},"end":{"line":1553,"column":10}}]},"225":{"line":1559,"type":"if","locations":[{"start":{"line":1559,"column":10},"end":{"line":1559,"column":10}},{"start":{"line":1559,"column":10},"end":{"line":1559,"column":10}}]},"226":{"line":1562,"type":"if","locations":[{"start":{"line":1562,"column":10},"end":{"line":1562,"column":10}},{"start":{"line":1562,"column":10},"end":{"line":1562,"column":10}}]},"227":{"line":1562,"type":"binary-expr","locations":[{"start":{"line":1562,"column":14},"end":{"line":1562,"column":28}},{"start":{"line":1562,"column":32},"end":{"line":1562,"column":46}}]},"228":{"line":1566,"type":"if","locations":[{"start":{"line":1566,"column":10},"end":{"line":1566,"column":10}},{"start":{"line":1566,"column":10},"end":{"line":1566,"column":10}}]},"229":{"line":1571,"type":"if","locations":[{"start":{"line":1571,"column":2},"end":{"line":1571,"column":2}},{"start":{"line":1571,"column":2},"end":{"line":1571,"column":2}}]},"230":{"line":1583,"type":"if","locations":[{"start":{"line":1583,"column":3},"end":{"line":1583,"column":3}},{"start":{"line":1583,"column":3},"end":{"line":1583,"column":3}}]},"231":{"line":1584,"type":"binary-expr","locations":[{"start":{"line":1584,"column":66},"end":{"line":1584,"column":73}},{"start":{"line":1584,"column":77},"end":{"line":1584,"column":84}},{"start":{"line":1584,"column":88},"end":{"line":1584,"column":90}}]},"232":{"line":1594,"type":"if","locations":[{"start":{"line":1594,"column":2},"end":{"line":1594,"column":2}},{"start":{"line":1594,"column":2},"end":{"line":1594,"column":2}}]},"233":{"line":1601,"type":"if","locations":[{"start":{"line":1601,"column":2},"end":{"line":1601,"column":2}},{"start":{"line":1601,"column":2},"end":{"line":1601,"column":2}}]},"234":{"line":1604,"type":"if","locations":[{"start":{"line":1604,"column":3},"end":{"line":1604,"column":3}},{"start":{"line":1604,"column":3},"end":{"line":1604,"column":3}}]},"235":{"line":1604,"type":"binary-expr","locations":[{"start":{"line":1604,"column":7},"end":{"line":1604,"column":8}},{"start":{"line":1604,"column":12},"end":{"line":1604,"column":62}}]},"236":{"line":1605,"type":"binary-expr","locations":[{"start":{"line":1605,"column":30},"end":{"line":1605,"column":39}},{"start":{"line":1605,"column":43},"end":{"line":1605,"column":52}}]},"237":{"line":1615,"type":"if","locations":[{"start":{"line":1615,"column":1},"end":{"line":1615,"column":1}},{"start":{"line":1615,"column":1},"end":{"line":1615,"column":1}}]},"238":{"line":1625,"type":"if","locations":[{"start":{"line":1625,"column":2},"end":{"line":1625,"column":2}},{"start":{"line":1625,"column":2},"end":{"line":1625,"column":2}}]},"239":{"line":1629,"type":"if","locations":[{"start":{"line":1629,"column":2},"end":{"line":1629,"column":2}},{"start":{"line":1629,"column":2},"end":{"line":1629,"column":2}}]},"240":{"line":1634,"type":"if","locations":[{"start":{"line":1634,"column":2},"end":{"line":1634,"column":2}},{"start":{"line":1634,"column":2},"end":{"line":1634,"column":2}}]},"241":{"line":1635,"type":"if","locations":[{"start":{"line":1635,"column":2},"end":{"line":1635,"column":2}},{"start":{"line":1635,"column":2},"end":{"line":1635,"column":2}}]},"242":{"line":1638,"type":"if","locations":[{"start":{"line":1638,"column":3},"end":{"line":1638,"column":3}},{"start":{"line":1638,"column":3},"end":{"line":1638,"column":3}}]},"243":{"line":1647,"type":"if","locations":[{"start":{"line":1647,"column":3},"end":{"line":1647,"column":3}},{"start":{"line":1647,"column":3},"end":{"line":1647,"column":3}}]},"244":{"line":1657,"type":"if","locations":[{"start":{"line":1657,"column":1},"end":{"line":1657,"column":1}},{"start":{"line":1657,"column":1},"end":{"line":1657,"column":1}}]},"245":{"line":1660,"type":"if","locations":[{"start":{"line":1660,"column":1},"end":{"line":1660,"column":1}},{"start":{"line":1660,"column":1},"end":{"line":1660,"column":1}}]},"246":{"line":1664,"type":"if","locations":[{"start":{"line":1664,"column":1},"end":{"line":1664,"column":1}},{"start":{"line":1664,"column":1},"end":{"line":1664,"column":1}}]},"247":{"line":1671,"type":"if","locations":[{"start":{"line":1671,"column":1},"end":{"line":1671,"column":1}},{"start":{"line":1671,"column":1},"end":{"line":1671,"column":1}}]},"248":{"line":1675,"type":"if","locations":[{"start":{"line":1675,"column":1},"end":{"line":1675,"column":1}},{"start":{"line":1675,"column":1},"end":{"line":1675,"column":1}}]},"249":{"line":1678,"type":"if","locations":[{"start":{"line":1678,"column":1},"end":{"line":1678,"column":1}},{"start":{"line":1678,"column":1},"end":{"line":1678,"column":1}}]},"250":{"line":1681,"type":"if","locations":[{"start":{"line":1681,"column":1},"end":{"line":1681,"column":1}},{"start":{"line":1681,"column":1},"end":{"line":1681,"column":1}}]},"251":{"line":1682,"type":"binary-expr","locations":[{"start":{"line":1682,"column":43},"end":{"line":1682,"column":76}},{"start":{"line":1682,"column":80},"end":{"line":1682,"column":84}}]},"252":{"line":1683,"type":"if","locations":[{"start":{"line":1683,"column":2},"end":{"line":1683,"column":2}},{"start":{"line":1683,"column":2},"end":{"line":1683,"column":2}}]},"253":{"line":1689,"type":"cond-expr","locations":[{"start":{"line":1689,"column":56},"end":{"line":1689,"column":110}},{"start":{"line":1689,"column":113},"end":{"line":1689,"column":115}}]},"254":{"line":1715,"type":"cond-expr","locations":[{"start":{"line":1715,"column":38},"end":{"line":1715,"column":49}},{"start":{"line":1715,"column":52},"end":{"line":1715,"column":67}}]},"255":{"line":1947,"type":"cond-expr","locations":[{"start":{"line":1947,"column":70},"end":{"line":1947,"column":82}},{"start":{"line":1947,"column":85},"end":{"line":1947,"column":94}}]},"256":{"line":1947,"type":"binary-expr","locations":[{"start":{"line":1947,"column":17},"end":{"line":1947,"column":37}},{"start":{"line":1947,"column":41},"end":{"line":1947,"column":67}}]},"257":{"line":1950,"type":"if","locations":[{"start":{"line":1950,"column":3},"end":{"line":1950,"column":3}},{"start":{"line":1950,"column":3},"end":{"line":1950,"column":3}}]},"258":{"line":1951,"type":"binary-expr","locations":[{"start":{"line":1951,"column":4},"end":{"line":1951,"column":26}},{"start":{"line":1951,"column":30},"end":{"line":1951,"column":58}}]},"259":{"line":1956,"type":"if","locations":[{"start":{"line":1956,"column":2},"end":{"line":1956,"column":2}},{"start":{"line":1956,"column":2},"end":{"line":1956,"column":2}}]},"260":{"line":1959,"type":"binary-expr","locations":[{"start":{"line":1959,"column":18},"end":{"line":1959,"column":27}},{"start":{"line":1959,"column":31},"end":{"line":1959,"column":33}}]},"261":{"line":1972,"type":"if","locations":[{"start":{"line":1972,"column":1},"end":{"line":1972,"column":1}},{"start":{"line":1972,"column":1},"end":{"line":1972,"column":1}}]},"262":{"line":1972,"type":"binary-expr","locations":[{"start":{"line":1972,"column":5},"end":{"line":1972,"column":37}},{"start":{"line":1972,"column":41},"end":{"line":1972,"column":52}},{"start":{"line":1972,"column":56},"end":{"line":1972,"column":78}}]},"263":{"line":1973,"type":"if","locations":[{"start":{"line":1973,"column":2},"end":{"line":1973,"column":2}},{"start":{"line":1973,"column":2},"end":{"line":1973,"column":2}}]},"264":{"line":1990,"type":"if","locations":[{"start":{"line":1990,"column":0},"end":{"line":1990,"column":0}},{"start":{"line":1990,"column":0},"end":{"line":1990,"column":0}}]},"265":{"line":1999,"type":"if","locations":[{"start":{"line":1999,"column":1},"end":{"line":1999,"column":1}},{"start":{"line":1999,"column":1},"end":{"line":1999,"column":1}}]},"266":{"line":1999,"type":"binary-expr","locations":[{"start":{"line":1999,"column":5},"end":{"line":1999,"column":35}},{"start":{"line":1999,"column":39},"end":{"line":1999,"column":82}}]},"267":{"line":2005,"type":"if","locations":[{"start":{"line":2005,"column":2},"end":{"line":2005,"column":2}},{"start":{"line":2005,"column":2},"end":{"line":2005,"column":2}}]},"268":{"line":2009,"type":"binary-expr","locations":[{"start":{"line":2009,"column":16},"end":{"line":2009,"column":23}},{"start":{"line":2009,"column":27},"end":{"line":2009,"column":42}},{"start":{"line":2009,"column":46},"end":{"line":2011,"column":18}}]},"269":{"line":2009,"type":"cond-expr","locations":[{"start":{"line":2009,"column":56},"end":{"line":2009,"column":62}},{"start":{"line":2009,"column":65},"end":{"line":2009,"column":69}}]},"270":{"line":2013,"type":"cond-expr","locations":[{"start":{"line":2013,"column":14},"end":{"line":2013,"column":20}},{"start":{"line":2013,"column":23},"end":{"line":2013,"column":27}}]},"271":{"line":2030,"type":"if","locations":[{"start":{"line":2030,"column":1},"end":{"line":2030,"column":1}},{"start":{"line":2030,"column":1},"end":{"line":2030,"column":1}}]},"272":{"line":2033,"type":"if","locations":[{"start":{"line":2033,"column":1},"end":{"line":2033,"column":1}},{"start":{"line":2033,"column":1},"end":{"line":2033,"column":1}}]},"273":{"line":2034,"type":"if","locations":[{"start":{"line":2034,"column":1},"end":{"line":2034,"column":1}},{"start":{"line":2034,"column":1},"end":{"line":2034,"column":1}}]},"274":{"line":2035,"type":"if","locations":[{"start":{"line":2035,"column":1},"end":{"line":2035,"column":1}},{"start":{"line":2035,"column":1},"end":{"line":2035,"column":1}}]},"275":{"line":2035,"type":"cond-expr","locations":[{"start":{"line":2035,"column":35},"end":{"line":2035,"column":46}},{"start":{"line":2035,"column":49},"end":{"line":2035,"column":61}}]},"276":{"line":2038,"type":"if","locations":[{"start":{"line":2038,"column":1},"end":{"line":2038,"column":1}},{"start":{"line":2038,"column":1},"end":{"line":2038,"column":1}}]},"277":{"line":2068,"type":"if","locations":[{"start":{"line":2068,"column":3},"end":{"line":2068,"column":3}},{"start":{"line":2068,"column":3},"end":{"line":2068,"column":3}}]},"278":{"line":2074,"type":"if","locations":[{"start":{"line":2074,"column":4},"end":{"line":2074,"column":4}},{"start":{"line":2074,"column":4},"end":{"line":2074,"column":4}}]},"279":{"line":2077,"type":"if","locations":[{"start":{"line":2077,"column":4},"end":{"line":2077,"column":4}},{"start":{"line":2077,"column":4},"end":{"line":2077,"column":4}}]},"280":{"line":2084,"type":"if","locations":[{"start":{"line":2084,"column":4},"end":{"line":2084,"column":4}},{"start":{"line":2084,"column":4},"end":{"line":2084,"column":4}}]},"281":{"line":2084,"type":"binary-expr","locations":[{"start":{"line":2084,"column":8},"end":{"line":2084,"column":31}},{"start":{"line":2084,"column":35},"end":{"line":2084,"column":65}}]},"282":{"line":2169,"type":"if","locations":[{"start":{"line":2169,"column":1},"end":{"line":2169,"column":1}},{"start":{"line":2169,"column":1},"end":{"line":2169,"column":1}}]},"283":{"line":2174,"type":"if","locations":[{"start":{"line":2174,"column":3},"end":{"line":2174,"column":3}},{"start":{"line":2174,"column":3},"end":{"line":2174,"column":3}}]},"284":{"line":2186,"type":"binary-expr","locations":[{"start":{"line":2186,"column":1},"end":{"line":2186,"column":5}},{"start":{"line":2186,"column":9},"end":{"line":2186,"column":42}}]},"285":{"line":2195,"type":"if","locations":[{"start":{"line":2195,"column":2},"end":{"line":2195,"column":2}},{"start":{"line":2195,"column":2},"end":{"line":2195,"column":2}}]},"286":{"line":2208,"type":"if","locations":[{"start":{"line":2208,"column":1},"end":{"line":2208,"column":1}},{"start":{"line":2208,"column":1},"end":{"line":2208,"column":1}}]},"287":{"line":2212,"type":"cond-expr","locations":[{"start":{"line":2212,"column":43},"end":{"line":2212,"column":45}},{"start":{"line":2212,"column":48},"end":{"line":2212,"column":60}}]},"288":{"line":2214,"type":"cond-expr","locations":[{"start":{"line":2214,"column":41},"end":{"line":2214,"column":43}},{"start":{"line":2214,"column":46},"end":{"line":2214,"column":57}}]},"289":{"line":2216,"type":"cond-expr","locations":[{"start":{"line":2216,"column":49},"end":{"line":2216,"column":63}},{"start":{"line":2216,"column":66},"end":{"line":2216,"column":81}}]},"290":{"line":2220,"type":"cond-expr","locations":[{"start":{"line":2220,"column":38},"end":{"line":2220,"column":40}},{"start":{"line":2220,"column":43},"end":{"line":2220,"column":50}}]},"291":{"line":2222,"type":"cond-expr","locations":[{"start":{"line":2222,"column":37},"end":{"line":2222,"column":39}},{"start":{"line":2222,"column":42},"end":{"line":2222,"column":49}}]},"292":{"line":2224,"type":"cond-expr","locations":[{"start":{"line":2224,"column":41},"end":{"line":2224,"column":55}},{"start":{"line":2224,"column":58},"end":{"line":2224,"column":65}}]},"293":{"line":2229,"type":"binary-expr","locations":[{"start":{"line":2229,"column":82},"end":{"line":2229,"column":86}},{"start":{"line":2229,"column":90},"end":{"line":2229,"column":100}},{"start":{"line":2229,"column":104},"end":{"line":2229,"column":106}}]},"294":{"line":2232,"type":"if","locations":[{"start":{"line":2232,"column":2},"end":{"line":2232,"column":2}},{"start":{"line":2232,"column":2},"end":{"line":2232,"column":2}}]},"295":{"line":2240,"type":"if","locations":[{"start":{"line":2240,"column":1},"end":{"line":2240,"column":1}},{"start":{"line":2240,"column":1},"end":{"line":2240,"column":1}}]},"296":{"line":2251,"type":"binary-expr","locations":[{"start":{"line":2251,"column":11},"end":{"line":2251,"column":17}},{"start":{"line":2251,"column":21},"end":{"line":2251,"column":23}}]},"297":{"line":2256,"type":"if","locations":[{"start":{"line":2256,"column":2},"end":{"line":2256,"column":2}},{"start":{"line":2256,"column":2},"end":{"line":2256,"column":2}}]},"298":{"line":2267,"type":"if","locations":[{"start":{"line":2267,"column":1},"end":{"line":2267,"column":1}},{"start":{"line":2267,"column":1},"end":{"line":2267,"column":1}}]},"299":{"line":2270,"type":"if","locations":[{"start":{"line":2270,"column":8},"end":{"line":2270,"column":8}},{"start":{"line":2270,"column":8},"end":{"line":2270,"column":8}}]},"300":{"line":2274,"type":"if","locations":[{"start":{"line":2274,"column":2},"end":{"line":2274,"column":2}},{"start":{"line":2274,"column":2},"end":{"line":2274,"column":2}}]},"301":{"line":2279,"type":"cond-expr","locations":[{"start":{"line":2279,"column":42},"end":{"line":2279,"column":47}},{"start":{"line":2279,"column":50},"end":{"line":2279,"column":92}}]},"302":{"line":2279,"type":"cond-expr","locations":[{"start":{"line":2279,"column":76},"end":{"line":2279,"column":83}},{"start":{"line":2279,"column":86},"end":{"line":2279,"column":92}}]},"303":{"line":2282,"type":"if","locations":[{"start":{"line":2282,"column":3},"end":{"line":2282,"column":3}},{"start":{"line":2282,"column":3},"end":{"line":2282,"column":3}}]}}}}