{"/home/roq/code/zinojs/func-test.js":{"path":"/home/roq/code/zinojs/func-test.js","s":{"1":1,"2":1,"3":7,"4":1,"5":1,"6":1,"7":1,"8":1,"9":1,"10":1,"11":1,"12":1,"13":5836,"14":0,"15":1,"16":338,"17":541,"18":338,"19":541,"20":2583,"21":2176,"22":2042,"23":338,"24":1,"25":3823,"26":1,"27":22,"28":22,"29":0,"30":22,"31":0,"32":22,"33":46,"34":0,"35":46,"36":2,"37":44,"38":2,"39":2,"40":2,"41":42,"42":29,"43":3,"44":13,"45":2,"46":22,"47":45,"48":0,"49":45,"50":1,"51":22,"52":6,"53":16,"54":1,"55":1,"56":31,"57":31,"58":1,"59":21,"60":1,"61":4011,"62":1,"63":902,"64":1,"65":1,"66":1,"67":741,"68":1,"69":598,"70":598,"71":384,"72":214,"73":214,"74":210,"75":0,"76":1,"77":75,"78":66,"79":75,"80":75,"81":1,"82":68,"83":59,"84":59,"85":9,"86":9,"87":9,"88":9,"89":1,"90":2,"91":2,"92":2,"93":1,"94":0,"95":0,"96":0,"97":0,"98":0,"99":0,"100":0,"101":0,"102":0,"103":0,"104":0,"105":0,"106":0,"107":0,"108":0,"109":0,"110":0,"111":1,"112":28,"113":28,"114":0,"115":0,"116":0,"117":0,"118":0,"119":0,"120":0,"121":0,"122":0,"123":1,"124":1,"125":1,"126":0,"127":1,"128":1532,"129":1,"130":1419,"131":1419,"132":29345,"133":29345,"134":29345,"135":1419,"136":1,"137":176,"138":1,"139":481,"140":330,"141":481,"142":481,"143":481,"144":481,"145":384,"146":384,"147":481,"148":481,"149":538,"150":538,"151":481,"152":136,"153":481,"154":1,"155":173,"156":1,"157":173,"158":1,"159":173,"160":173,"161":1,"162":456,"163":0,"164":456,"165":0,"166":456,"167":406,"168":196,"169":210,"170":0,"171":210,"172":206,"173":210,"174":200,"175":10,"176":1,"177":102,"178":102,"179":22,"180":80,"181":80,"182":108,"183":80,"184":80,"185":102,"186":1,"187":9,"188":1,"189":0,"190":1,"191":1,"192":1,"193":8,"194":1,"195":86,"196":0,"197":86,"198":86,"199":0,"200":86,"201":63,"202":3,"203":60,"204":60,"205":49,"206":49,"207":6,"208":0,"209":0,"210":0,"211":60,"212":60,"213":1,"214":1,"215":1,"216":1,"217":1,"218":0,"219":86,"220":86,"221":152,"222":0,"223":152,"224":152,"225":91,"226":61,"227":17,"228":8,"229":9,"230":0,"231":44,"232":44,"233":43,"234":1,"235":86,"236":2,"237":2,"238":2,"239":2,"240":86,"241":1,"242":1,"243":1,"244":1,"245":1,"246":1,"247":1,"248":1,"249":1,"250":1,"251":1,"252":347,"253":11,"254":11,"255":1,"256":1,"257":1,"258":1,"259":10,"260":10,"261":0,"262":10,"263":1,"264":11,"265":1,"266":3,"267":1,"268":10,"269":1,"270":8,"271":8,"272":1,"273":34,"274":34,"275":1,"276":1,"277":1,"278":33,"279":9,"280":33,"281":3,"282":3,"283":33,"284":0,"285":0,"286":0,"287":33,"288":33,"289":33,"290":33,"291":20,"292":1,"293":10,"294":0,"295":10,"296":10,"297":0,"298":10,"299":8,"300":10,"301":1,"302":11,"303":0,"304":11,"305":10,"306":0,"307":10,"308":1,"309":15,"310":1,"311":165,"312":0,"313":165,"314":165,"315":1,"316":1,"317":0,"318":0,"319":0,"320":1,"321":164,"322":164,"323":164,"324":164,"325":165,"326":135,"327":0,"328":165,"329":163,"330":163,"331":163,"332":160,"333":3,"334":3,"335":0,"336":3,"337":3,"338":160,"339":160,"340":160,"341":160,"342":18,"343":18,"344":68,"345":68,"346":142,"347":1,"348":163,"349":29,"350":134,"351":1,"352":165,"353":165,"354":1003,"355":1003,"356":499,"357":330,"358":169,"359":165,"360":165,"361":165,"362":1,"363":1,"364":1,"365":0,"366":165,"367":2,"368":2,"369":165,"370":165,"371":165,"372":165,"373":165,"374":163,"375":2,"376":0,"377":1,"378":173,"379":173,"380":173,"381":173,"382":173,"383":173,"384":1,"385":377,"386":377,"387":377,"388":938,"389":560,"390":378,"391":378,"392":204,"393":204,"394":378,"395":377,"396":173,"397":173,"398":173,"399":0,"400":173,"401":173,"402":173,"403":173,"404":0,"405":173,"406":173,"407":173,"408":135,"409":135,"410":134,"411":134,"412":134,"413":134,"414":134,"415":134,"416":172,"417":38,"418":134,"419":134,"420":172,"421":172,"422":172,"423":172,"424":172,"425":0,"426":0,"427":172,"428":11,"429":134,"430":134,"431":0,"432":0,"433":0,"434":134,"435":172,"436":172,"437":38,"438":134,"439":134,"440":1,"441":37,"442":37,"443":2,"444":134,"445":169,"446":1,"447":44,"448":44,"449":44,"450":87,"451":87,"452":3,"453":44,"454":44,"455":44,"456":0,"457":1,"458":503,"459":503,"460":375,"461":406,"462":406,"463":406,"464":406,"465":19,"466":3,"467":19,"468":0,"469":503,"470":165,"471":338,"472":1,"473":165,"474":165,"475":165,"476":1,"477":0,"478":1,"479":1,"480":0,"481":0,"482":0,"483":0,"484":1,"485":165,"486":1,"487":1,"488":371,"489":0,"490":1,"491":50,"492":50,"493":6,"494":6,"495":4,"496":4,"497":6,"498":6,"499":345,"500":345,"501":10,"502":10,"503":2,"504":2,"505":10,"506":10,"507":10,"508":10,"509":7,"510":3,"511":3,"512":10,"513":50,"514":7,"515":7,"516":43,"517":43,"518":43,"519":43,"520":0,"521":0,"522":0,"523":1,"524":1,"525":1,"526":1,"527":1,"528":1,"529":3,"530":6,"531":1,"532":0,"533":3,"534":1,"535":1,"536":1,"537":1,"538":1,"539":1,"540":1,"541":1,"542":1,"543":1,"544":1,"545":1,"546":1,"547":1,"548":1,"549":1,"550":1,"551":1,"552":1,"553":1,"554":1,"555":3,"556":1,"557":1,"558":2,"559":1,"560":1,"561":1,"562":1,"563":1,"564":1,"565":1,"566":1,"567":1,"568":1,"569":1,"570":1,"571":0,"572":1,"573":1,"574":1,"575":1,"576":1,"577":2,"578":2,"579":1,"580":1,"581":1,"582":1,"583":1,"584":1,"585":1,"586":0,"587":1,"588":1,"589":1,"590":1,"591":1,"592":2,"593":1,"594":1,"595":1,"596":1,"597":1,"598":1,"599":1,"600":1,"601":1,"602":1,"603":1,"604":1,"605":1,"606":1,"607":1,"608":1,"609":1,"610":1,"611":1,"612":1,"613":1,"614":1,"615":5,"616":1,"617":1,"618":1,"619":1,"620":1,"621":1,"622":1,"623":1,"624":1,"625":1,"626":1,"627":1,"628":1,"629":1,"630":1,"631":1,"632":1,"633":1,"634":60,"635":1,"636":1,"637":60,"638":1,"639":1,"640":2,"641":2,"642":60,"643":2,"644":1,"645":1,"646":1,"647":1,"648":1,"649":1,"650":1,"651":2,"652":2,"653":60,"654":60,"655":60,"656":60,"657":60,"658":60,"659":1,"660":1,"661":1,"662":1,"663":1,"664":1,"665":0,"666":1,"667":1,"668":1,"669":1,"670":1,"671":1,"672":1,"673":1,"674":1,"675":1,"676":1,"677":1,"678":1,"679":1,"680":1,"681":1,"682":1,"683":1,"684":1,"685":1,"686":2,"687":1,"688":1,"689":2,"690":1,"691":1,"692":2,"693":2,"694":2,"695":2,"696":2,"697":1,"698":1,"699":1,"700":1,"701":1,"702":1,"703":1,"704":1,"705":1,"706":1,"707":1,"708":1,"709":1,"710":1,"711":1,"712":1,"713":1,"714":1,"715":1,"716":1,"717":0,"718":1,"719":120,"720":1,"721":1,"722":1,"723":1,"724":1,"725":1,"726":1,"727":1,"728":1,"729":1,"730":1,"731":1,"732":1,"733":1,"734":1,"735":1,"736":1,"737":0,"738":1,"739":1,"740":1,"741":1,"742":1,"743":1,"744":1,"745":1,"746":1,"747":1,"748":1,"749":1,"750":1,"751":1,"752":1,"753":1,"754":1,"755":1,"756":1,"757":1,"758":1,"759":1,"760":1,"761":1,"762":1,"763":1,"764":1,"765":1,"766":1,"767":1,"768":1,"769":1,"770":1,"771":1,"772":1,"773":1,"774":1,"775":1,"776":1,"777":1,"778":1,"779":1,"780":1,"781":1,"782":1,"783":1,"784":1,"785":1,"786":1,"787":1,"788":1,"789":1,"790":1,"791":1,"792":1,"793":1,"794":1,"795":1,"796":1,"797":1,"798":1,"799":1,"800":1,"801":1,"802":48,"803":4,"804":4,"805":5,"806":0,"807":5,"808":6,"809":6,"810":2,"811":4,"812":5,"813":48,"814":1,"815":48,"816":48,"817":48,"818":1,"819":91,"820":1,"821":88,"822":88,"823":88,"824":37,"825":51,"826":86,"827":0,"828":86,"829":86,"830":48,"831":86,"832":86,"833":86,"834":86,"835":17,"836":17,"837":17,"838":17,"839":69,"840":21,"841":21,"842":21,"843":1,"844":48,"845":4,"846":4,"847":4,"848":4,"849":44,"850":11,"851":15,"852":11,"853":33,"854":3,"855":30,"856":28,"857":28,"858":2,"859":1,"860":50,"861":29,"862":50,"863":1,"864":27,"865":27,"866":27,"867":29,"868":5,"869":29,"870":27,"871":48,"872":9,"873":25,"874":9,"875":8,"876":8,"877":48,"878":13,"879":4,"880":9,"881":1,"882":8,"883":13,"884":48,"885":48,"886":0,"887":48,"888":48,"889":48,"890":138,"891":0,"892":138,"893":138,"894":138,"895":59,"896":137,"897":95,"898":42,"899":15,"900":15,"901":0,"902":15,"903":27,"904":27,"905":27,"906":27,"907":15,"908":12,"909":12,"910":47,"911":0,"912":47,"913":1,"914":46,"915":0,"916":46,"917":46,"918":24,"919":24,"920":46,"921":16,"922":46,"923":10,"924":46,"925":8,"926":8,"927":0,"928":38,"929":46,"930":46,"931":46,"932":230,"933":1,"934":41,"935":1,"936":38,"937":36,"938":36,"939":36,"940":36,"941":1,"942":1,"943":1,"944":1,"945":1,"946":1,"947":1,"948":1,"949":1,"950":1,"951":1,"952":1,"953":1,"954":1,"955":1,"956":1,"957":1,"958":1,"959":1,"960":1,"961":1,"962":1,"963":1,"964":1,"965":1,"966":1,"967":1,"968":1,"969":1,"970":1,"971":1,"972":1,"973":1,"974":1,"975":1,"976":1,"977":1,"978":1,"979":1,"980":1,"981":1,"982":1,"983":1,"984":1,"985":1,"986":1,"987":1,"988":1,"989":1,"990":1,"991":1,"992":1,"993":1,"994":1,"995":1,"996":1,"997":1,"998":1,"999":1,"1000":1,"1001":1,"1002":1,"1003":1,"1004":1,"1005":1,"1006":1,"1007":1,"1008":1,"1009":1,"1010":1,"1011":1,"1012":1,"1013":1,"1014":1,"1015":1,"1016":1,"1017":1,"1018":1,"1019":1,"1020":1,"1021":1,"1022":1,"1023":1,"1024":1,"1025":1,"1026":1,"1027":1,"1028":1,"1029":1,"1030":1,"1031":1,"1032":1,"1033":1,"1034":1,"1035":1,"1036":1,"1037":1,"1038":1,"1039":1,"1040":1,"1041":1,"1042":1,"1043":1,"1044":1,"1045":1,"1046":1,"1047":1,"1048":1,"1049":1,"1050":1,"1051":1,"1052":1,"1053":1,"1054":1,"1055":1,"1056":1,"1057":1,"1058":1,"1059":1,"1060":1,"1061":1,"1062":1,"1063":1,"1064":1,"1065":1,"1066":1,"1067":1,"1068":1,"1069":1,"1070":1,"1071":1,"1072":1,"1073":1,"1074":1,"1075":2,"1076":2,"1077":1,"1078":1,"1079":1,"1080":1,"1081":1,"1082":1,"1083":1,"1084":1,"1085":1,"1086":3,"1087":3,"1088":3,"1089":3,"1090":3,"1091":3,"1092":3,"1093":0,"1094":3,"1095":1,"1096":1,"1097":3,"1098":1,"1099":1,"1100":1,"1101":10,"1102":3,"1103":0,"1104":3,"1105":3,"1106":3,"1107":3,"1108":1,"1109":1,"1110":1,"1111":1,"1112":1,"1113":1,"1114":3,"1115":1,"1116":1,"1117":1,"1118":1,"1119":1,"1120":3,"1121":3,"1122":0,"1123":3,"1124":3,"1125":3,"1126":3,"1127":3,"1128":3,"1129":2,"1130":2,"1131":3,"1132":2,"1133":3,"1134":3,"1135":0,"1136":0,"1137":3,"1138":1,"1139":0,"1140":0,"1141":0,"1142":0,"1143":0,"1144":0,"1145":0,"1146":0,"1147":0,"1148":0,"1149":0,"1150":0,"1151":0,"1152":1,"1153":3,"1154":3,"1155":3,"1156":3,"1157":3,"1158":3,"1159":3,"1160":3,"1161":3,"1162":3,"1163":0,"1164":3,"1165":3,"1166":0,"1167":0,"1168":3,"1169":3,"1170":3,"1171":3,"1172":3,"1173":0,"1174":0,"1175":0,"1176":0,"1177":3,"1178":3,"1179":3,"1180":3,"1181":3,"1182":3,"1183":3,"1184":3,"1185":3,"1186":3,"1187":3,"1188":0,"1189":3,"1190":3,"1191":3,"1192":3,"1193":3,"1194":3,"1195":3,"1196":3,"1197":1,"1198":1,"1199":1,"1200":1,"1201":1,"1202":1,"1203":1,"1204":1,"1205":1,"1206":1,"1207":1,"1208":1,"1209":1,"1210":0,"1211":1,"1212":12,"1213":1,"1214":1,"1215":1,"1216":1,"1217":1,"1218":0,"1219":1,"1220":1,"1221":1,"1222":1,"1223":7,"1224":7,"1225":5,"1226":5,"1227":5,"1228":5,"1229":5,"1230":5,"1231":0,"1232":0,"1233":2,"1234":7,"1235":1,"1236":5,"1237":1,"1238":1,"1239":6,"1240":1,"1241":1,"1242":5,"1243":1,"1244":8,"1245":14,"1246":8,"1247":0,"1248":8,"1249":8,"1250":8,"1251":8,"1252":8,"1253":4,"1254":4,"1255":0,"1256":4,"1257":4,"1258":6,"1259":8,"1260":1,"1261":8,"1262":8,"1263":8,"1264":8,"1265":8,"1266":8,"1267":1,"1268":1,"1269":1,"1270":1,"1271":1,"1272":8,"1273":8,"1274":8,"1275":0,"1276":0,"1277":8,"1278":0,"1279":8,"1280":8,"1281":0,"1282":0,"1283":0,"1284":0,"1285":0,"1286":0,"1287":0,"1288":0,"1289":1,"1290":1,"1291":6,"1292":1,"1293":0,"1294":1,"1295":1,"1296":1,"1297":1,"1298":1,"1299":1,"1300":1,"1301":1,"1302":1,"1303":1,"1304":1,"1305":1,"1306":1,"1307":1,"1308":1,"1309":1,"1310":1,"1311":1,"1312":1,"1313":1,"1314":1,"1315":1,"1316":1,"1317":1,"1318":1,"1319":1,"1320":1,"1321":1,"1322":1,"1323":1,"1324":1,"1325":1,"1326":1,"1327":1,"1328":1,"1329":1,"1330":1,"1331":1,"1332":1,"1333":1,"1334":1,"1335":1,"1336":1,"1337":1,"1338":1,"1339":1,"1340":1,"1341":1,"1342":1,"1343":1,"1344":1,"1345":1,"1346":1,"1347":1,"1348":1,"1349":4,"1350":1,"1351":1,"1352":1,"1353":4,"1354":1,"1355":1,"1356":1,"1357":1,"1358":1,"1359":1,"1360":1},"b":{"1":[0,7],"2":[7,7,4],"3":[1,0],"4":[1,1],"5":[0,0],"6":[0,0,0,0],"7":[2176,407],"8":[2583,2583,2583,2578,1240],"9":[2042,134],"10":[3823,3823,402],"11":[0,22],"12":[0,0],"13":[0,22],"14":[0,0],"15":[0,46],"16":[46,46],"17":[2,44],"18":[2,42],"19":[29,13],"20":[42,13],"21":[3,26],"22":[2,11],"23":[0,45],"24":[45,45],"25":[1,44],"26":[6,16],"27":[30,1],"28":[21,21],"29":[164,3847],"30":[741,367],"31":[384,214],"32":[0,210],"33":[66,9],"34":[59,9],"35":[9,0],"36":[0,0],"37":[0,0],"38":[0,0],"39":[0,0],"40":[0,0],"41":[0,0],"42":[0,0],"43":[0,28],"44":[0,0],"45":[0,0],"46":[0,0],"47":[0,0,0],"48":[481,87],"49":[376,8],"50":[287,194],"51":[481,326],"52":[538,501,274],"53":[136,345],"54":[0,456],"55":[0,456],"56":[456,0,0],"57":[456,0,456],"58":[0,456],"59":[456,0],"60":[196,210],"61":[0,406],"62":[0,210],"63":[200,10],"64":[22,80],"65":[0,102],"66":[1,8],"67":[9,0],"68":[0,1],"69":[8,0],"70":[0,86],"71":[86,86],"72":[86,0],"73":[0,86],"74":[63,23],"75":[3,60],"76":[49,0],"77":[6,43],"78":[0,0],"79":[0,0],"80":[1,0],"81":[0,86],"82":[63,23],"83":[0,152],"84":[91,61],"85":[17,44],"86":[8,9],"87":[17,17],"88":[0,9],"89":[44,0],"90":[43,1],"91":[0,44],"92":[2,84],"93":[86,63],"94":[1,0],"95":[1,10],"96":[1,9],"97":[11,10],"98":[34,34,5,1],"99":[1,33],"100":[1,0],"101":[3,30],"102":[3,3],"103":[3,3],"104":[3,3],"105":[3,3],"106":[3,3],"107":[0,33],"108":[0,0],"109":[33,21],"110":[0,10],"111":[10,10],"112":[0,10],"113":[10,10],"114":[8,2],"115":[8,2],"116":[0,11],"117":[11,11],"118":[0,10],"119":[0,165],"120":[165,165],"121":[1,164],"122":[165,1,1,1],"123":[0,1],"124":[1,0],"125":[29,135],"126":[135,30],"127":[163,162,1],"128":[160,151],"129":[3,3],"130":[0,3],"131":[142,18],"132":[160,142],"133":[160,0],"134":[18,142],"135":[160,142],"136":[68,67,1],"137":[68,1],"138":[29,134],"139":[29,29],"140":[0,165],"141":[499,504],"142":[330,169],"143":[5,164],"144":[165,0],"145":[165,0],"146":[2,2],"147":[0,173],"148":[173,0],"149":[204,173],"150":[377,204],"151":[560,378],"152":[174,386],"153":[560,560],"154":[204,174],"155":[378,378,205],"156":[378,351],"157":[0,173],"158":[173,0],"159":[173,11],"160":[134,0],"161":[38,134],"162":[0,172],"163":[11,161],"164":[172,74],"165":[0,134],"166":[134,134],"167":[38,134],"168":[172,142],"169":[1,1],"170":[2,2],"171":[44,44,0],"172":[44,0],"173":[44,44,44],"174":[44,0,44],"175":[3,84],"176":[44,0],"177":[0,0],"178":[503,99,404],"179":[406,19,13],"180":[406,406],"181":[406,4,4,405],"182":[19,387],"183":[3,16],"184":[19,13],"185":[165,338],"186":[0,165],"187":[165,0],"188":[0,1],"189":[0,1],"190":[0,0],"191":[0,371],"192":[6,0],"193":[6,6],"194":[4,0],"195":[4,4],"196":[4,2],"197":[6,4],"198":[149,196],"199":[345,149],"200":[7,3],"201":[10,7],"202":[2,8],"203":[10,3],"204":[7,3],"205":[10,7,0,7,7],"206":[3,0],"207":[7,43],"208":[0,0],"209":[3,0],"210":[3,3],"211":[2,1],"212":[3,1,2],"213":[4,1],"214":[0,1],"215":[0,1],"216":[0,1],"217":[0,1],"218":[0,1],"219":[0,1],"220":[48,0],"221":[0,5],"222":[2,4],"223":[6,4,4],"224":[72,19],"225":[29,59],"226":[37,51],"227":[0,86],"228":[48,38],"229":[17,69],"230":[15,2],"231":[21,48],"232":[2,19],"233":[1,20],"234":[4,44],"235":[2,2],"236":[11,33],"237":[3,30],"238":[28,2],"239":[30,29],"240":[1,1],"241":[29,21],"242":[5,24],"243":[29,28,0],"244":[8,1],"245":[4,9],"246":[1,8],"247":[9,2],"248":[1,1],"249":[0,48],"250":[0,138],"251":[59,79],"252":[95,42],"253":[15,27],"254":[0,15],"255":[15,12],"256":[0,47],"257":[1,46],"258":[0,46],"259":[24,22],"260":[16,30],"261":[10,36],"262":[8,38],"263":[8,0],"264":[0,8],"265":[4,42],"266":[0,1],"267":[0,3],"268":[3,0],"269":[3,0],"270":[3,0],"271":[0,3],"272":[3,3],"273":[3,7],"274":[10,10,4],"275":[0,3],"276":[1,0],"277":[0,3],"278":[3,0],"279":[2,1],"280":[3,2,1],"281":[1,0],"282":[2,1],"283":[0,0],"284":[0,0],"285":[0,0],"286":[0,0],"287":[0,0],"288":[0,0],"289":[0,3],"290":[3,0],"291":[0,3],"292":[3,0],"293":[3,3],"294":[5,2],"295":[5,0],"296":[7,7],"297":[1,5],"298":[0,8],"299":[0,0],"300":[0,0],"301":[0,0],"302":[5,3],"303":[6,2],"304":[7,1],"305":[8,1,7],"306":[0,4],"307":[1,7],"308":[8,0],"309":[1,0],"310":[0,8],"311":[0,8],"312":[0,8],"313":[0,0],"314":[0,0],"315":[0,0]},"f":{"1":7,"2":5836,"3":0,"4":338,"5":3823,"6":22,"7":46,"8":45,"9":1,"10":31,"11":21,"12":4011,"13":902,"14":366,"15":741,"16":598,"17":75,"18":68,"19":2,"20":2,"21":0,"22":0,"23":0,"24":0,"25":0,"26":0,"27":28,"28":0,"29":0,"30":1532,"31":1419,"32":176,"33":481,"34":384,"35":538,"36":538,"37":173,"38":173,"39":173,"40":456,"41":406,"42":206,"43":102,"44":108,"45":9,"46":86,"47":1,"48":1,"49":347,"50":11,"51":0,"52":3,"53":10,"54":8,"55":34,"56":9,"57":0,"58":20,"59":10,"60":11,"61":15,"62":165,"63":3,"64":3,"65":68,"66":163,"67":165,"68":1,"69":0,"70":2,"71":173,"72":377,"73":134,"74":44,"75":87,"76":87,"77":503,"78":375,"79":406,"80":0,"81":165,"82":1,"83":371,"84":50,"85":6,"86":4,"87":6,"88":345,"89":10,"90":1,"91":1,"92":3,"93":6,"94":1,"95":0,"96":3,"97":1,"98":1,"99":1,"100":1,"101":1,"102":3,"103":1,"104":2,"105":1,"106":1,"107":1,"108":1,"109":1,"110":1,"111":1,"112":0,"113":1,"114":1,"115":1,"116":2,"117":2,"118":1,"119":1,"120":0,"121":1,"122":1,"123":1,"124":1,"125":2,"126":1,"127":1,"128":1,"129":1,"130":1,"131":1,"132":1,"133":1,"134":1,"135":1,"136":1,"137":5,"138":1,"139":1,"140":60,"141":1,"142":60,"143":1,"144":2,"145":2,"146":1,"147":1,"148":0,"149":1,"150":1,"151":1,"152":1,"153":1,"154":1,"155":1,"156":2,"157":1,"158":2,"159":1,"160":2,"161":2,"162":1,"163":1,"164":1,"165":1,"166":1,"167":1,"168":0,"169":120,"170":1,"171":1,"172":1,"173":1,"174":0,"175":1,"176":1,"177":1,"178":1,"179":1,"180":1,"181":1,"182":1,"183":1,"184":1,"185":48,"186":4,"187":5,"188":6,"189":48,"190":91,"191":88,"192":15,"193":27,"194":9,"195":25,"196":13,"197":230,"198":41,"199":38,"200":1,"201":1,"202":1,"203":1,"204":1,"205":1,"206":1,"207":1,"208":1,"209":1,"210":1,"211":1,"212":1,"213":1,"214":1,"215":1,"216":1,"217":1,"218":1,"219":1,"220":1,"221":1,"222":1,"223":1,"224":1,"225":2,"226":2,"227":3,"228":3,"229":3,"230":1,"231":10,"232":3,"233":3,"234":0,"235":0,"236":2,"237":0,"238":0,"239":0,"240":3,"241":3,"242":3,"243":3,"244":0,"245":3,"246":1,"247":1,"248":1,"249":1,"250":1,"251":1,"252":0,"253":12,"254":0,"255":1,"256":7,"257":5,"258":1,"259":6,"260":8,"261":0,"262":7,"263":4,"264":6,"265":8,"266":1,"267":1,"268":0,"269":6,"270":0,"271":1,"272":1,"273":4,"274":1,"275":1,"276":1,"277":1,"278":1,"279":1,"280":1,"281":1,"282":1,"283":1,"284":1,"285":1,"286":1,"287":4,"288":1,"289":1,"290":4},"fnMap":{"1":{"name":"_interopDefault","line":5,"loc":{"start":{"line":5,"column":0},"end":{"line":5,"column":30}}},"2":{"name":"(anonymous_2)","line":16,"loc":{"start":{"line":16,"column":84},"end":{"line":16,"column":99}}},"3":{"name":"(anonymous_3)","line":18,"loc":{"start":{"line":18,"column":4},"end":{"line":18,"column":19}}},"4":{"name":"merge","line":28,"loc":{"start":{"line":28,"column":0},"end":{"line":28,"column":23}}},"5":{"name":"propDetails","line":44,"loc":{"start":{"line":44,"column":0},"end":{"line":44,"column":37}}},"6":{"name":"objectDiff","line":55,"loc":{"start":{"line":55,"column":0},"end":{"line":55,"column":32}}},"7":{"name":"(anonymous_7)","line":61,"loc":{"start":{"line":61,"column":27},"end":{"line":61,"column":49}}},"8":{"name":"(anonymous_8)","line":77,"loc":{"start":{"line":77,"column":27},"end":{"line":77,"column":49}}},"9":{"name":"uuid","line":106,"loc":{"start":{"line":106,"column":0},"end":{"line":106,"column":16}}},"10":{"name":"(anonymous_10)","line":107,"loc":{"start":{"line":107,"column":64},"end":{"line":107,"column":77}}},"11":{"name":"toArray","line":113,"loc":{"start":{"line":113,"column":0},"end":{"line":113,"column":32}}},"12":{"name":"isObj","line":117,"loc":{"start":{"line":117,"column":12},"end":{"line":117,"column":32}}},"13":{"name":"isFn","line":120,"loc":{"start":{"line":120,"column":11},"end":{"line":120,"column":29}}},"14":{"name":"emptyFunc","line":123,"loc":{"start":{"line":123,"column":16},"end":{"line":123,"column":37}}},"15":{"name":"publishEvent","line":127,"loc":{"start":{"line":127,"column":0},"end":{"line":127,"column":34}}},"16":{"name":"trigger","line":131,"loc":{"start":{"line":131,"column":0},"end":{"line":131,"column":29}}},"17":{"name":"on","line":140,"loc":{"start":{"line":140,"column":0},"end":{"line":140,"column":22}}},"18":{"name":"off","line":148,"loc":{"start":{"line":148,"column":0},"end":{"line":148,"column":23}}},"19":{"name":"one","line":161,"loc":{"start":{"line":161,"column":0},"end":{"line":161,"column":23}}},"20":{"name":"self","line":162,"loc":{"start":{"line":162,"column":10},"end":{"line":162,"column":26}}},"21":{"name":"attachEvent","line":168,"loc":{"start":{"line":168,"column":0},"end":{"line":168,"column":39}}},"22":{"name":"findEl","line":170,"loc":{"start":{"line":170,"column":14},"end":{"line":170,"column":48}}},"23":{"name":"(anonymous_23)","line":178,"loc":{"start":{"line":178,"column":16},"end":{"line":178,"column":36}}},"24":{"name":"(anonymous_24)","line":179,"loc":{"start":{"line":179,"column":41},"end":{"line":179,"column":58}}},"25":{"name":"(anonymous_25)","line":180,"loc":{"start":{"line":180,"column":30},"end":{"line":180,"column":43}}},"26":{"name":"(anonymous_26)","line":183,"loc":{"start":{"line":183,"column":33},"end":{"line":183,"column":45}}},"27":{"name":"attachSubEvents","line":193,"loc":{"start":{"line":193,"column":0},"end":{"line":193,"column":41}}},"28":{"name":"(anonymous_28)","line":197,"loc":{"start":{"line":197,"column":27},"end":{"line":197,"column":44}}},"29":{"name":"dataResolver","line":219,"loc":{"start":{"line":219,"column":19},"end":{"line":219,"column":54}}},"30":{"name":"isArray","line":223,"loc":{"start":{"line":223,"column":0},"end":{"line":223,"column":22}}},"31":{"name":"hashCode","line":227,"loc":{"start":{"line":227,"column":0},"end":{"line":227,"column":23}}},"32":{"name":"setDataResolver","line":239,"loc":{"start":{"line":239,"column":0},"end":{"line":239,"column":35}}},"33":{"name":"Tag","line":243,"loc":{"start":{"line":243,"column":0},"end":{"line":243,"column":34}}},"34":{"name":"(anonymous_34)","line":251,"loc":{"start":{"line":251,"column":33},"end":{"line":251,"column":49}}},"35":{"name":"(anonymous_35)","line":259,"loc":{"start":{"line":259,"column":28},"end":{"line":259,"column":45}}},"36":{"name":"(anonymous_36)","line":262,"loc":{"start":{"line":262,"column":70},"end":{"line":262,"column":87}}},"37":{"name":"setFilter","line":274,"loc":{"start":{"line":274,"column":0},"end":{"line":274,"column":27}}},"38":{"name":"clearTagsCreated","line":282,"loc":{"start":{"line":282,"column":0},"end":{"line":282,"column":28}}},"39":{"name":"getTagsCreated","line":290,"loc":{"start":{"line":290,"column":0},"end":{"line":290,"column":26}}},"40":{"name":"getInnerHTML","line":301,"loc":{"start":{"line":301,"column":0},"end":{"line":301,"column":28}}},"41":{"name":"(anonymous_41)","line":305,"loc":{"start":{"line":305,"column":169},"end":{"line":305,"column":186}}},"42":{"name":"(anonymous_42)","line":311,"loc":{"start":{"line":311,"column":66},"end":{"line":311,"column":82}}},"43":{"name":"createElement","line":330,"loc":{"start":{"line":330,"column":0},"end":{"line":330,"column":39}}},"44":{"name":"(anonymous_44)","line":338,"loc":{"start":{"line":338,"column":39},"end":{"line":338,"column":55}}},"45":{"name":"applyText","line":349,"loc":{"start":{"line":349,"column":0},"end":{"line":349,"column":50}}},"46":{"name":"applyDOM","line":374,"loc":{"start":{"line":374,"column":0},"end":{"line":374,"column":39}}},"47":{"name":"resolveData","line":460,"loc":{"start":{"line":460,"column":18},"end":{"line":460,"column":58}}},"48":{"name":"resolveDataKey","line":470,"loc":{"start":{"line":470,"column":21},"end":{"line":470,"column":50}}},"49":{"name":"getHost","line":482,"loc":{"start":{"line":482,"column":10},"end":{"line":482,"column":29}}},"50":{"name":"setProps","line":486,"loc":{"start":{"line":486,"column":11},"end":{"line":486,"column":42}}},"51":{"name":"(anonymous_51)","line":496,"loc":{"start":{"line":496,"column":51},"end":{"line":496,"column":64}}},"52":{"name":"getDataRegistry","line":507,"loc":{"start":{"line":507,"column":0},"end":{"line":507,"column":27}}},"53":{"name":"setDataRegistry","line":510,"loc":{"start":{"line":510,"column":0},"end":{"line":510,"column":36}}},"54":{"name":"setResolveData","line":513,"loc":{"start":{"line":513,"column":0},"end":{"line":513,"column":33}}},"55":{"name":"registerTag","line":516,"loc":{"start":{"line":516,"column":0},"end":{"line":516,"column":41}}},"56":{"name":"(anonymous_56)","line":525,"loc":{"start":{"line":525,"column":39},"end":{"line":525,"column":63}}},"57":{"name":"(anonymous_57)","line":543,"loc":{"start":{"line":543,"column":70},"end":{"line":543,"column":85}}},"58":{"name":"(anonymous_58)","line":554,"loc":{"start":{"line":554,"column":69},"end":{"line":554,"column":84}}},"59":{"name":"mount","line":559,"loc":{"start":{"line":559,"column":0},"end":{"line":559,"column":34}}},"60":{"name":"render","line":567,"loc":{"start":{"line":567,"column":0},"end":{"line":567,"column":21}}},"61":{"name":"flushRegisteredTags","line":574,"loc":{"start":{"line":574,"column":0},"end":{"line":574,"column":31}}},"62":{"name":"initializeTag","line":578,"loc":{"start":{"line":578,"column":0},"end":{"line":578,"column":43}}},"63":{"name":"(anonymous_63)","line":612,"loc":{"start":{"line":612,"column":46},"end":{"line":612,"column":61}}},"64":{"name":"(anonymous_64)","line":616,"loc":{"start":{"line":616,"column":8},"end":{"line":616,"column":21}}},"65":{"name":"(anonymous_65)","line":630,"loc":{"start":{"line":630,"column":35},"end":{"line":630,"column":49}}},"66":{"name":"defineAttribute","line":639,"loc":{"start":{"line":639,"column":0},"end":{"line":639,"column":43}}},"67":{"name":"initializeNode","line":649,"loc":{"start":{"line":649,"column":0},"end":{"line":649,"column":30}}},"68":{"name":"set$$1","line":670,"loc":{"start":{"line":670,"column":8},"end":{"line":670,"column":29}}},"69":{"name":"get$$1","line":675,"loc":{"start":{"line":675,"column":8},"end":{"line":675,"column":26}}},"70":{"name":"(anonymous_70)","line":680,"loc":{"start":{"line":680,"column":20},"end":{"line":680,"column":41}}},"71":{"name":"renderTag","line":699,"loc":{"start":{"line":699,"column":0},"end":{"line":699,"column":24}}},"72":{"name":"dataToString","line":713,"loc":{"start":{"line":713,"column":1},"end":{"line":713,"column":29}}},"73":{"name":"(anonymous_73)","line":810,"loc":{"start":{"line":810,"column":26},"end":{"line":810,"column":46}}},"74":{"name":"unmount","line":831,"loc":{"start":{"line":831,"column":0},"end":{"line":831,"column":22}}},"75":{"name":"(anonymous_75)","line":835,"loc":{"start":{"line":835,"column":90},"end":{"line":835,"column":106}}},"76":{"name":"(anonymous_76)","line":837,"loc":{"start":{"line":837,"column":6},"end":{"line":837,"column":22}}},"77":{"name":"getAttributes","line":852,"loc":{"start":{"line":852,"column":0},"end":{"line":852,"column":39}}},"78":{"name":"(anonymous_78)","line":856,"loc":{"start":{"line":856,"column":89},"end":{"line":856,"column":105}}},"79":{"name":"(anonymous_79)","line":858,"loc":{"start":{"line":858,"column":5},"end":{"line":858,"column":26}}},"80":{"name":"(anonymous_80)","line":866,"loc":{"start":{"line":866,"column":69},"end":{"line":866,"column":90}}},"81":{"name":"setElementAttr","line":876,"loc":{"start":{"line":876,"column":0},"end":{"line":876,"column":32}}},"82":{"name":"(anonymous_82)","line":880,"loc":{"start":{"line":880,"column":34},"end":{"line":880,"column":48}}},"83":{"name":"assertValue","line":898,"loc":{"start":{"line":898,"column":0},"end":{"line":898,"column":31}}},"84":{"name":"(anonymous_84)","line":904,"loc":{"start":{"line":904,"column":11},"end":{"line":904,"column":31}}},"85":{"name":"_false","line":908,"loc":{"start":{"line":908,"column":9},"end":{"line":908,"column":28}}},"86":{"name":"_true","line":912,"loc":{"start":{"line":912,"column":8},"end":{"line":912,"column":26}}},"87":{"name":"not","line":916,"loc":{"start":{"line":916,"column":7},"end":{"line":916,"column":26}}},"88":{"name":"is","line":920,"loc":{"start":{"line":920,"column":6},"end":{"line":920,"column":24}}},"89":{"name":"throws","line":924,"loc":{"start":{"line":924,"column":10},"end":{"line":924,"column":36}}},"90":{"name":"(anonymous_90)","line":963,"loc":{"start":{"line":963,"column":26},"end":{"line":963,"column":39}}},"91":{"name":"(anonymous_91)","line":964,"loc":{"start":{"line":964,"column":13},"end":{"line":964,"column":28}}},"92":{"name":"render$$1","line":967,"loc":{"start":{"line":967,"column":11},"end":{"line":967,"column":36}}},"93":{"name":"(anonymous_93)","line":968,"loc":{"start":{"line":968,"column":183},"end":{"line":968,"column":196}}},"94":{"name":"(anonymous_94)","line":970,"loc":{"start":{"line":970,"column":63},"end":{"line":970,"column":76}}},"95":{"name":"click","line":979,"loc":{"start":{"line":979,"column":13},"end":{"line":979,"column":31}}},"96":{"name":"render$$1","line":984,"loc":{"start":{"line":984,"column":12},"end":{"line":984,"column":33}}},"97":{"name":"(anonymous_97)","line":993,"loc":{"start":{"line":993,"column":27},"end":{"line":993,"column":42}}},"98":{"name":"(anonymous_98)","line":1006,"loc":{"start":{"line":1006,"column":39},"end":{"line":1006,"column":52}}},"99":{"name":"(anonymous_99)","line":1007,"loc":{"start":{"line":1007,"column":13},"end":{"line":1007,"column":28}}},"100":{"name":"render$$1","line":1010,"loc":{"start":{"line":1010,"column":11},"end":{"line":1010,"column":32}}},"101":{"name":"(anonymous_101)","line":1023,"loc":{"start":{"line":1023,"column":13},"end":{"line":1023,"column":28}}},"102":{"name":"render$$1","line":1026,"loc":{"start":{"line":1026,"column":11},"end":{"line":1026,"column":32}}},"103":{"name":"(anonymous_103)","line":1031,"loc":{"start":{"line":1031,"column":13},"end":{"line":1031,"column":28}}},"104":{"name":"render$$1","line":1034,"loc":{"start":{"line":1034,"column":11},"end":{"line":1034,"column":32}}},"105":{"name":"(anonymous_105)","line":1039,"loc":{"start":{"line":1039,"column":13},"end":{"line":1039,"column":28}}},"106":{"name":"render$$1","line":1042,"loc":{"start":{"line":1042,"column":11},"end":{"line":1042,"column":32}}},"107":{"name":"(anonymous_107)","line":1048,"loc":{"start":{"line":1048,"column":13},"end":{"line":1048,"column":28}}},"108":{"name":"render$$1","line":1051,"loc":{"start":{"line":1051,"column":11},"end":{"line":1051,"column":32}}},"109":{"name":"(anonymous_109)","line":1060,"loc":{"start":{"line":1060,"column":28},"end":{"line":1060,"column":41}}},"110":{"name":"(anonymous_110)","line":1062,"loc":{"start":{"line":1062,"column":10},"end":{"line":1062,"column":22}}},"111":{"name":"(anonymous_111)","line":1063,"loc":{"start":{"line":1063,"column":14},"end":{"line":1063,"column":29}}},"112":{"name":"render$$1","line":1064,"loc":{"start":{"line":1064,"column":34},"end":{"line":1064,"column":55}}},"113":{"name":"mount$$1","line":1066,"loc":{"start":{"line":1066,"column":27},"end":{"line":1066,"column":47}}},"114":{"name":"(anonymous_114)","line":1073,"loc":{"start":{"line":1073,"column":10},"end":{"line":1073,"column":22}}},"115":{"name":"(anonymous_115)","line":1074,"loc":{"start":{"line":1074,"column":14},"end":{"line":1074,"column":29}}},"116":{"name":"render$$1","line":1075,"loc":{"start":{"line":1075,"column":34},"end":{"line":1075,"column":55}}},"117":{"name":"render$$1","line":1077,"loc":{"start":{"line":1077,"column":28},"end":{"line":1077,"column":49}}},"118":{"name":"(anonymous_118)","line":1083,"loc":{"start":{"line":1083,"column":10},"end":{"line":1083,"column":22}}},"119":{"name":"(anonymous_119)","line":1089,"loc":{"start":{"line":1089,"column":13},"end":{"line":1089,"column":28}}},"120":{"name":"render$$1","line":1090,"loc":{"start":{"line":1090,"column":33},"end":{"line":1090,"column":54}}},"121":{"name":"mount$$1","line":1092,"loc":{"start":{"line":1092,"column":26},"end":{"line":1092,"column":46}}},"122":{"name":"(anonymous_122)","line":1096,"loc":{"start":{"line":1096,"column":10},"end":{"line":1096,"column":22}}},"123":{"name":"(anonymous_123)","line":1097,"loc":{"start":{"line":1097,"column":14},"end":{"line":1097,"column":29}}},"124":{"name":"render$$1","line":1098,"loc":{"start":{"line":1098,"column":34},"end":{"line":1098,"column":59}}},"125":{"name":"(anonymous_125)","line":1099,"loc":{"start":{"line":1099,"column":33},"end":{"line":1099,"column":46}}},"126":{"name":"(anonymous_126)","line":1107,"loc":{"start":{"line":1107,"column":13},"end":{"line":1107,"column":28}}},"127":{"name":"render$$1","line":1108,"loc":{"start":{"line":1108,"column":33},"end":{"line":1108,"column":54}}},"128":{"name":"render$$1","line":1110,"loc":{"start":{"line":1110,"column":27},"end":{"line":1110,"column":48}}},"129":{"name":"(anonymous_129)","line":1114,"loc":{"start":{"line":1114,"column":10},"end":{"line":1114,"column":22}}},"130":{"name":"(anonymous_130)","line":1115,"loc":{"start":{"line":1115,"column":14},"end":{"line":1115,"column":29}}},"131":{"name":"render$$1","line":1116,"loc":{"start":{"line":1116,"column":34},"end":{"line":1116,"column":59}}},"132":{"name":"(anonymous_132)","line":1124,"loc":{"start":{"line":1124,"column":28},"end":{"line":1124,"column":40}}},"133":{"name":"(anonymous_133)","line":1127,"loc":{"start":{"line":1127,"column":13},"end":{"line":1127,"column":28}}},"134":{"name":"render$$1","line":1128,"loc":{"start":{"line":1128,"column":33},"end":{"line":1128,"column":54}}},"135":{"name":"(anonymous_135)","line":1135,"loc":{"start":{"line":1135,"column":35},"end":{"line":1135,"column":48}}},"136":{"name":"(anonymous_136)","line":1138,"loc":{"start":{"line":1138,"column":13},"end":{"line":1138,"column":28}}},"137":{"name":"render$$1","line":1141,"loc":{"start":{"line":1141,"column":11},"end":{"line":1141,"column":36}}},"138":{"name":"(anonymous_138)","line":1165,"loc":{"start":{"line":1165,"column":42},"end":{"line":1165,"column":55}}},"139":{"name":"(anonymous_139)","line":1175,"loc":{"start":{"line":1175,"column":13},"end":{"line":1175,"column":28}}},"140":{"name":"render$$1","line":1178,"loc":{"start":{"line":1178,"column":11},"end":{"line":1178,"column":32}}},"141":{"name":"(anonymous_141)","line":1184,"loc":{"start":{"line":1184,"column":13},"end":{"line":1184,"column":28}}},"142":{"name":"render$$1","line":1187,"loc":{"start":{"line":1187,"column":11},"end":{"line":1187,"column":32}}},"143":{"name":"(anonymous_143)","line":1193,"loc":{"start":{"line":1193,"column":13},"end":{"line":1193,"column":28}}},"144":{"name":"render$$1","line":1196,"loc":{"start":{"line":1196,"column":11},"end":{"line":1196,"column":36}}},"145":{"name":"checkStructure","line":1215,"loc":{"start":{"line":1215,"column":1},"end":{"line":1215,"column":27}}},"146":{"name":"(anonymous_146)","line":1230,"loc":{"start":{"line":1230,"column":26},"end":{"line":1230,"column":39}}},"147":{"name":"(anonymous_147)","line":1234,"loc":{"start":{"line":1234,"column":13},"end":{"line":1234,"column":28}}},"148":{"name":"render$$1","line":1237,"loc":{"start":{"line":1237,"column":11},"end":{"line":1237,"column":36}}},"149":{"name":"mount$$1","line":1242,"loc":{"start":{"line":1242,"column":11},"end":{"line":1242,"column":31}}},"150":{"name":"(anonymous_150)","line":1253,"loc":{"start":{"line":1253,"column":13},"end":{"line":1253,"column":28}}},"151":{"name":"render$$1","line":1256,"loc":{"start":{"line":1256,"column":11},"end":{"line":1256,"column":36}}},"152":{"name":"render$$1","line":1260,"loc":{"start":{"line":1260,"column":12},"end":{"line":1260,"column":33}}},"153":{"name":"mount$$1","line":1263,"loc":{"start":{"line":1263,"column":11},"end":{"line":1263,"column":31}}},"154":{"name":"(anonymous_154)","line":1274,"loc":{"start":{"line":1274,"column":32},"end":{"line":1274,"column":45}}},"155":{"name":"(anonymous_155)","line":1279,"loc":{"start":{"line":1279,"column":13},"end":{"line":1279,"column":28}}},"156":{"name":"render$$1","line":1282,"loc":{"start":{"line":1282,"column":11},"end":{"line":1282,"column":36}}},"157":{"name":"(anonymous_157)","line":1292,"loc":{"start":{"line":1292,"column":13},"end":{"line":1292,"column":28}}},"158":{"name":"render$$1","line":1295,"loc":{"start":{"line":1295,"column":11},"end":{"line":1295,"column":36}}},"159":{"name":"(anonymous_159)","line":1300,"loc":{"start":{"line":1300,"column":13},"end":{"line":1300,"column":28}}},"160":{"name":"render$$1","line":1303,"loc":{"start":{"line":1303,"column":11},"end":{"line":1303,"column":36}}},"161":{"name":"render$$1","line":1310,"loc":{"start":{"line":1310,"column":12},"end":{"line":1310,"column":33}}},"162":{"name":"mount$$1","line":1316,"loc":{"start":{"line":1316,"column":11},"end":{"line":1316,"column":31}}},"163":{"name":"(anonymous_163)","line":1329,"loc":{"start":{"line":1329,"column":38},"end":{"line":1329,"column":51}}},"164":{"name":"MyComponent","line":1333,"loc":{"start":{"line":1333,"column":13},"end":{"line":1333,"column":36}}},"165":{"name":"render$$1","line":1335,"loc":{"start":{"line":1335,"column":11},"end":{"line":1335,"column":32}}},"166":{"name":"(anonymous_166)","line":1345,"loc":{"start":{"line":1345,"column":10},"end":{"line":1345,"column":22}}},"167":{"name":"(anonymous_167)","line":1346,"loc":{"start":{"line":1346,"column":14},"end":{"line":1346,"column":26}}},"168":{"name":"render$$1","line":1348,"loc":{"start":{"line":1348,"column":12},"end":{"line":1348,"column":33}}},"169":{"name":"getNthChild","line":1356,"loc":{"start":{"line":1356,"column":0},"end":{"line":1356,"column":32}}},"170":{"name":"(anonymous_170)","line":1362,"loc":{"start":{"line":1362,"column":31},"end":{"line":1362,"column":44}}},"171":{"name":"(anonymous_171)","line":1364,"loc":{"start":{"line":1364,"column":16},"end":{"line":1364,"column":28}}},"172":{"name":"(anonymous_172)","line":1372,"loc":{"start":{"line":1372,"column":19},"end":{"line":1372,"column":35}}},"173":{"name":"(anonymous_173)","line":1380,"loc":{"start":{"line":1380,"column":33},"end":{"line":1380,"column":46}}},"174":{"name":"handler","line":1382,"loc":{"start":{"line":1382,"column":15},"end":{"line":1382,"column":34}}},"175":{"name":"(anonymous_175)","line":1391,"loc":{"start":{"line":1391,"column":20},"end":{"line":1391,"column":32}}},"176":{"name":"(anonymous_176)","line":1394,"loc":{"start":{"line":1394,"column":20},"end":{"line":1394,"column":32}}},"177":{"name":"(anonymous_177)","line":1397,"loc":{"start":{"line":1397,"column":20},"end":{"line":1397,"column":32}}},"178":{"name":"(anonymous_178)","line":1408,"loc":{"start":{"line":1408,"column":38},"end":{"line":1408,"column":51}}},"179":{"name":"(anonymous_179)","line":1411,"loc":{"start":{"line":1411,"column":17},"end":{"line":1411,"column":29}}},"180":{"name":"(anonymous_180)","line":1422,"loc":{"start":{"line":1422,"column":31},"end":{"line":1422,"column":44}}},"181":{"name":"(anonymous_181)","line":1426,"loc":{"start":{"line":1426,"column":23},"end":{"line":1426,"column":39}}},"182":{"name":"(anonymous_182)","line":1434,"loc":{"start":{"line":1434,"column":24},"end":{"line":1434,"column":41}}},"183":{"name":"(anonymous_183)","line":1442,"loc":{"start":{"line":1442,"column":26},"end":{"line":1442,"column":43}}},"184":{"name":"(anonymous_184)","line":1450,"loc":{"start":{"line":1450,"column":18},"end":{"line":1450,"column":30}}},"185":{"name":"handleStyles","line":1517,"loc":{"start":{"line":1517,"column":0},"end":{"line":1517,"column":39}}},"186":{"name":"(anonymous_186)","line":1518,"loc":{"start":{"line":1518,"column":29},"end":{"line":1518,"column":46}}},"187":{"name":"(anonymous_187)","line":1520,"loc":{"start":{"line":1520,"column":50},"end":{"line":1520,"column":75}}},"188":{"name":"(anonymous_188)","line":1524,"loc":{"start":{"line":1524,"column":40},"end":{"line":1524,"column":60}}},"189":{"name":"parse","line":1538,"loc":{"start":{"line":1538,"column":0},"end":{"line":1538,"column":21}}},"190":{"name":"getData","line":1555,"loc":{"start":{"line":1555,"column":1},"end":{"line":1555,"column":20}}},"191":{"name":"handleText","line":1560,"loc":{"start":{"line":1560,"column":1},"end":{"line":1560,"column":35}}},"192":{"name":"(anonymous_192)","line":1600,"loc":{"start":{"line":1600,"column":49},"end":{"line":1600,"column":66}}},"193":{"name":"makeAttributes","line":1623,"loc":{"start":{"line":1623,"column":1},"end":{"line":1623,"column":32}}},"194":{"name":"(anonymous_194)","line":1635,"loc":{"start":{"line":1635,"column":24},"end":{"line":1635,"column":43}}},"195":{"name":"(anonymous_195)","line":1636,"loc":{"start":{"line":1636,"column":78},"end":{"line":1636,"column":97}}},"196":{"name":"(anonymous_196)","line":1645,"loc":{"start":{"line":1645,"column":100},"end":{"line":1645,"column":122}}},"197":{"name":"(anonymous_197)","line":1738,"loc":{"start":{"line":1738,"column":46},"end":{"line":1738,"column":62}}},"198":{"name":"run","line":1743,"loc":{"start":{"line":1743,"column":0},"end":{"line":1743,"column":19}}},"199":{"name":"render$1","line":1747,"loc":{"start":{"line":1747,"column":0},"end":{"line":1747,"column":37}}},"200":{"name":"(anonymous_200)","line":1757,"loc":{"start":{"line":1757,"column":25},"end":{"line":1757,"column":38}}},"201":{"name":"(anonymous_201)","line":1772,"loc":{"start":{"line":1772,"column":21},"end":{"line":1772,"column":34}}},"202":{"name":"(anonymous_202)","line":1776,"loc":{"start":{"line":1776,"column":10},"end":{"line":1776,"column":22}}},"203":{"name":"(anonymous_203)","line":1785,"loc":{"start":{"line":1785,"column":25},"end":{"line":1785,"column":38}}},"204":{"name":"(anonymous_204)","line":1801,"loc":{"start":{"line":1801,"column":25},"end":{"line":1801,"column":38}}},"205":{"name":"test$$1","line":1805,"loc":{"start":{"line":1805,"column":44},"end":{"line":1805,"column":63}}},"206":{"name":"(anonymous_206)","line":1813,"loc":{"start":{"line":1813,"column":21},"end":{"line":1813,"column":34}}},"207":{"name":"(anonymous_207)","line":1824,"loc":{"start":{"line":1824,"column":10},"end":{"line":1824,"column":22}}},"208":{"name":"(anonymous_208)","line":1827,"loc":{"start":{"line":1827,"column":10},"end":{"line":1827,"column":22}}},"209":{"name":"(anonymous_209)","line":1832,"loc":{"start":{"line":1832,"column":28},"end":{"line":1832,"column":41}}},"210":{"name":"(anonymous_210)","line":1841,"loc":{"start":{"line":1841,"column":17},"end":{"line":1841,"column":30}}},"211":{"name":"(anonymous_211)","line":1845,"loc":{"start":{"line":1845,"column":23},"end":{"line":1845,"column":36}}},"212":{"name":"(anonymous_212)","line":1850,"loc":{"start":{"line":1850,"column":23},"end":{"line":1850,"column":36}}},"213":{"name":"value","line":1873,"loc":{"start":{"line":1873,"column":10},"end":{"line":1873,"column":27}}},"214":{"name":"(anonymous_214)","line":1879,"loc":{"start":{"line":1879,"column":21},"end":{"line":1879,"column":34}}},"215":{"name":"(anonymous_215)","line":1880,"loc":{"start":{"line":1880,"column":17},"end":{"line":1880,"column":40}}},"216":{"name":"(anonymous_216)","line":1884,"loc":{"start":{"line":1884,"column":17},"end":{"line":1884,"column":39}}},"217":{"name":"(anonymous_217)","line":1895,"loc":{"start":{"line":1895,"column":29},"end":{"line":1895,"column":42}}},"218":{"name":"(anonymous_218)","line":1900,"loc":{"start":{"line":1900,"column":38},"end":{"line":1900,"column":51}}},"219":{"name":"(anonymous_219)","line":1907,"loc":{"start":{"line":1907,"column":25},"end":{"line":1907,"column":38}}},"220":{"name":"(anonymous_220)","line":1914,"loc":{"start":{"line":1914,"column":29},"end":{"line":1914,"column":42}}},"221":{"name":"(anonymous_221)","line":1921,"loc":{"start":{"line":1921,"column":24},"end":{"line":1921,"column":37}}},"222":{"name":"(anonymous_222)","line":1932,"loc":{"start":{"line":1932,"column":32},"end":{"line":1932,"column":45}}},"223":{"name":"(anonymous_223)","line":1937,"loc":{"start":{"line":1937,"column":21},"end":{"line":1937,"column":34}}},"224":{"name":"(anonymous_224)","line":1954,"loc":{"start":{"line":1954,"column":17},"end":{"line":1954,"column":30}}},"225":{"name":"(anonymous_225)","line":1969,"loc":{"start":{"line":1969,"column":17},"end":{"line":1969,"column":39}}},"226":{"name":"(anonymous_226)","line":1970,"loc":{"start":{"line":1970,"column":32},"end":{"line":1970,"column":47}}},"227":{"name":"_import","line":1991,"loc":{"start":{"line":1991,"column":9},"end":{"line":1991,"column":35}}},"228":{"name":"runCode","line":1994,"loc":{"start":{"line":1994,"column":16},"end":{"line":1994,"column":39}}},"229":{"name":"setDocument","line":2010,"loc":{"start":{"line":2010,"column":0},"end":{"line":2010,"column":26}}},"230":{"name":"setComponentLoader","line":2013,"loc":{"start":{"line":2013,"column":0},"end":{"line":2013,"column":32}}},"231":{"name":"(anonymous_231)","line":2016,"loc":{"start":{"line":2016,"column":20},"end":{"line":2016,"column":36}}},"232":{"name":"collector","line":2031,"loc":{"start":{"line":2031,"column":16},"end":{"line":2031,"column":45}}},"233":{"name":"(anonymous_233)","line":2042,"loc":{"start":{"line":2042,"column":19},"end":{"line":2042,"column":42}}},"234":{"name":"(anonymous_234)","line":2048,"loc":{"start":{"line":2048,"column":21},"end":{"line":2048,"column":33}}},"235":{"name":"(anonymous_235)","line":2051,"loc":{"start":{"line":2051,"column":21},"end":{"line":2051,"column":33}}},"236":{"name":"(anonymous_236)","line":2054,"loc":{"start":{"line":2054,"column":103},"end":{"line":2054,"column":132}}},"237":{"name":"toJSON","line":2074,"loc":{"start":{"line":2074,"column":0},"end":{"line":2074,"column":21}}},"238":{"name":"(anonymous_238)","line":2084,"loc":{"start":{"line":2084,"column":23},"end":{"line":2084,"column":40}}},"239":{"name":"(anonymous_239)","line":2088,"loc":{"start":{"line":2088,"column":35},"end":{"line":2088,"column":52}}},"240":{"name":"renderComponent","line":2094,"loc":{"start":{"line":2094,"column":0},"end":{"line":2094,"column":47}}},"241":{"name":"(anonymous_241)","line":2104,"loc":{"start":{"line":2104,"column":23},"end":{"line":2104,"column":50}}},"242":{"name":"(anonymous_242)","line":2112,"loc":{"start":{"line":2112,"column":12},"end":{"line":2112,"column":27}}},"243":{"name":"(anonymous_243)","line":2118,"loc":{"start":{"line":2118,"column":57},"end":{"line":2118,"column":83}}},"244":{"name":"(anonymous_244)","line":2140,"loc":{"start":{"line":2140,"column":46},"end":{"line":2140,"column":63}}},"245":{"name":"(anonymous_245)","line":2151,"loc":{"start":{"line":2151,"column":21},"end":{"line":2151,"column":33}}},"246":{"name":"(anonymous_246)","line":2165,"loc":{"start":{"line":2165,"column":36},"end":{"line":2165,"column":49}}},"247":{"name":"(anonymous_247)","line":2167,"loc":{"start":{"line":2167,"column":13},"end":{"line":2167,"column":31}}},"248":{"name":"(anonymous_248)","line":2172,"loc":{"start":{"line":2172,"column":29},"end":{"line":2172,"column":42}}},"249":{"name":"(anonymous_249)","line":2174,"loc":{"start":{"line":2174,"column":13},"end":{"line":2174,"column":29}}},"250":{"name":"(anonymous_250)","line":2179,"loc":{"start":{"line":2179,"column":34},"end":{"line":2179,"column":47}}},"251":{"name":"(anonymous_251)","line":2181,"loc":{"start":{"line":2181,"column":13},"end":{"line":2181,"column":29}}},"252":{"name":"(anonymous_252)","line":2183,"loc":{"start":{"line":2183,"column":10},"end":{"line":2183,"column":23}}},"253":{"name":"sha1","line":2188,"loc":{"start":{"line":2188,"column":11},"end":{"line":2188,"column":31}}},"254":{"name":"require","line":2202,"loc":{"start":{"line":2202,"column":10},"end":{"line":2202,"column":29}}},"255":{"name":"(anonymous_255)","line":2207,"loc":{"start":{"line":2207,"column":21},"end":{"line":2207,"column":36}}},"256":{"name":"importTag","line":2212,"loc":{"start":{"line":2212,"column":0},"end":{"line":2212,"column":38}}},"257":{"name":"clearImports","line":2234,"loc":{"start":{"line":2234,"column":0},"end":{"line":2234,"column":24}}},"258":{"name":"clearEvents","line":2238,"loc":{"start":{"line":2238,"column":0},"end":{"line":2238,"column":23}}},"259":{"name":"(anonymous_259)","line":2239,"loc":{"start":{"line":2239,"column":30},"end":{"line":2239,"column":47}}},"260":{"name":"matchesSnapshot","line":2248,"loc":{"start":{"line":2248,"column":0},"end":{"line":2248,"column":27}}},"261":{"name":"(anonymous_261)","line":2261,"loc":{"start":{"line":2261,"column":49},"end":{"line":2261,"column":61}}},"262":{"name":"(anonymous_262)","line":2269,"loc":{"start":{"line":2269,"column":41},"end":{"line":2269,"column":53}}},"263":{"name":"(anonymous_263)","line":2275,"loc":{"start":{"line":2275,"column":16},"end":{"line":2275,"column":48}}},"264":{"name":"(anonymous_264)","line":2282,"loc":{"start":{"line":2282,"column":4},"end":{"line":2282,"column":19}}},"265":{"name":"(anonymous_265)","line":2296,"loc":{"start":{"line":2296,"column":33},"end":{"line":2296,"column":46}}},"266":{"name":"(anonymous_266)","line":2299,"loc":{"start":{"line":2299,"column":37},"end":{"line":2299,"column":51}}},"267":{"name":"(anonymous_267)","line":2302,"loc":{"start":{"line":2302,"column":73},"end":{"line":2302,"column":90}}},"268":{"name":"(anonymous_268)","line":2323,"loc":{"start":{"line":2323,"column":22},"end":{"line":2323,"column":38}}},"269":{"name":"(anonymous_269)","line":2336,"loc":{"start":{"line":2336,"column":23},"end":{"line":2336,"column":38}}},"270":{"name":"writeResult","line":2340,"loc":{"start":{"line":2340,"column":0},"end":{"line":2340,"column":29}}},"271":{"name":"(anonymous_271)","line":2346,"loc":{"start":{"line":2346,"column":25},"end":{"line":2346,"column":38}}},"272":{"name":"(anonymous_272)","line":2351,"loc":{"start":{"line":2351,"column":30},"end":{"line":2351,"column":43}}},"273":{"name":"(anonymous_273)","line":2353,"loc":{"start":{"line":2353,"column":22},"end":{"line":2353,"column":34}}},"274":{"name":"(anonymous_274)","line":2361,"loc":{"start":{"line":2361,"column":43},"end":{"line":2361,"column":56}}},"275":{"name":"(anonymous_275)","line":2370,"loc":{"start":{"line":2370,"column":41},"end":{"line":2370,"column":54}}},"276":{"name":"(anonymous_276)","line":2373,"loc":{"start":{"line":2373,"column":36},"end":{"line":2373,"column":49}}},"277":{"name":"(anonymous_277)","line":2375,"loc":{"start":{"line":2375,"column":65},"end":{"line":2375,"column":80}}},"278":{"name":"(anonymous_278)","line":2383,"loc":{"start":{"line":2383,"column":53},"end":{"line":2383,"column":66}}},"279":{"name":"(anonymous_279)","line":2387,"loc":{"start":{"line":2387,"column":40},"end":{"line":2387,"column":53}}},"280":{"name":"(anonymous_280)","line":2395,"loc":{"start":{"line":2395,"column":39},"end":{"line":2395,"column":52}}},"281":{"name":"(anonymous_281)","line":2402,"loc":{"start":{"line":2402,"column":34},"end":{"line":2402,"column":47}}},"282":{"name":"(anonymous_282)","line":2403,"loc":{"start":{"line":2403,"column":21},"end":{"line":2403,"column":33}}},"283":{"name":"(anonymous_283)","line":2406,"loc":{"start":{"line":2406,"column":10},"end":{"line":2406,"column":22}}},"284":{"name":"(anonymous_284)","line":2414,"loc":{"start":{"line":2414,"column":34},"end":{"line":2414,"column":47}}},"285":{"name":"(anonymous_285)","line":2420,"loc":{"start":{"line":2420,"column":11},"end":{"line":2420,"column":23}}},"286":{"name":"PropReceiver","line":2421,"loc":{"start":{"line":2421,"column":9},"end":{"line":2421,"column":33}}},"287":{"name":"(anonymous_287)","line":2422,"loc":{"start":{"line":2422,"column":17},"end":{"line":2422,"column":33}}},"288":{"name":"(anonymous_288)","line":2427,"loc":{"start":{"line":2427,"column":11},"end":{"line":2427,"column":23}}},"289":{"name":"PropContainer","line":2428,"loc":{"start":{"line":2428,"column":9},"end":{"line":2428,"column":34}}},"290":{"name":"(anonymous_290)","line":2429,"loc":{"start":{"line":2429,"column":17},"end":{"line":2429,"column":33}}}},"statementMap":{"1":{"start":{"line":3,"column":0},"end":{"line":3,"column":62}},"2":{"start":{"line":5,"column":0},"end":{"line":5,"column":114}},"3":{"start":{"line":5,"column":32},"end":{"line":5,"column":112}},"4":{"start":{"line":7,"column":0},"end":{"line":7,"column":52}},"5":{"start":{"line":8,"column":0},"end":{"line":8,"column":48}},"6":{"start":{"line":9,"column":0},"end":{"line":9,"column":57}},"7":{"start":{"line":10,"column":0},"end":{"line":10,"column":40}},"8":{"start":{"line":11,"column":0},"end":{"line":11,"column":44}},"9":{"start":{"line":12,"column":0},"end":{"line":12,"column":49}},"10":{"start":{"line":13,"column":0},"end":{"line":13,"column":31}},"11":{"start":{"line":14,"column":0},"end":{"line":14,"column":57}},"12":{"start":{"line":16,"column":0},"end":{"line":20,"column":2}},"13":{"start":{"line":17,"column":2},"end":{"line":17,"column":20}},"14":{"start":{"line":19,"column":2},"end":{"line":19,"column":127}},"15":{"start":{"line":28,"column":0},"end":{"line":42,"column":1}},"16":{"start":{"line":29,"column":1},"end":{"line":31,"column":2}},"17":{"start":{"line":30,"column":2},"end":{"line":30,"column":35}},"18":{"start":{"line":33,"column":1},"end":{"line":39,"column":2}},"19":{"start":{"line":34,"column":2},"end":{"line":38,"column":3}},"20":{"start":{"line":35,"column":3},"end":{"line":37,"column":4}},"21":{"start":{"line":36,"column":4},"end":{"line":36,"column":53}},"22":{"start":{"line":36,"column":30},"end":{"line":36,"column":53}},"23":{"start":{"line":41,"column":1},"end":{"line":41,"column":15}},"24":{"start":{"line":44,"column":0},"end":{"line":46,"column":1}},"25":{"start":{"line":45,"column":1},"end":{"line":45,"column":76}},"26":{"start":{"line":55,"column":0},"end":{"line":85,"column":1}},"27":{"start":{"line":56,"column":1},"end":{"line":57,"column":26}},"28":{"start":{"line":59,"column":1},"end":{"line":59,"column":33}},"29":{"start":{"line":59,"column":12},"end":{"line":59,"column":33}},"30":{"start":{"line":60,"column":1},"end":{"line":60,"column":33}},"31":{"start":{"line":60,"column":12},"end":{"line":60,"column":33}},"32":{"start":{"line":61,"column":1},"end":{"line":76,"column":4}},"33":{"start":{"line":62,"column":2},"end":{"line":62,"column":126}},"34":{"start":{"line":62,"column":119},"end":{"line":62,"column":126}},"35":{"start":{"line":63,"column":2},"end":{"line":75,"column":3}},"36":{"start":{"line":64,"column":3},"end":{"line":64,"column":27}},"37":{"start":{"line":65,"column":9},"end":{"line":75,"column":3}},"38":{"start":{"line":66,"column":3},"end":{"line":66,"column":39}},"39":{"start":{"line":67,"column":3},"end":{"line":67,"column":29}},"40":{"start":{"line":68,"column":3},"end":{"line":68,"column":27}},"41":{"start":{"line":69,"column":9},"end":{"line":75,"column":3}},"42":{"start":{"line":70,"column":3},"end":{"line":72,"column":4}},"43":{"start":{"line":71,"column":4},"end":{"line":71,"column":28}},"44":{"start":{"line":73,"column":9},"end":{"line":75,"column":3}},"45":{"start":{"line":74,"column":3},"end":{"line":74,"column":29}},"46":{"start":{"line":77,"column":1},"end":{"line":82,"column":4}},"47":{"start":{"line":78,"column":2},"end":{"line":78,"column":126}},"48":{"start":{"line":78,"column":119},"end":{"line":78,"column":126}},"49":{"start":{"line":79,"column":2},"end":{"line":81,"column":3}},"50":{"start":{"line":80,"column":3},"end":{"line":80,"column":27}},"51":{"start":{"line":83,"column":1},"end":{"line":83,"column":51}},"52":{"start":{"line":83,"column":37},"end":{"line":83,"column":51}},"53":{"start":{"line":84,"column":1},"end":{"line":84,"column":14}},"54":{"start":{"line":106,"column":0},"end":{"line":111,"column":1}},"55":{"start":{"line":107,"column":1},"end":{"line":110,"column":4}},"56":{"start":{"line":108,"column":2},"end":{"line":108,"column":33}},"57":{"start":{"line":109,"column":2},"end":{"line":109,"column":53}},"58":{"start":{"line":113,"column":0},"end":{"line":115,"column":1}},"59":{"start":{"line":114,"column":1},"end":{"line":114,"column":55}},"60":{"start":{"line":117,"column":0},"end":{"line":119,"column":2}},"61":{"start":{"line":118,"column":1},"end":{"line":118,"column":79}},"62":{"start":{"line":120,"column":0},"end":{"line":122,"column":2}},"63":{"start":{"line":121,"column":1},"end":{"line":121,"column":33}},"64":{"start":{"line":123,"column":0},"end":{"line":123,"column":40}},"65":{"start":{"line":125,"column":0},"end":{"line":125,"column":20}},"66":{"start":{"line":127,"column":0},"end":{"line":129,"column":1}},"67":{"start":{"line":128,"column":1},"end":{"line":128,"column":67}},"68":{"start":{"line":131,"column":0},"end":{"line":138,"column":1}},"69":{"start":{"line":132,"column":1},"end":{"line":132,"column":53}},"70":{"start":{"line":133,"column":1},"end":{"line":133,"column":31}},"71":{"start":{"line":133,"column":24},"end":{"line":133,"column":31}},"72":{"start":{"line":134,"column":1},"end":{"line":137,"column":2}},"73":{"start":{"line":135,"column":2},"end":{"line":135,"column":45}},"74":{"start":{"line":136,"column":2},"end":{"line":136,"column":30}},"75":{"start":{"line":136,"column":24},"end":{"line":136,"column":30}},"76":{"start":{"line":140,"column":0},"end":{"line":146,"column":1}},"77":{"start":{"line":141,"column":1},"end":{"line":143,"column":2}},"78":{"start":{"line":142,"column":2},"end":{"line":142,"column":24}},"79":{"start":{"line":144,"column":1},"end":{"line":144,"column":27}},"80":{"start":{"line":145,"column":1},"end":{"line":145,"column":50}},"81":{"start":{"line":148,"column":0},"end":{"line":159,"column":1}},"82":{"start":{"line":149,"column":1},"end":{"line":152,"column":2}},"83":{"start":{"line":150,"column":2},"end":{"line":150,"column":26}},"84":{"start":{"line":151,"column":2},"end":{"line":151,"column":52}},"85":{"start":{"line":153,"column":1},"end":{"line":158,"column":2}},"86":{"start":{"line":154,"column":2},"end":{"line":157,"column":3}},"87":{"start":{"line":155,"column":3},"end":{"line":155,"column":34}},"88":{"start":{"line":156,"column":3},"end":{"line":156,"column":61}},"89":{"start":{"line":161,"column":0},"end":{"line":166,"column":1}},"90":{"start":{"line":162,"column":1},"end":{"line":165,"column":4}},"91":{"start":{"line":163,"column":2},"end":{"line":163,"column":28}},"92":{"start":{"line":164,"column":2},"end":{"line":164,"column":18}},"93":{"start":{"line":168,"column":0},"end":{"line":191,"column":1}},"94":{"start":{"line":169,"column":1},"end":{"line":169,"column":40}},"95":{"start":{"line":169,"column":33},"end":{"line":169,"column":40}},"96":{"start":{"line":170,"column":1},"end":{"line":177,"column":3}},"97":{"start":{"line":171,"column":2},"end":{"line":171,"column":52}},"98":{"start":{"line":172,"column":2},"end":{"line":175,"column":3}},"99":{"start":{"line":173,"column":3},"end":{"line":173,"column":68}},"100":{"start":{"line":173,"column":34},"end":{"line":173,"column":68}},"101":{"start":{"line":174,"column":3},"end":{"line":174,"column":30}},"102":{"start":{"line":176,"column":2},"end":{"line":176,"column":15}},"103":{"start":{"line":178,"column":1},"end":{"line":190,"column":4}},"104":{"start":{"line":179,"column":2},"end":{"line":189,"column":5}},"105":{"start":{"line":180,"column":3},"end":{"line":188,"column":13}},"106":{"start":{"line":181,"column":4},"end":{"line":181,"column":24}},"107":{"start":{"line":182,"column":4},"end":{"line":187,"column":5}},"108":{"start":{"line":183,"column":5},"end":{"line":185,"column":8}},"109":{"start":{"line":184,"column":6},"end":{"line":184,"column":28}},"110":{"start":{"line":186,"column":5},"end":{"line":186,"column":54}},"111":{"start":{"line":193,"column":0},"end":{"line":215,"column":1}},"112":{"start":{"line":194,"column":1},"end":{"line":194,"column":16}},"113":{"start":{"line":196,"column":1},"end":{"line":214,"column":2}},"114":{"start":{"line":197,"column":2},"end":{"line":213,"column":5}},"115":{"start":{"line":198,"column":3},"end":{"line":198,"column":22}},"116":{"start":{"line":199,"column":3},"end":{"line":204,"column":4}},"117":{"start":{"line":201,"column":4},"end":{"line":201,"column":37}},"118":{"start":{"line":203,"column":4},"end":{"line":203,"column":49}},"119":{"start":{"line":206,"column":3},"end":{"line":212,"column":4}},"120":{"start":{"line":208,"column":4},"end":{"line":208,"column":55}},"121":{"start":{"line":210,"column":4},"end":{"line":210,"column":42}},"122":{"start":{"line":211,"column":4},"end":{"line":211,"column":43}},"123":{"start":{"line":217,"column":0},"end":{"line":217,"column":19}},"124":{"start":{"line":218,"column":0},"end":{"line":218,"column":21}},"125":{"start":{"line":219,"column":0},"end":{"line":221,"column":2}},"126":{"start":{"line":220,"column":1},"end":{"line":220,"column":13}},"127":{"start":{"line":223,"column":0},"end":{"line":225,"column":1}},"128":{"start":{"line":224,"column":1},"end":{"line":224,"column":65}},"129":{"start":{"line":227,"column":0},"end":{"line":237,"column":1}},"130":{"start":{"line":228,"column":1},"end":{"line":230,"column":18}},"131":{"start":{"line":231,"column":1},"end":{"line":235,"column":2}},"132":{"start":{"line":232,"column":2},"end":{"line":232,"column":26}},"133":{"start":{"line":233,"column":2},"end":{"line":233,"column":34}},"134":{"start":{"line":234,"column":2},"end":{"line":234,"column":12}},"135":{"start":{"line":236,"column":1},"end":{"line":236,"column":13}},"136":{"start":{"line":239,"column":0},"end":{"line":241,"column":1}},"137":{"start":{"line":240,"column":1},"end":{"line":240,"column":25}},"138":{"start":{"line":243,"column":0},"end":{"line":268,"column":1}},"139":{"start":{"line":244,"column":1},"end":{"line":246,"column":2}},"140":{"start":{"line":245,"column":2},"end":{"line":245,"column":39}},"141":{"start":{"line":248,"column":1},"end":{"line":248,"column":33}},"142":{"start":{"line":249,"column":1},"end":{"line":249,"column":31}},"143":{"start":{"line":250,"column":1},"end":{"line":250,"column":24}},"144":{"start":{"line":251,"column":1},"end":{"line":254,"column":4}},"145":{"start":{"line":252,"column":2},"end":{"line":252,"column":155}},"146":{"start":{"line":253,"column":2},"end":{"line":253,"column":49}},"147":{"start":{"line":255,"column":1},"end":{"line":255,"column":89}},"148":{"start":{"line":256,"column":1},"end":{"line":265,"column":3}},"149":{"start":{"line":260,"column":3},"end":{"line":260,"column":16}},"150":{"start":{"line":263,"column":3},"end":{"line":263,"column":41}},"151":{"start":{"line":266,"column":1},"end":{"line":266,"column":60}},"152":{"start":{"line":266,"column":38},"end":{"line":266,"column":60}},"153":{"start":{"line":267,"column":1},"end":{"line":267,"column":12}},"154":{"start":{"line":274,"column":0},"end":{"line":276,"column":1}},"155":{"start":{"line":275,"column":1},"end":{"line":275,"column":20}},"156":{"start":{"line":282,"column":0},"end":{"line":284,"column":1}},"157":{"start":{"line":283,"column":1},"end":{"line":283,"column":18}},"158":{"start":{"line":290,"column":0},"end":{"line":293,"column":1}},"159":{"start":{"line":291,"column":1},"end":{"line":291,"column":27}},"160":{"start":{"line":292,"column":1},"end":{"line":292,"column":16}},"161":{"start":{"line":301,"column":0},"end":{"line":321,"column":1}},"162":{"start":{"line":302,"column":1},"end":{"line":302,"column":31}},"163":{"start":{"line":302,"column":21},"end":{"line":302,"column":31}},"164":{"start":{"line":303,"column":1},"end":{"line":303,"column":149}},"165":{"start":{"line":303,"column":117},"end":{"line":303,"column":149}},"166":{"start":{"line":305,"column":1},"end":{"line":320,"column":13}},"167":{"start":{"line":306,"column":2},"end":{"line":319,"column":3}},"168":{"start":{"line":307,"column":3},"end":{"line":307,"column":21}},"169":{"start":{"line":308,"column":9},"end":{"line":319,"column":3}},"170":{"start":{"line":309,"column":3},"end":{"line":309,"column":30}},"171":{"start":{"line":311,"column":3},"end":{"line":313,"column":7}},"172":{"start":{"line":312,"column":4},"end":{"line":312,"column":60}},"173":{"start":{"line":314,"column":3},"end":{"line":318,"column":4}},"174":{"start":{"line":315,"column":4},"end":{"line":315,"column":111}},"175":{"start":{"line":317,"column":4},"end":{"line":317,"column":61}},"176":{"start":{"line":330,"column":0},"end":{"line":347,"column":1}},"177":{"start":{"line":331,"column":1},"end":{"line":331,"column":18}},"178":{"start":{"line":332,"column":1},"end":{"line":344,"column":2}},"179":{"start":{"line":334,"column":2},"end":{"line":334,"column":43}},"180":{"start":{"line":336,"column":2},"end":{"line":336,"column":45}},"181":{"start":{"line":338,"column":2},"end":{"line":340,"column":5}},"182":{"start":{"line":339,"column":3},"end":{"line":339,"column":55}},"183":{"start":{"line":342,"column":2},"end":{"line":342,"column":37}},"184":{"start":{"line":343,"column":2},"end":{"line":343,"column":27}},"185":{"start":{"line":346,"column":1},"end":{"line":346,"column":12}},"186":{"start":{"line":349,"column":0},"end":{"line":363,"column":1}},"187":{"start":{"line":351,"column":1},"end":{"line":362,"column":2}},"188":{"start":{"line":352,"column":2},"end":{"line":358,"column":3}},"189":{"start":{"line":353,"column":3},"end":{"line":353,"column":24}},"190":{"start":{"line":355,"column":3},"end":{"line":355,"column":45}},"191":{"start":{"line":356,"column":3},"end":{"line":356,"column":25}},"192":{"start":{"line":357,"column":3},"end":{"line":357,"column":36}},"193":{"start":{"line":361,"column":2},"end":{"line":361,"column":159}},"194":{"start":{"line":374,"column":0},"end":{"line":458,"column":1}},"195":{"start":{"line":375,"column":1},"end":{"line":375,"column":27}},"196":{"start":{"line":375,"column":20},"end":{"line":375,"column":27}},"197":{"start":{"line":376,"column":1},"end":{"line":420,"column":2}},"198":{"start":{"line":378,"column":2},"end":{"line":378,"column":63}},"199":{"start":{"line":378,"column":31},"end":{"line":378,"column":63}},"200":{"start":{"line":379,"column":2},"end":{"line":419,"column":3}},"201":{"start":{"line":381,"column":3},"end":{"line":418,"column":4}},"202":{"start":{"line":383,"column":4},"end":{"line":383,"column":68}},"203":{"start":{"line":385,"column":4},"end":{"line":385,"column":50}},"204":{"start":{"line":387,"column":4},"end":{"line":404,"column":5}},"205":{"start":{"line":389,"column":5},"end":{"line":403,"column":6}},"206":{"start":{"line":391,"column":6},"end":{"line":394,"column":7}},"207":{"start":{"line":393,"column":7},"end":{"line":393,"column":47}},"208":{"start":{"line":397,"column":6},"end":{"line":402,"column":7}},"209":{"start":{"line":399,"column":7},"end":{"line":399,"column":105}},"210":{"start":{"line":401,"column":7},"end":{"line":401,"column":53}},"211":{"start":{"line":406,"column":4},"end":{"line":406,"column":18}},"212":{"start":{"line":407,"column":4},"end":{"line":417,"column":5}},"213":{"start":{"line":408,"column":5},"end":{"line":408,"column":39}},"214":{"start":{"line":410,"column":5},"end":{"line":415,"column":6}},"215":{"start":{"line":412,"column":6},"end":{"line":412,"column":38}},"216":{"start":{"line":413,"column":6},"end":{"line":413,"column":16}},"217":{"start":{"line":414,"column":6},"end":{"line":414,"column":15}},"218":{"start":{"line":416,"column":5},"end":{"line":416,"column":16}},"219":{"start":{"line":423,"column":1},"end":{"line":423,"column":87}},"220":{"start":{"line":424,"column":1},"end":{"line":448,"column":2}},"221":{"start":{"line":425,"column":2},"end":{"line":425,"column":58}},"222":{"start":{"line":425,"column":21},"end":{"line":425,"column":58}},"223":{"start":{"line":426,"column":2},"end":{"line":426,"column":41}},"224":{"start":{"line":427,"column":2},"end":{"line":447,"column":3}},"225":{"start":{"line":429,"column":3},"end":{"line":429,"column":50}},"226":{"start":{"line":430,"column":9},"end":{"line":447,"column":3}},"227":{"start":{"line":433,"column":3},"end":{"line":438,"column":4}},"228":{"start":{"line":434,"column":4},"end":{"line":434,"column":45}},"229":{"start":{"line":435,"column":10},"end":{"line":438,"column":4}},"230":{"start":{"line":437,"column":4},"end":{"line":437,"column":62}},"231":{"start":{"line":439,"column":9},"end":{"line":447,"column":3}},"232":{"start":{"line":441,"column":3},"end":{"line":446,"column":4}},"233":{"start":{"line":443,"column":4},"end":{"line":443,"column":39}},"234":{"start":{"line":445,"column":4},"end":{"line":445,"column":45}},"235":{"start":{"line":449,"column":1},"end":{"line":456,"column":2}},"236":{"start":{"line":451,"column":2},"end":{"line":455,"column":3}},"237":{"start":{"line":452,"column":3},"end":{"line":452,"column":44}},"238":{"start":{"line":453,"column":3},"end":{"line":453,"column":14}},"239":{"start":{"line":454,"column":3},"end":{"line":454,"column":16}},"240":{"start":{"line":457,"column":1},"end":{"line":457,"column":26}},"241":{"start":{"line":460,"column":0},"end":{"line":468,"column":2}},"242":{"start":{"line":461,"column":1},"end":{"line":461,"column":17}},"243":{"start":{"line":462,"column":1},"end":{"line":465,"column":2}},"244":{"start":{"line":464,"column":2},"end":{"line":464,"column":29}},"245":{"start":{"line":466,"column":1},"end":{"line":466,"column":26}},"246":{"start":{"line":467,"column":1},"end":{"line":467,"column":11}},"247":{"start":{"line":470,"column":0},"end":{"line":472,"column":2}},"248":{"start":{"line":471,"column":1},"end":{"line":471,"column":26}},"249":{"start":{"line":474,"column":0},"end":{"line":474,"column":21}},"250":{"start":{"line":475,"column":0},"end":{"line":475,"column":22}},"251":{"start":{"line":476,"column":0},"end":{"line":505,"column":2}},"252":{"start":{"line":483,"column":2},"end":{"line":483,"column":14}},"253":{"start":{"line":487,"column":2},"end":{"line":487,"column":27}},"254":{"start":{"line":488,"column":2},"end":{"line":502,"column":3}},"255":{"start":{"line":489,"column":3},"end":{"line":489,"column":23}},"256":{"start":{"line":490,"column":3},"end":{"line":492,"column":4}},"257":{"start":{"line":491,"column":4},"end":{"line":491,"column":40}},"258":{"start":{"line":493,"column":3},"end":{"line":493,"column":24}},"259":{"start":{"line":495,"column":3},"end":{"line":495,"column":27}},"260":{"start":{"line":496,"column":3},"end":{"line":498,"column":6}},"261":{"start":{"line":497,"column":4},"end":{"line":497,"column":33}},"262":{"start":{"line":499,"column":3},"end":{"line":501,"column":4}},"263":{"start":{"line":500,"column":4},"end":{"line":500,"column":107}},"264":{"start":{"line":503,"column":2},"end":{"line":503,"column":55}},"265":{"start":{"line":507,"column":0},"end":{"line":509,"column":1}},"266":{"start":{"line":508,"column":1},"end":{"line":508,"column":21}},"267":{"start":{"line":510,"column":0},"end":{"line":512,"column":1}},"268":{"start":{"line":511,"column":1},"end":{"line":511,"column":26}},"269":{"start":{"line":513,"column":0},"end":{"line":515,"column":1}},"270":{"start":{"line":514,"column":1},"end":{"line":514,"column":18}},"271":{"start":{"line":514,"column":18},"end":{"line":514,"column":39}},"272":{"start":{"line":516,"column":0},"end":{"line":557,"column":1}},"273":{"start":{"line":517,"column":1},"end":{"line":518,"column":69}},"274":{"start":{"line":519,"column":1},"end":{"line":524,"column":2}},"275":{"start":{"line":520,"column":2},"end":{"line":520,"column":87}},"276":{"start":{"line":521,"column":2},"end":{"line":523,"column":3}},"277":{"start":{"line":522,"column":3},"end":{"line":522,"column":113}},"278":{"start":{"line":525,"column":1},"end":{"line":527,"column":36}},"279":{"start":{"line":526,"column":2},"end":{"line":526,"column":25}},"280":{"start":{"line":529,"column":1},"end":{"line":538,"column":2}},"281":{"start":{"line":530,"column":2},"end":{"line":530,"column":29}},"282":{"start":{"line":531,"column":2},"end":{"line":537,"column":4}},"283":{"start":{"line":540,"column":1},"end":{"line":547,"column":2}},"284":{"start":{"line":543,"column":2},"end":{"line":545,"column":5}},"285":{"start":{"line":544,"column":3},"end":{"line":544,"column":51}},"286":{"start":{"line":546,"column":2},"end":{"line":546,"column":9}},"287":{"start":{"line":549,"column":1},"end":{"line":549,"column":77}},"288":{"start":{"line":550,"column":1},"end":{"line":550,"column":78}},"289":{"start":{"line":551,"column":1},"end":{"line":551,"column":37}},"290":{"start":{"line":554,"column":1},"end":{"line":556,"column":4}},"291":{"start":{"line":555,"column":2},"end":{"line":555,"column":50}},"292":{"start":{"line":559,"column":0},"end":{"line":565,"column":1}},"293":{"start":{"line":560,"column":1},"end":{"line":560,"column":37}},"294":{"start":{"line":560,"column":27},"end":{"line":560,"column":37}},"295":{"start":{"line":561,"column":1},"end":{"line":561,"column":52}},"296":{"start":{"line":562,"column":1},"end":{"line":562,"column":54}},"297":{"start":{"line":562,"column":44},"end":{"line":562,"column":54}},"298":{"start":{"line":563,"column":1},"end":{"line":563,"column":54}},"299":{"start":{"line":563,"column":19},"end":{"line":563,"column":54}},"300":{"start":{"line":564,"column":1},"end":{"line":564,"column":81}},"301":{"start":{"line":567,"column":0},"end":{"line":572,"column":1}},"302":{"start":{"line":568,"column":1},"end":{"line":568,"column":43}},"303":{"start":{"line":568,"column":36},"end":{"line":568,"column":43}},"304":{"start":{"line":569,"column":1},"end":{"line":569,"column":32}},"305":{"start":{"line":570,"column":1},"end":{"line":570,"column":24}},"306":{"start":{"line":570,"column":17},"end":{"line":570,"column":24}},"307":{"start":{"line":571,"column":1},"end":{"line":571,"column":33}},"308":{"start":{"line":574,"column":0},"end":{"line":576,"column":1}},"309":{"start":{"line":575,"column":1},"end":{"line":575,"column":18}},"310":{"start":{"line":578,"column":0},"end":{"line":637,"column":1}},"311":{"start":{"line":580,"column":1},"end":{"line":580,"column":42}},"312":{"start":{"line":580,"column":35},"end":{"line":580,"column":42}},"313":{"start":{"line":581,"column":1},"end":{"line":581,"column":41}},"314":{"start":{"line":584,"column":1},"end":{"line":598,"column":2}},"315":{"start":{"line":585,"column":2},"end":{"line":585,"column":32}},"316":{"start":{"line":587,"column":2},"end":{"line":591,"column":3}},"317":{"start":{"line":588,"column":3},"end":{"line":588,"column":31}},"318":{"start":{"line":589,"column":3},"end":{"line":589,"column":32}},"319":{"start":{"line":590,"column":3},"end":{"line":590,"column":43}},"320":{"start":{"line":592,"column":2},"end":{"line":592,"column":24}},"321":{"start":{"line":594,"column":2},"end":{"line":594,"column":66}},"322":{"start":{"line":595,"column":2},"end":{"line":595,"column":22}},"323":{"start":{"line":596,"column":2},"end":{"line":596,"column":53}},"324":{"start":{"line":597,"column":2},"end":{"line":597,"column":25}},"325":{"start":{"line":599,"column":1},"end":{"line":601,"column":2}},"326":{"start":{"line":599,"column":20},"end":{"line":601,"column":2}},"327":{"start":{"line":600,"column":2},"end":{"line":600,"column":21}},"328":{"start":{"line":602,"column":1},"end":{"line":602,"column":88}},"329":{"start":{"line":603,"column":1},"end":{"line":603,"column":17}},"330":{"start":{"line":604,"column":1},"end":{"line":604,"column":22}},"331":{"start":{"line":607,"column":1},"end":{"line":607,"column":80}},"332":{"start":{"line":610,"column":1},"end":{"line":618,"column":4}},"333":{"start":{"line":613,"column":2},"end":{"line":613,"column":57}},"334":{"start":{"line":614,"column":2},"end":{"line":614,"column":76}},"335":{"start":{"line":614,"column":18},"end":{"line":614,"column":76}},"336":{"start":{"line":615,"column":2},"end":{"line":615,"column":19}},"337":{"start":{"line":617,"column":2},"end":{"line":617,"column":46}},"338":{"start":{"line":620,"column":1},"end":{"line":620,"column":146}},"339":{"start":{"line":622,"column":1},"end":{"line":624,"column":2}},"340":{"start":{"line":623,"column":2},"end":{"line":623,"column":40}},"341":{"start":{"line":626,"column":1},"end":{"line":636,"column":2}},"342":{"start":{"line":628,"column":2},"end":{"line":628,"column":34}},"343":{"start":{"line":630,"column":2},"end":{"line":633,"column":5}},"344":{"start":{"line":631,"column":3},"end":{"line":631,"column":41}},"345":{"start":{"line":632,"column":3},"end":{"line":632,"column":55}},"346":{"start":{"line":635,"column":2},"end":{"line":635,"column":19}},"347":{"start":{"line":639,"column":0},"end":{"line":647,"column":1}},"348":{"start":{"line":640,"column":1},"end":{"line":646,"column":2}},"349":{"start":{"line":642,"column":2},"end":{"line":642,"column":79}},"350":{"start":{"line":645,"column":2},"end":{"line":645,"column":54}},"351":{"start":{"line":649,"column":0},"end":{"line":697,"column":1}},"352":{"start":{"line":650,"column":1},"end":{"line":653,"column":24}},"353":{"start":{"line":656,"column":1},"end":{"line":665,"column":2}},"354":{"start":{"line":657,"column":2},"end":{"line":657,"column":30}},"355":{"start":{"line":658,"column":2},"end":{"line":664,"column":3}},"356":{"start":{"line":659,"column":3},"end":{"line":663,"column":4}},"357":{"start":{"line":660,"column":4},"end":{"line":660,"column":32}},"358":{"start":{"line":662,"column":4},"end":{"line":662,"column":70}},"359":{"start":{"line":667,"column":1},"end":{"line":667,"column":57}},"360":{"start":{"line":668,"column":1},"end":{"line":679,"column":2}},"361":{"start":{"line":669,"column":2},"end":{"line":678,"column":5}},"362":{"start":{"line":671,"column":4},"end":{"line":671,"column":18}},"363":{"start":{"line":672,"column":4},"end":{"line":672,"column":24}},"364":{"start":{"line":673,"column":4},"end":{"line":673,"column":50}},"365":{"start":{"line":676,"column":4},"end":{"line":676,"column":19}},"366":{"start":{"line":680,"column":1},"end":{"line":683,"column":3}},"367":{"start":{"line":681,"column":2},"end":{"line":681,"column":35}},"368":{"start":{"line":682,"column":2},"end":{"line":682,"column":39}},"369":{"start":{"line":686,"column":1},"end":{"line":686,"column":66}},"370":{"start":{"line":687,"column":1},"end":{"line":687,"column":32}},"371":{"start":{"line":689,"column":1},"end":{"line":696,"column":2}},"372":{"start":{"line":690,"column":2},"end":{"line":690,"column":22}},"373":{"start":{"line":691,"column":2},"end":{"line":691,"column":42}},"374":{"start":{"line":692,"column":2},"end":{"line":692,"column":22}},"375":{"start":{"line":694,"column":2},"end":{"line":694,"column":91}},"376":{"start":{"line":695,"column":2},"end":{"line":695,"column":10}},"377":{"start":{"line":699,"column":0},"end":{"line":829,"column":1}},"378":{"start":{"line":700,"column":1},"end":{"line":700,"column":128}},"379":{"start":{"line":702,"column":1},"end":{"line":705,"column":26}},"380":{"start":{"line":708,"column":1},"end":{"line":708,"column":30}},"381":{"start":{"line":709,"column":1},"end":{"line":709,"column":20}},"382":{"start":{"line":710,"column":1},"end":{"line":710,"column":31}},"383":{"start":{"line":711,"column":1},"end":{"line":711,"column":19}},"384":{"start":{"line":713,"column":1},"end":{"line":730,"column":2}},"385":{"start":{"line":714,"column":2},"end":{"line":714,"column":84}},"386":{"start":{"line":716,"column":2},"end":{"line":716,"column":14}},"387":{"start":{"line":717,"column":2},"end":{"line":728,"column":3}},"388":{"start":{"line":718,"column":3},"end":{"line":727,"column":4}},"389":{"start":{"line":719,"column":4},"end":{"line":719,"column":124}},"390":{"start":{"line":721,"column":4},"end":{"line":721,"column":24}},"391":{"start":{"line":722,"column":4},"end":{"line":725,"column":5}},"392":{"start":{"line":723,"column":5},"end":{"line":723,"column":30}},"393":{"start":{"line":724,"column":5},"end":{"line":724,"column":47}},"394":{"start":{"line":726,"column":4},"end":{"line":726,"column":36}},"395":{"start":{"line":729,"column":2},"end":{"line":729,"column":13}},"396":{"start":{"line":731,"column":1},"end":{"line":731,"column":15}},"397":{"start":{"line":732,"column":1},"end":{"line":732,"column":31}},"398":{"start":{"line":734,"column":1},"end":{"line":737,"column":2}},"399":{"start":{"line":736,"column":2},"end":{"line":736,"column":108}},"400":{"start":{"line":738,"column":1},"end":{"line":738,"column":23}},"401":{"start":{"line":740,"column":1},"end":{"line":746,"column":2}},"402":{"start":{"line":742,"column":2},"end":{"line":742,"column":38}},"403":{"start":{"line":743,"column":2},"end":{"line":743,"column":94}},"404":{"start":{"line":745,"column":2},"end":{"line":745,"column":77}},"405":{"start"
[...]
type":"cond-expr","locations":[{"start":{"line":968,"column":94},"end":{"line":970,"column":6}},{"start":{"line":970,"column":9},"end":{"line":970,"column":11}}]},"210":{"line":968,"type":"binary-expr","locations":[{"start":{"line":968,"column":61},"end":{"line":968,"column":71}},{"start":{"line":968,"column":75},"end":{"line":968,"column":91}}]},"211":{"line":968,"type":"cond-expr","locations":[{"start":{"line":968,"column":140},"end":{"line":968,"column":156}},{"start":{"line":968,"column":159},"end":{"line":968,"column":177}}]},"212":{"line":970,"type":"binary-expr","locations":[{"start":{"line":970,"column":30},"end":{"line":970,"column":41}},{"start":{"line":970,"column":45},"end":{"line":972,"column":6}},{"start":{"line":972,"column":10},"end":{"line":972,"column":12}}]},"213":{"line":1142,"type":"cond-expr","locations":[{"start":{"line":1142,"column":54},"end":{"line":1142,"column":57}},{"start":{"line":1142,"column":60},"end":{"line":1142,"column":66}}]},"214":{"line":1431,"type":"cond-expr","locations":[{"start":{"line":1431,"column":37},"end":{"line":1431,"column":48}},{"start":{"line":1431,"column":51},"end":{"line":1431,"column":64}}]},"215":{"line":1432,"type":"cond-expr","locations":[{"start":{"line":1432,"column":37},"end":{"line":1432,"column":48}},{"start":{"line":1432,"column":51},"end":{"line":1432,"column":64}}]},"216":{"line":1439,"type":"cond-expr","locations":[{"start":{"line":1439,"column":37},"end":{"line":1439,"column":48}},{"start":{"line":1439,"column":51},"end":{"line":1439,"column":64}}]},"217":{"line":1440,"type":"cond-expr","locations":[{"start":{"line":1440,"column":35},"end":{"line":1440,"column":46}},{"start":{"line":1440,"column":49},"end":{"line":1440,"column":60}}]},"218":{"line":1447,"type":"cond-expr","locations":[{"start":{"line":1447,"column":37},"end":{"line":1447,"column":48}},{"start":{"line":1447,"column":51},"end":{"line":1447,"column":64}}]},"219":{"line":1448,"type":"cond-expr","locations":[{"start":{"line":1448,"column":35},"end":{"line":1448,"column":46}},{"start":{"line":1448,"column":49},"end":{"line":1448,"column":60}}]},"220":{"line":1518,"type":"binary-expr","locations":[{"start":{"line":1518,"column":11},"end":{"line":1518,"column":17}},{"start":{"line":1518,"column":21},"end":{"line":1518,"column":23}}]},"221":{"line":1521,"type":"if","locations":[{"start":{"line":1521,"column":3},"end":{"line":1521,"column":3}},{"start":{"line":1521,"column":3},"end":{"line":1521,"column":3}}]},"222":{"line":1526,"type":"if","locations":[{"start":{"line":1526,"column":4},"end":{"line":1526,"column":4}},{"start":{"line":1526,"column":4},"end":{"line":1526,"column":4}}]},"223":{"line":1526,"type":"binary-expr","locations":[{"start":{"line":1526,"column":8},"end":{"line":1526,"column":33}},{"start":{"line":1526,"column":37},"end":{"line":1526,"column":90}},{"start":{"line":1526,"column":94},"end":{"line":1526,"column":160}}]},"224":{"line":1556,"type":"cond-expr","locations":[{"start":{"line":1556,"column":33},"end":{"line":1556,"column":35}},{"start":{"line":1556,"column":38},"end":{"line":1556,"column":49}}]},"225":{"line":1564,"type":"cond-expr","locations":[{"start":{"line":1564,"column":21},"end":{"line":1564,"column":26}},{"start":{"line":1564,"column":29},"end":{"line":1564,"column":33}}]},"226":{"line":1565,"type":"if","locations":[{"start":{"line":1565,"column":2},"end":{"line":1565,"column":2}},{"start":{"line":1565,"column":2},"end":{"line":1565,"column":2}}]},"227":{"line":1570,"type":"if","locations":[{"start":{"line":1570,"column":3},"end":{"line":1570,"column":3}},{"start":{"line":1570,"column":3},"end":{"line":1570,"column":3}}]},"228":{"line":1572,"type":"if","locations":[{"start":{"line":1572,"column":3},"end":{"line":1572,"column":3}},{"start":{"line":1572,"column":3},"end":{"line":1572,"column":3}}]},"229":{"line":1579,"type":"if","locations":[{"start":{"line":1579,"column":3},"end":{"line":1579,"column":3}},{"start":{"line":1579,"column":3},"end":{"line":1579,"column":3}}]},"230":{"line":1581,"type":"cond-expr","locations":[{"start":{"line":1581,"column":169},"end":{"line":1581,"column":171}},{"start":{"line":1581,"column":174},"end":{"line":1581,"column":185}}]},"231":{"line":1585,"type":"if","locations":[{"start":{"line":1585,"column":10},"end":{"line":1585,"column":10}},{"start":{"line":1585,"column":10},"end":{"line":1585,"column":10}}]},"232":{"line":1587,"type":"cond-expr","locations":[{"start":{"line":1587,"column":39},"end":{"line":1587,"column":50}},{"start":{"line":1587,"column":53},"end":{"line":1587,"column":55}}]},"233":{"line":1589,"type":"if","locations":[{"start":{"line":1589,"column":4},"end":{"line":1589,"column":4}},{"start":{"line":1589,"column":4},"end":{"line":1589,"column":4}}]},"234":{"line":1592,"type":"if","locations":[{"start":{"line":1592,"column":10},"end":{"line":1592,"column":10}},{"start":{"line":1592,"column":10},"end":{"line":1592,"column":10}}]},"235":{"line":1594,"type":"cond-expr","locations":[{"start":{"line":1594,"column":306},"end":{"line":1594,"column":308}},{"start":{"line":1594,"column":311},"end":{"line":1594,"column":322}}]},"236":{"line":1598,"type":"if","locations":[{"start":{"line":1598,"column":10},"end":{"line":1598,"column":10}},{"start":{"line":1598,"column":10},"end":{"line":1598,"column":10}}]},"237":{"line":1604,"type":"if","locations":[{"start":{"line":1604,"column":10},"end":{"line":1604,"column":10}},{"start":{"line":1604,"column":10},"end":{"line":1604,"column":10}}]},"238":{"line":1607,"type":"if","locations":[{"start":{"line":1607,"column":10},"end":{"line":1607,"column":10}},{"start":{"line":1607,"column":10},"end":{"line":1607,"column":10}}]},"239":{"line":1607,"type":"binary-expr","locations":[{"start":{"line":1607,"column":14},"end":{"line":1607,"column":28}},{"start":{"line":1607,"column":32},"end":{"line":1607,"column":46}}]},"240":{"line":1611,"type":"if","locations":[{"start":{"line":1611,"column":10},"end":{"line":1611,"column":10}},{"start":{"line":1611,"column":10},"end":{"line":1611,"column":10}}]},"241":{"line":1616,"type":"if","locations":[{"start":{"line":1616,"column":2},"end":{"line":1616,"column":2}},{"start":{"line":1616,"column":2},"end":{"line":1616,"column":2}}]},"242":{"line":1628,"type":"if","locations":[{"start":{"line":1628,"column":3},"end":{"line":1628,"column":3}},{"start":{"line":1628,"column":3},"end":{"line":1628,"column":3}}]},"243":{"line":1629,"type":"binary-expr","locations":[{"start":{"line":1629,"column":66},"end":{"line":1629,"column":73}},{"start":{"line":1629,"column":77},"end":{"line":1629,"column":84}},{"start":{"line":1629,"column":88},"end":{"line":1629,"column":90}}]},"244":{"line":1639,"type":"if","locations":[{"start":{"line":1639,"column":2},"end":{"line":1639,"column":2}},{"start":{"line":1639,"column":2},"end":{"line":1639,"column":2}}]},"245":{"line":1646,"type":"if","locations":[{"start":{"line":1646,"column":2},"end":{"line":1646,"column":2}},{"start":{"line":1646,"column":2},"end":{"line":1646,"column":2}}]},"246":{"line":1649,"type":"if","locations":[{"start":{"line":1649,"column":3},"end":{"line":1649,"column":3}},{"start":{"line":1649,"column":3},"end":{"line":1649,"column":3}}]},"247":{"line":1649,"type":"binary-expr","locations":[{"start":{"line":1649,"column":7},"end":{"line":1649,"column":8}},{"start":{"line":1649,"column":12},"end":{"line":1649,"column":62}}]},"248":{"line":1650,"type":"binary-expr","locations":[{"start":{"line":1650,"column":30},"end":{"line":1650,"column":39}},{"start":{"line":1650,"column":43},"end":{"line":1650,"column":52}}]},"249":{"line":1660,"type":"if","locations":[{"start":{"line":1660,"column":1},"end":{"line":1660,"column":1}},{"start":{"line":1660,"column":1},"end":{"line":1660,"column":1}}]},"250":{"line":1670,"type":"if","locations":[{"start":{"line":1670,"column":2},"end":{"line":1670,"column":2}},{"start":{"line":1670,"column":2},"end":{"line":1670,"column":2}}]},"251":{"line":1674,"type":"if","locations":[{"start":{"line":1674,"column":2},"end":{"line":1674,"column":2}},{"start":{"line":1674,"column":2},"end":{"line":1674,"column":2}}]},"252":{"line":1679,"type":"if","locations":[{"start":{"line":1679,"column":2},"end":{"line":1679,"column":2}},{"start":{"line":1679,"column":2},"end":{"line":1679,"column":2}}]},"253":{"line":1680,"type":"if","locations":[{"start":{"line":1680,"column":2},"end":{"line":1680,"column":2}},{"start":{"line":1680,"column":2},"end":{"line":1680,"column":2}}]},"254":{"line":1683,"type":"if","locations":[{"start":{"line":1683,"column":3},"end":{"line":1683,"column":3}},{"start":{"line":1683,"column":3},"end":{"line":1683,"column":3}}]},"255":{"line":1692,"type":"if","locations":[{"start":{"line":1692,"column":3},"end":{"line":1692,"column":3}},{"start":{"line":1692,"column":3},"end":{"line":1692,"column":3}}]},"256":{"line":1702,"type":"if","locations":[{"start":{"line":1702,"column":1},"end":{"line":1702,"column":1}},{"start":{"line":1702,"column":1},"end":{"line":1702,"column":1}}]},"257":{"line":1705,"type":"if","locations":[{"start":{"line":1705,"column":1},"end":{"line":1705,"column":1}},{"start":{"line":1705,"column":1},"end":{"line":1705,"column":1}}]},"258":{"line":1709,"type":"if","locations":[{"start":{"line":1709,"column":1},"end":{"line":1709,"column":1}},{"start":{"line":1709,"column":1},"end":{"line":1709,"column":1}}]},"259":{"line":1716,"type":"if","locations":[{"start":{"line":1716,"column":1},"end":{"line":1716,"column":1}},{"start":{"line":1716,"column":1},"end":{"line":1716,"column":1}}]},"260":{"line":1720,"type":"if","locations":[{"start":{"line":1720,"column":1},"end":{"line":1720,"column":1}},{"start":{"line":1720,"column":1},"end":{"line":1720,"column":1}}]},"261":{"line":1723,"type":"if","locations":[{"start":{"line":1723,"column":1},"end":{"line":1723,"column":1}},{"start":{"line":1723,"column":1},"end":{"line":1723,"column":1}}]},"262":{"line":1726,"type":"if","locations":[{"start":{"line":1726,"column":1},"end":{"line":1726,"column":1}},{"start":{"line":1726,"column":1},"end":{"line":1726,"column":1}}]},"263":{"line":1727,"type":"binary-expr","locations":[{"start":{"line":1727,"column":43},"end":{"line":1727,"column":76}},{"start":{"line":1727,"column":80},"end":{"line":1727,"column":84}}]},"264":{"line":1728,"type":"if","locations":[{"start":{"line":1728,"column":2},"end":{"line":1728,"column":2}},{"start":{"line":1728,"column":2},"end":{"line":1728,"column":2}}]},"265":{"line":1734,"type":"cond-expr","locations":[{"start":{"line":1734,"column":56},"end":{"line":1734,"column":110}},{"start":{"line":1734,"column":113},"end":{"line":1734,"column":115}}]},"266":{"line":1760,"type":"cond-expr","locations":[{"start":{"line":1760,"column":38},"end":{"line":1760,"column":49}},{"start":{"line":1760,"column":52},"end":{"line":1760,"column":67}}]},"267":{"line":1992,"type":"cond-expr","locations":[{"start":{"line":1992,"column":70},"end":{"line":1992,"column":82}},{"start":{"line":1992,"column":85},"end":{"line":1992,"column":94}}]},"268":{"line":1992,"type":"binary-expr","locations":[{"start":{"line":1992,"column":17},"end":{"line":1992,"column":37}},{"start":{"line":1992,"column":41},"end":{"line":1992,"column":67}}]},"269":{"line":1995,"type":"if","locations":[{"start":{"line":1995,"column":3},"end":{"line":1995,"column":3}},{"start":{"line":1995,"column":3},"end":{"line":1995,"column":3}}]},"270":{"line":1996,"type":"binary-expr","locations":[{"start":{"line":1996,"column":4},"end":{"line":1996,"column":26}},{"start":{"line":1996,"column":30},"end":{"line":1996,"column":58}}]},"271":{"line":2001,"type":"if","locations":[{"start":{"line":2001,"column":2},"end":{"line":2001,"column":2}},{"start":{"line":2001,"column":2},"end":{"line":2001,"column":2}}]},"272":{"line":2004,"type":"binary-expr","locations":[{"start":{"line":2004,"column":18},"end":{"line":2004,"column":27}},{"start":{"line":2004,"column":31},"end":{"line":2004,"column":33}}]},"273":{"line":2017,"type":"if","locations":[{"start":{"line":2017,"column":1},"end":{"line":2017,"column":1}},{"start":{"line":2017,"column":1},"end":{"line":2017,"column":1}}]},"274":{"line":2017,"type":"binary-expr","locations":[{"start":{"line":2017,"column":5},"end":{"line":2017,"column":37}},{"start":{"line":2017,"column":41},"end":{"line":2017,"column":52}},{"start":{"line":2017,"column":56},"end":{"line":2017,"column":78}}]},"275":{"line":2018,"type":"if","locations":[{"start":{"line":2018,"column":2},"end":{"line":2018,"column":2}},{"start":{"line":2018,"column":2},"end":{"line":2018,"column":2}}]},"276":{"line":2035,"type":"if","locations":[{"start":{"line":2035,"column":0},"end":{"line":2035,"column":0}},{"start":{"line":2035,"column":0},"end":{"line":2035,"column":0}}]},"277":{"line":2044,"type":"if","locations":[{"start":{"line":2044,"column":1},"end":{"line":2044,"column":1}},{"start":{"line":2044,"column":1},"end":{"line":2044,"column":1}}]},"278":{"line":2044,"type":"binary-expr","locations":[{"start":{"line":2044,"column":5},"end":{"line":2044,"column":35}},{"start":{"line":2044,"column":39},"end":{"line":2044,"column":82}}]},"279":{"line":2050,"type":"if","locations":[{"start":{"line":2050,"column":2},"end":{"line":2050,"column":2}},{"start":{"line":2050,"column":2},"end":{"line":2050,"column":2}}]},"280":{"line":2054,"type":"binary-expr","locations":[{"start":{"line":2054,"column":16},"end":{"line":2054,"column":23}},{"start":{"line":2054,"column":27},"end":{"line":2054,"column":42}},{"start":{"line":2054,"column":46},"end":{"line":2056,"column":18}}]},"281":{"line":2054,"type":"cond-expr","locations":[{"start":{"line":2054,"column":56},"end":{"line":2054,"column":62}},{"start":{"line":2054,"column":65},"end":{"line":2054,"column":69}}]},"282":{"line":2058,"type":"cond-expr","locations":[{"start":{"line":2058,"column":14},"end":{"line":2058,"column":20}},{"start":{"line":2058,"column":23},"end":{"line":2058,"column":27}}]},"283":{"line":2075,"type":"if","locations":[{"start":{"line":2075,"column":1},"end":{"line":2075,"column":1}},{"start":{"line":2075,"column":1},"end":{"line":2075,"column":1}}]},"284":{"line":2078,"type":"if","locations":[{"start":{"line":2078,"column":1},"end":{"line":2078,"column":1}},{"start":{"line":2078,"column":1},"end":{"line":2078,"column":1}}]},"285":{"line":2079,"type":"if","locations":[{"start":{"line":2079,"column":1},"end":{"line":2079,"column":1}},{"start":{"line":2079,"column":1},"end":{"line":2079,"column":1}}]},"286":{"line":2080,"type":"if","locations":[{"start":{"line":2080,"column":1},"end":{"line":2080,"column":1}},{"start":{"line":2080,"column":1},"end":{"line":2080,"column":1}}]},"287":{"line":2080,"type":"cond-expr","locations":[{"start":{"line":2080,"column":35},"end":{"line":2080,"column":46}},{"start":{"line":2080,"column":49},"end":{"line":2080,"column":61}}]},"288":{"line":2083,"type":"if","locations":[{"start":{"line":2083,"column":1},"end":{"line":2083,"column":1}},{"start":{"line":2083,"column":1},"end":{"line":2083,"column":1}}]},"289":{"line":2113,"type":"if","locations":[{"start":{"line":2113,"column":3},"end":{"line":2113,"column":3}},{"start":{"line":2113,"column":3},"end":{"line":2113,"column":3}}]},"290":{"line":2119,"type":"if","locations":[{"start":{"line":2119,"column":4},"end":{"line":2119,"column":4}},{"start":{"line":2119,"column":4},"end":{"line":2119,"column":4}}]},"291":{"line":2122,"type":"if","locations":[{"start":{"line":2122,"column":4},"end":{"line":2122,"column":4}},{"start":{"line":2122,"column":4},"end":{"line":2122,"column":4}}]},"292":{"line":2129,"type":"if","locations":[{"start":{"line":2129,"column":4},"end":{"line":2129,"column":4}},{"start":{"line":2129,"column":4},"end":{"line":2129,"column":4}}]},"293":{"line":2129,"type":"binary-expr","locations":[{"start":{"line":2129,"column":8},"end":{"line":2129,"column":31}},{"start":{"line":2129,"column":35},"end":{"line":2129,"column":65}}]},"294":{"line":2214,"type":"if","locations":[{"start":{"line":2214,"column":1},"end":{"line":2214,"column":1}},{"start":{"line":2214,"column":1},"end":{"line":2214,"column":1}}]},"295":{"line":2219,"type":"if","locations":[{"start":{"line":2219,"column":3},"end":{"line":2219,"column":3}},{"start":{"line":2219,"column":3},"end":{"line":2219,"column":3}}]},"296":{"line":2231,"type":"binary-expr","locations":[{"start":{"line":2231,"column":1},"end":{"line":2231,"column":5}},{"start":{"line":2231,"column":9},"end":{"line":2231,"column":42}}]},"297":{"line":2240,"type":"if","locations":[{"start":{"line":2240,"column":2},"end":{"line":2240,"column":2}},{"start":{"line":2240,"column":2},"end":{"line":2240,"column":2}}]},"298":{"line":2253,"type":"if","locations":[{"start":{"line":2253,"column":1},"end":{"line":2253,"column":1}},{"start":{"line":2253,"column":1},"end":{"line":2253,"column":1}}]},"299":{"line":2257,"type":"cond-expr","locations":[{"start":{"line":2257,"column":43},"end":{"line":2257,"column":45}},{"start":{"line":2257,"column":48},"end":{"line":2257,"column":60}}]},"300":{"line":2259,"type":"cond-expr","locations":[{"start":{"line":2259,"column":41},"end":{"line":2259,"column":43}},{"start":{"line":2259,"column":46},"end":{"line":2259,"column":57}}]},"301":{"line":2261,"type":"cond-expr","locations":[{"start":{"line":2261,"column":49},"end":{"line":2261,"column":63}},{"start":{"line":2261,"column":66},"end":{"line":2261,"column":81}}]},"302":{"line":2265,"type":"cond-expr","locations":[{"start":{"line":2265,"column":38},"end":{"line":2265,"column":40}},{"start":{"line":2265,"column":43},"end":{"line":2265,"column":50}}]},"303":{"line":2267,"type":"cond-expr","locations":[{"start":{"line":2267,"column":37},"end":{"line":2267,"column":39}},{"start":{"line":2267,"column":42},"end":{"line":2267,"column":49}}]},"304":{"line":2269,"type":"cond-expr","locations":[{"start":{"line":2269,"column":41},"end":{"line":2269,"column":55}},{"start":{"line":2269,"column":58},"end":{"line":2269,"column":65}}]},"305":{"line":2274,"type":"binary-expr","locations":[{"start":{"line":2274,"column":82},"end":{"line":2274,"column":86}},{"start":{"line":2274,"column":90},"end":{"line":2274,"column":100}},{"start":{"line":2274,"column":104},"end":{"line":2274,"column":106}}]},"306":{"line":2277,"type":"if","locations":[{"start":{"line":2277,"column":2},"end":{"line":2277,"column":2}},{"start":{"line":2277,"column":2},"end":{"line":2277,"column":2}}]},"307":{"line":2285,"type":"if","locations":[{"start":{"line":2285,"column":1},"end":{"line":2285,"column":1}},{"start":{"line":2285,"column":1},"end":{"line":2285,"column":1}}]},"308":{"line":2296,"type":"binary-expr","locations":[{"start":{"line":2296,"column":11},"end":{"line":2296,"column":17}},{"start":{"line":2296,"column":21},"end":{"line":2296,"column":23}}]},"309":{"line":2301,"type":"if","locations":[{"start":{"line":2301,"column":2},"end":{"line":2301,"column":2}},{"start":{"line":2301,"column":2},"end":{"line":2301,"column":2}}]},"310":{"line":2312,"type":"if","locations":[{"start":{"line":2312,"column":1},"end":{"line":2312,"column":1}},{"start":{"line":2312,"column":1},"end":{"line":2312,"column":1}}]},"311":{"line":2315,"type":"if","locations":[{"start":{"line":2315,"column":8},"end":{"line":2315,"column":8}},{"start":{"line":2315,"column":8},"end":{"line":2315,"column":8}}]},"312":{"line":2319,"type":"if","locations":[{"start":{"line":2319,"column":2},"end":{"line":2319,"column":2}},{"start":{"line":2319,"column":2},"end":{"line":2319,"column":2}}]},"313":{"line":2324,"type":"cond-expr","locations":[{"start":{"line":2324,"column":42},"end":{"line":2324,"column":47}},{"start":{"line":2324,"column":50},"end":{"line":2324,"column":92}}]},"314":{"line":2324,"type":"cond-expr","locations":[{"start":{"line":2324,"column":76},"end":{"line":2324,"column":83}},{"start":{"line":2324,"column":86},"end":{"line":2324,"column":92}}]},"315":{"line":2327,"type":"if","locations":[{"start":{"line":2327,"column":3},"end":{"line":2327,"column":3}},{"start":{"line":2327,"column":3},"end":{"line":2327,"column":3}}]}}}}