TN:
SF:/home/roq/code/zinojs/func-test.js
FN:5,_interopDefault
FN:16,(anonymous_2)
FN:18,(anonymous_3)
FN:28,merge
FN:44,propDetails
FN:55,objectDiff
FN:61,(anonymous_7)
FN:77,(anonymous_8)
FN:106,uuid
FN:107,(anonymous_10)
FN:113,toArray
FN:117,isObj
FN:120,isFn
FN:123,emptyFunc
FN:127,publishEvent
FN:131,trigger
FN:140,on
FN:148,off
FN:161,one
FN:162,self
FN:170,dataResolver
FN:174,isArray
FN:178,hashCode
FN:190,setDataResolver
FN:194,Tag
FN:202,(anonymous_26)
FN:210,(anonymous_27)
FN:213,(anonymous_28)
FN:225,setFilter
FN:233,clearTagsCreated
FN:241,getTagsCreated
FN:252,getInnerHTML
FN:256,(anonymous_33)
FN:262,(anonymous_34)
FN:281,createElement
FN:289,(anonymous_36)
FN:300,applyText
FN:325,applyDOM
FN:411,resolveData
FN:421,resolveDataKey
FN:433,getHost
FN:437,setProps
FN:447,(anonymous_43)
FN:458,getDataRegistry
FN:461,setDataRegistry
FN:464,setResolveData
FN:467,registerTag
FN:476,(anonymous_48)
FN:494,(anonymous_49)
FN:505,(anonymous_50)
FN:510,mount
FN:518,render
FN:528,flushRegisteredTags
FN:532,initializeTag
FN:566,(anonymous_55)
FN:570,(anonymous_56)
FN:584,(anonymous_57)
FN:593,defineAttribute
FN:603,initializeNode
FN:624,set$$1
FN:629,get$$1
FN:634,(anonymous_62)
FN:653,renderTag
FN:667,dataToString
FN:765,(anonymous_65)
FN:786,unmount
FN:790,(anonymous_67)
FN:792,(anonymous_68)
FN:807,getAttributes
FN:811,(anonymous_70)
FN:813,(anonymous_71)
FN:821,(anonymous_72)
FN:831,setElementAttr
FN:835,(anonymous_74)
FN:853,assertValue
FN:859,(anonymous_76)
FN:863,_false
FN:867,_true
FN:871,not
FN:875,is
FN:879,throws
FN:918,(anonymous_82)
FN:919,(anonymous_83)
FN:922,render$$1
FN:923,(anonymous_85)
FN:925,(anonymous_86)
FN:934,click
FN:939,render$$1
FN:948,(anonymous_89)
FN:961,(anonymous_90)
FN:962,(anonymous_91)
FN:965,render$$1
FN:978,(anonymous_93)
FN:981,render$$1
FN:986,(anonymous_95)
FN:989,render$$1
FN:994,(anonymous_97)
FN:997,render$$1
FN:1003,(anonymous_99)
FN:1006,render$$1
FN:1015,(anonymous_101)
FN:1017,(anonymous_102)
FN:1018,(anonymous_103)
FN:1019,render$$1
FN:1021,mount$$1
FN:1028,(anonymous_106)
FN:1029,(anonymous_107)
FN:1030,render$$1
FN:1032,render$$1
FN:1038,(anonymous_110)
FN:1044,(anonymous_111)
FN:1045,render$$1
FN:1047,mount$$1
FN:1051,(anonymous_114)
FN:1052,(anonymous_115)
FN:1053,render$$1
FN:1054,(anonymous_117)
FN:1062,(anonymous_118)
FN:1063,render$$1
FN:1065,render$$1
FN:1069,(anonymous_121)
FN:1070,(anonymous_122)
FN:1071,render$$1
FN:1079,(anonymous_124)
FN:1082,(anonymous_125)
FN:1083,render$$1
FN:1090,(anonymous_127)
FN:1093,(anonymous_128)
FN:1096,render$$1
FN:1120,(anonymous_130)
FN:1130,(anonymous_131)
FN:1133,render$$1
FN:1139,(anonymous_133)
FN:1142,render$$1
FN:1148,(anonymous_135)
FN:1151,render$$1
FN:1170,checkStructure
FN:1185,(anonymous_138)
FN:1189,(anonymous_139)
FN:1192,render$$1
FN:1197,mount$$1
FN:1208,(anonymous_142)
FN:1211,render$$1
FN:1215,render$$1
FN:1218,mount$$1
FN:1229,(anonymous_146)
FN:1234,(anonymous_147)
FN:1237,render$$1
FN:1247,(anonymous_149)
FN:1250,render$$1
FN:1255,(anonymous_151)
FN:1258,render$$1
FN:1265,render$$1
FN:1271,mount$$1
FN:1284,(anonymous_155)
FN:1288,MyComponent
FN:1290,render$$1
FN:1300,(anonymous_158)
FN:1301,(anonymous_159)
FN:1303,render$$1
FN:1311,getNthChild
FN:1317,(anonymous_162)
FN:1319,(anonymous_163)
FN:1327,(anonymous_164)
FN:1335,(anonymous_165)
FN:1337,handler
FN:1346,(anonymous_167)
FN:1349,(anonymous_168)
FN:1352,(anonymous_169)
FN:1363,(anonymous_170)
FN:1366,(anonymous_171)
FN:1377,(anonymous_172)
FN:1381,(anonymous_173)
FN:1389,(anonymous_174)
FN:1397,(anonymous_175)
FN:1405,(anonymous_176)
FN:1472,handleStyles
FN:1473,(anonymous_178)
FN:1475,(anonymous_179)
FN:1479,(anonymous_180)
FN:1493,parse
FN:1510,getData
FN:1515,handleText
FN:1555,(anonymous_184)
FN:1578,makeAttributes
FN:1590,(anonymous_186)
FN:1591,(anonymous_187)
FN:1600,(anonymous_188)
FN:1693,(anonymous_189)
FN:1698,run
FN:1702,render$1
FN:1712,(anonymous_192)
FN:1727,(anonymous_193)
FN:1731,(anonymous_194)
FN:1740,(anonymous_195)
FN:1756,(anonymous_196)
FN:1760,test$$1
FN:1768,(anonymous_198)
FN:1779,(anonymous_199)
FN:1782,(anonymous_200)
FN:1787,(anonymous_201)
FN:1796,(anonymous_202)
FN:1800,(anonymous_203)
FN:1805,(anonymous_204)
FN:1828,value
FN:1834,(anonymous_206)
FN:1835,(anonymous_207)
FN:1839,(anonymous_208)
FN:1850,(anonymous_209)
FN:1855,(anonymous_210)
FN:1862,(anonymous_211)
FN:1869,(anonymous_212)
FN:1876,(anonymous_213)
FN:1887,(anonymous_214)
FN:1892,(anonymous_215)
FN:1909,(anonymous_216)
FN:1924,(anonymous_217)
FN:1925,(anonymous_218)
FN:1946,_import
FN:1949,runCode
FN:1965,setDocument
FN:1968,setComponentLoader
FN:1971,(anonymous_223)
FN:1986,collector
FN:1997,(anonymous_225)
FN:2003,(anonymous_226)
FN:2006,(anonymous_227)
FN:2009,(anonymous_228)
FN:2029,toJSON
FN:2039,(anonymous_230)
FN:2043,(anonymous_231)
FN:2049,renderComponent
FN:2059,(anonymous_233)
FN:2067,(anonymous_234)
FN:2073,(anonymous_235)
FN:2095,(anonymous_236)
FN:2106,(anonymous_237)
FN:2120,(anonymous_238)
FN:2122,(anonymous_239)
FN:2127,(anonymous_240)
FN:2129,(anonymous_241)
FN:2134,(anonymous_242)
FN:2136,(anonymous_243)
FN:2138,(anonymous_244)
FN:2143,sha1
FN:2157,require
FN:2162,(anonymous_247)
FN:2167,importTag
FN:2189,clearImports
FN:2193,clearEvents
FN:2194,(anonymous_251)
FN:2203,matchesSnapshot
FN:2216,(anonymous_253)
FN:2224,(anonymous_254)
FN:2230,(anonymous_255)
FN:2237,(anonymous_256)
FN:2251,(anonymous_257)
FN:2254,(anonymous_258)
FN:2257,(anonymous_259)
FN:2278,(anonymous_260)
FN:2291,(anonymous_261)
FN:2295,writeResult
FN:2301,(anonymous_263)
FN:2306,(anonymous_264)
FN:2308,(anonymous_265)
FN:2316,(anonymous_266)
FN:2325,(anonymous_267)
FN:2328,(anonymous_268)
FN:2330,(anonymous_269)
FN:2338,(anonymous_270)
FN:2342,(anonymous_271)
FN:2350,(anonymous_272)
FN:2357,(anonymous_273)
FN:2358,(anonymous_274)
FN:2361,(anonymous_275)
FN:2369,(anonymous_276)
FN:2375,(anonymous_277)
FN:2376,PropReceiver
FN:2377,(anonymous_279)
FN:2382,(anonymous_280)
FN:2383,PropContainer
FN:2384,(anonymous_282)
FNF:282
FNH:260
FNDA:7,_interopDefault
FNDA:5836,(anonymous_2)
FNDA:0,(anonymous_3)
FNDA:338,merge
FNDA:3823,propDetails
FNDA:22,objectDiff
FNDA:46,(anonymous_7)
FNDA:45,(anonymous_8)
FNDA:1,uuid
FNDA:31,(anonymous_10)
FNDA:21,toArray
FNDA:4011,isObj
FNDA:902,isFn
FNDA:366,emptyFunc
FNDA:797,publishEvent
FNDA:654,trigger
FNDA:75,on
FNDA:68,off
FNDA:2,one
FNDA:2,self
FNDA:0,dataResolver
FNDA:1532,isArray
FNDA:1419,hashCode
FNDA:176,setDataResolver
FNDA:481,Tag
FNDA:384,(anonymous_26)
FNDA:538,(anonymous_27)
FNDA:538,(anonymous_28)
FNDA:173,setFilter
FNDA:173,clearTagsCreated
FNDA:173,getTagsCreated
FNDA:456,getInnerHTML
FNDA:406,(anonymous_33)
FNDA:206,(anonymous_34)
FNDA:102,createElement
FNDA:108,(anonymous_36)
FNDA:9,applyText
FNDA:86,applyDOM
FNDA:1,resolveData
FNDA:1,resolveDataKey
FNDA:347,getHost
FNDA:11,setProps
FNDA:0,(anonymous_43)
FNDA:3,getDataRegistry
FNDA:10,setDataRegistry
FNDA:8,setResolveData
FNDA:34,registerTag
FNDA:9,(anonymous_48)
FNDA:0,(anonymous_49)
FNDA:20,(anonymous_50)
FNDA:10,mount
FNDA:11,render
FNDA:15,flushRegisteredTags
FNDA:165,initializeTag
FNDA:3,(anonymous_55)
FNDA:3,(anonymous_56)
FNDA:68,(anonymous_57)
FNDA:163,defineAttribute
FNDA:165,initializeNode
FNDA:1,set$$1
FNDA:0,get$$1
FNDA:2,(anonymous_62)
FNDA:173,renderTag
FNDA:377,dataToString
FNDA:134,(anonymous_65)
FNDA:44,unmount
FNDA:87,(anonymous_67)
FNDA:87,(anonymous_68)
FNDA:503,getAttributes
FNDA:375,(anonymous_70)
FNDA:406,(anonymous_71)
FNDA:0,(anonymous_72)
FNDA:165,setElementAttr
FNDA:1,(anonymous_74)
FNDA:371,assertValue
FNDA:50,(anonymous_76)
FNDA:6,_false
FNDA:4,_true
FNDA:6,not
FNDA:345,is
FNDA:10,throws
FNDA:1,(anonymous_82)
FNDA:1,(anonymous_83)
FNDA:3,render$$1
FNDA:6,(anonymous_85)
FNDA:1,(anonymous_86)
FNDA:0,click
FNDA:3,render$$1
FNDA:1,(anonymous_89)
FNDA:1,(anonymous_90)
FNDA:1,(anonymous_91)
FNDA:1,render$$1
FNDA:1,(anonymous_93)
FNDA:3,render$$1
FNDA:1,(anonymous_95)
FNDA:2,render$$1
FNDA:1,(anonymous_97)
FNDA:1,render$$1
FNDA:1,(anonymous_99)
FNDA:1,render$$1
FNDA:1,(anonymous_101)
FNDA:1,(anonymous_102)
FNDA:1,(anonymous_103)
FNDA:0,render$$1
FNDA:1,mount$$1
FNDA:1,(anonymous_106)
FNDA:1,(anonymous_107)
FNDA:2,render$$1
FNDA:2,render$$1
FNDA:1,(anonymous_110)
FNDA:1,(anonymous_111)
FNDA:0,render$$1
FNDA:1,mount$$1
FNDA:1,(anonymous_114)
FNDA:1,(anonymous_115)
FNDA:1,render$$1
FNDA:2,(anonymous_117)
FNDA:1,(anonymous_118)
FNDA:1,render$$1
FNDA:1,render$$1
FNDA:1,(anonymous_121)
FNDA:1,(anonymous_122)
FNDA:1,render$$1
FNDA:1,(anonymous_124)
FNDA:1,(anonymous_125)
FNDA:1,render$$1
FNDA:1,(anonymous_127)
FNDA:1,(anonymous_128)
FNDA:5,render$$1
FNDA:1,(anonymous_130)
FNDA:1,(anonymous_131)
FNDA:60,render$$1
FNDA:1,(anonymous_133)
FNDA:60,render$$1
FNDA:1,(anonymous_135)
FNDA:2,render$$1
FNDA:2,checkStructure
FNDA:1,(anonymous_138)
FNDA:1,(anonymous_139)
FNDA:0,render$$1
FNDA:1,mount$$1
FNDA:1,(anonymous_142)
FNDA:1,render$$1
FNDA:1,render$$1
FNDA:1,mount$$1
FNDA:1,(anonymous_146)
FNDA:1,(anonymous_147)
FNDA:2,render$$1
FNDA:1,(anonymous_149)
FNDA:2,render$$1
FNDA:1,(anonymous_151)
FNDA:2,render$$1
FNDA:2,render$$1
FNDA:1,mount$$1
FNDA:1,(anonymous_155)
FNDA:1,MyComponent
FNDA:1,render$$1
FNDA:1,(anonymous_158)
FNDA:1,(anonymous_159)
FNDA:0,render$$1
FNDA:120,getNthChild
FNDA:1,(anonymous_162)
FNDA:1,(anonymous_163)
FNDA:1,(anonymous_164)
FNDA:1,(anonymous_165)
FNDA:0,handler
FNDA:1,(anonymous_167)
FNDA:1,(anonymous_168)
FNDA:1,(anonymous_169)
FNDA:1,(anonymous_170)
FNDA:1,(anonymous_171)
FNDA:1,(anonymous_172)
FNDA:1,(anonymous_173)
FNDA:1,(anonymous_174)
FNDA:1,(anonymous_175)
FNDA:1,(anonymous_176)
FNDA:48,handleStyles
FNDA:4,(anonymous_178)
FNDA:5,(anonymous_179)
FNDA:6,(anonymous_180)
FNDA:48,parse
FNDA:91,getData
FNDA:88,handleText
FNDA:15,(anonymous_184)
FNDA:27,makeAttributes
FNDA:9,(anonymous_186)
FNDA:25,(anonymous_187)
FNDA:13,(anonymous_188)
FNDA:230,(anonymous_189)
FNDA:41,run
FNDA:38,render$1
FNDA:1,(anonymous_192)
FNDA:1,(anonymous_193)
FNDA:1,(anonymous_194)
FNDA:1,(anonymous_195)
FNDA:1,(anonymous_196)
FNDA:1,test$$1
FNDA:1,(anonymous_198)
FNDA:1,(anonymous_199)
FNDA:1,(anonymous_200)
FNDA:1,(anonymous_201)
FNDA:1,(anonymous_202)
FNDA:1,(anonymous_203)
FNDA:1,(anonymous_204)
FNDA:1,value
FNDA:1,(anonymous_206)
FNDA:1,(anonymous_207)
FNDA:1,(anonymous_208)
FNDA:1,(anonymous_209)
FNDA:1,(anonymous_210)
FNDA:1,(anonymous_211)
FNDA:1,(anonymous_212)
FNDA:1,(anonymous_213)
FNDA:1,(anonymous_214)
FNDA:1,(anonymous_215)
FNDA:1,(anonymous_216)
FNDA:2,(anonymous_217)
FNDA:2,(anonymous_218)
FNDA:3,_import
FNDA:3,runCode
FNDA:3,setDocument
FNDA:1,setComponentLoader
FNDA:10,(anonymous_223)
FNDA:3,collector
FNDA:3,(anonymous_225)
FNDA:0,(anonymous_226)
FNDA:0,(anonymous_227)
FNDA:2,(anonymous_228)
FNDA:0,toJSON
FNDA:0,(anonymous_230)
FNDA:0,(anonymous_231)
FNDA:3,renderComponent
FNDA:3,(anonymous_233)
FNDA:3,(anonymous_234)
FNDA:3,(anonymous_235)
FNDA:0,(anonymous_236)
FNDA:3,(anonymous_237)
FNDA:1,(anonymous_238)
FNDA:1,(anonymous_239)
FNDA:1,(anonymous_240)
FNDA:1,(anonymous_241)
FNDA:1,(anonymous_242)
FNDA:1,(anonymous_243)
FNDA:0,(anonymous_244)
FNDA:12,sha1
FNDA:0,require
FNDA:1,(anonymous_247)
FNDA:7,importTag
FNDA:5,clearImports
FNDA:1,clearEvents
FNDA:6,(anonymous_251)
FNDA:8,matchesSnapshot
FNDA:0,(anonymous_253)
FNDA:7,(anonymous_254)
FNDA:4,(anonymous_255)
FNDA:6,(anonymous_256)
FNDA:8,(anonymous_257)
FNDA:1,(anonymous_258)
FNDA:1,(anonymous_259)
FNDA:0,(anonymous_260)
FNDA:6,(anonymous_261)
FNDA:8,writeResult
FNDA:1,(anonymous_263)
FNDA:1,(anonymous_264)
FNDA:4,(anonymous_265)
FNDA:1,(anonymous_266)
FNDA:1,(anonymous_267)
FNDA:1,(anonymous_268)
FNDA:1,(anonymous_269)
FNDA:1,(anonymous_270)
FNDA:1,(anonymous_271)
FNDA:1,(anonymous_272)
FNDA:1,(anonymous_273)
FNDA:1,(anonymous_274)
FNDA:1,(anonymous_275)
FNDA:1,(anonymous_276)
FNDA:1,(anonymous_277)
FNDA:1,PropReceiver
FNDA:4,(anonymous_279)
FNDA:1,(anonymous_280)
FNDA:1,PropContainer
FNDA:4,(anonymous_282)
DA:3,1
DA:5,7
DA:7,1
DA:8,1
DA:9,1
DA:10,1
DA:11,1
DA:12,1
DA:13,1
DA:14,1
DA:16,1
DA:17,5836
DA:19,0
DA:28,1
DA:29,338
DA:30,541
DA:33,338
DA:34,541
DA:35,2583
DA:36,2176
DA:41,338
DA:44,1
DA:45,3823
DA:55,1
DA:56,22
DA:59,22
DA:60,22
DA:61,22
DA:62,46
DA:63,46
DA:64,2
DA:65,44
DA:66,2
DA:67,2
DA:68,2
DA:69,42
DA:70,29
DA:71,3
DA:73,13
DA:74,2
DA:77,22
DA:78,45
DA:79,45
DA:80,1
DA:83,22
DA:84,16
DA:106,1
DA:107,1
DA:108,31
DA:109,31
DA:113,1
DA:114,21
DA:117,1
DA:118,4011
DA:120,1
DA:121,902
DA:123,1
DA:125,1
DA:127,1
DA:128,797
DA:131,1
DA:132,654
DA:133,654
DA:134,214
DA:135,214
DA:136,210
DA:140,1
DA:141,75
DA:142,66
DA:144,75
DA:145,75
DA:148,1
DA:149,68
DA:150,59
DA:151,59
DA:153,9
DA:154,9
DA:155,9
DA:156,9
DA:161,1
DA:162,2
DA:163,2
DA:164,2
DA:168,1
DA:169,1
DA:170,1
DA:171,0
DA:174,1
DA:175,1532
DA:178,1
DA:179,1419
DA:182,1419
DA:183,29345
DA:184,29345
DA:185,29345
DA:187,1419
DA:190,1
DA:191,176
DA:194,1
DA:195,481
DA:196,330
DA:199,481
DA:200,481
DA:201,481
DA:202,481
DA:203,384
DA:204,384
DA:206,481
DA:207,481
DA:211,538
DA:214,538
DA:217,481
DA:218,481
DA:225,1
DA:226,173
DA:233,1
DA:234,173
DA:241,1
DA:242,173
DA:243,173
DA:252,1
DA:253,456
DA:254,456
DA:256,456
DA:257,406
DA:258,196
DA:259,210
DA:260,0
DA:262,210
DA:263,206
DA:265,210
DA:266,200
DA:268,10
DA:281,1
DA:282,102
DA:283,102
DA:285,22
DA:287,80
DA:289,80
DA:290,108
DA:293,80
DA:294,80
DA:297,102
DA:300,1
DA:302,9
DA:303,1
DA:304,0
DA:306,1
DA:307,1
DA:308,1
DA:312,8
DA:325,1
DA:326,86
DA:327,86
DA:329,86
DA:330,86
DA:332,63
DA:334,3
DA:336,60
DA:338,60
DA:340,49
DA:342,49
DA:344,6
DA:348,0
DA:350,0
DA:352,0
DA:357,60
DA:358,60
DA:359,1
DA:361,1
DA:363,1
DA:364,1
DA:365,1
DA:367,0
DA:374,86
DA:375,86
DA:376,152
DA:377,152
DA:378,152
DA:380,91
DA:381,61
DA:384,17
DA:385,8
DA:386,9
DA:388,0
DA:390,44
DA:392,44
DA:394,43
DA:396,1
DA:400,86
DA:402,2
DA:403,2
DA:404,2
DA:405,2
DA:408,86
DA:411,1
DA:412,1
DA:413,1
DA:415,1
DA:417,1
DA:418,1
DA:421,1
DA:422,1
DA:425,1
DA:426,1
DA:427,1
DA:434,347
DA:438,11
DA:439,11
DA:440,1
DA:441,1
DA:442,1
DA:444,1
DA:446,10
DA:447,10
DA:448,0
DA:450,10
DA:451,1
DA:454,11
DA:458,1
DA:459,3
DA:461,1
DA:462,10
DA:464,1
DA:465,8
DA:467,1
DA:468,34
DA:470,34
DA:471,1
DA:472,1
DA:473,1
DA:476,33
DA:477,9
DA:480,33
DA:481,3
DA:482,3
DA:491,33
DA:494,0
DA:495,0
DA:497,0
DA:500,33
DA:501,33
DA:502,33
DA:505,33
DA:506,20
DA:510,1
DA:511,10
DA:512,10
DA:513,10
DA:514,10
DA:515,10
DA:518,1
DA:519,11
DA:520,11
DA:521,10
DA:522,10
DA:528,1
DA:529,15
DA:532,1
DA:534,165
DA:535,165
DA:538,165
DA:539,1
DA:541,1
DA:542,0
DA:543,0
DA:544,0
DA:546,1
DA:548,164
DA:549,164
DA:550,164
DA:551,164
DA:553,165
DA:554,0
DA:556,165
DA:557,163
DA:558,163
DA:561,163
DA:564,160
DA:567,3
DA:568,3
DA:569,3
DA:571,3
DA:574,160
DA:576,160
DA:577,160
DA:580,160
DA:582,18
DA:584,18
DA:585,68
DA:586,68
DA:589,142
DA:593,1
DA:594,163
DA:596,29
DA:599,134
DA:603,1
DA:604,165
DA:610,165
DA:611,1003
DA:612,1003
DA:613,499
DA:614,330
DA:616,169
DA:621,165
DA:622,165
DA:623,165
DA:625,1
DA:626,1
DA:627,1
DA:630,0
DA:634,165
DA:635,2
DA:636,2
DA:640,165
DA:641,165
DA:643,165
DA:644,165
DA:645,165
DA:646,163
DA:648,2
DA:649,0
DA:653,1
DA:654,173
DA:656,173
DA:662,173
DA:663,173
DA:664,173
DA:665,173
DA:667,1
DA:668,377
DA:670,377
DA:671,377
DA:672,938
DA:673,560
DA:675,378
DA:676,378
DA:677,204
DA:678,204
DA:680,378
DA:683,377
DA:685,173
DA:686,173
DA:688,173
DA:690,0
DA:692,173
DA:694,173
DA:696,173
DA:697,173
DA:699,0
DA:703,173
DA:707,173
DA:708,173
DA:709,135
DA:712,135
DA:716,134
DA:718,134
DA:720,134
DA:721,134
DA:722,134
DA:723,134
DA:727,172
DA:729,38
DA:731,134
DA:732,134
DA:734,172
DA:735,172
DA:737,172
DA:739,172
DA:740,172
DA:741,0
DA:742,0
DA:743,0
DA:746,172
DA:747,11
DA:749,134
DA:751,134
DA:752,0
DA:753,0
DA:754,0
DA:756,134
DA:760,172
DA:763,172
DA:765,38
DA:766,134
DA:767,134
DA:769,1
DA:773,37
DA:774,37
DA:776,2
DA:780,134
DA:783,169
DA:786,1
DA:787,44
DA:789,44
DA:790,44
DA:791,87
DA:794,87
DA:795,3
DA:798,44
DA:799,44
DA:800,44
DA:802,0
DA:807,1
DA:808,503
DA:811,503
DA:812,375
DA:814,406
DA:815,406
DA:816,406
DA:817,406
DA:818,19
DA:819,3
DA:821,19
DA:822,0
DA:827,503
DA:828,338
DA:831,1
DA:832,165
DA:834,165
DA:835,165
DA:836,1
DA:837,1
DA:838,1
DA:839,0
DA:840,0
DA:841,0
DA:843,0
DA:845,1
DA:848,165
DA:851,1
DA:853,1
DA:854,371
DA:855,0
DA:859,1
DA:860,50
DA:862,50
DA:864,6
DA:865,6
DA:868,4
DA:869,4
DA:872,6
DA:873,6
DA:876,345
DA:877,345
DA:880,10
DA:882,10
DA:883,2
DA:884,2
DA:886,10
DA:887,10
DA:888,10
DA:890,10
DA:891,7
DA:892,3
DA:893,3
DA:896,10
DA:899,50
DA:900,7
DA:901,7
DA:903,43
DA:904,43
DA:905,43
DA:906,43
DA:908,0
DA:909,0
DA:913,1
DA:914,1
DA:916,1
DA:918,1
DA:919,1
DA:920,1
DA:923,3
DA:924,6
DA:926,1
DA:935,0
DA:940,3
DA:945,1
DA:947,1
DA:948,1
DA:949,1
DA:951,1
DA:952,1
DA:953,1
DA:955,1
DA:956,1
DA:957,1
DA:958,1
DA:961,1
DA:962,1
DA:963,1
DA:966,1
DA:972,1
DA:974,1
DA:976,1
DA:977,1
DA:978,1
DA:979,1
DA:982,3
DA:986,1
DA:987,1
DA:990,2
DA:994,1
DA:995,1
DA:998,1
DA:1003,1
DA:1004,1
DA:1007,1
DA:1012,1
DA:1015,1
DA:1016,1
DA:1017,1
DA:1018,1
DA:1019,1
DA:1020,0
DA:1022,1
DA:1027,1
DA:1028,1
DA:1029,1
DA:1030,1
DA:1031,2
DA:1033,2
DA:1037,1
DA:1038,1
DA:1039,1
DA:1041,1
DA:1043,1
DA:1044,1
DA:1045,1
DA:1046,0
DA:1048,1
DA:1051,1
DA:1052,1
DA:1053,1
DA:1054,1
DA:1055,2
DA:1061,1
DA:1062,1
DA:1063,1
DA:1064,1
DA:1066,1
DA:1069,1
DA:1070,1
DA:1071,1
DA:1072,1
DA:1077,1
DA:1078,1
DA:1079,1
DA:1080,1
DA:1082,1
DA:1083,1
DA:1084,1
DA:1087,1
DA:1090,1
DA:1091,1
DA:1092,1
DA:1093,1
DA:1094,1
DA:1097,5
DA:1104,1
DA:1106,1
DA:1107,1
DA:1109,1
DA:1110,1
DA:1112,1
DA:1113,1
DA:1115,1
DA:1116,1
DA:1117,1
DA:1120,1
DA:1121,1
DA:1123,1
DA:1124,1
DA:1125,1
DA:1128,1
DA:1130,1
DA:1131,1
DA:1134,60
DA:1139,1
DA:1140,1
DA:1143,60
DA:1148,1
DA:1149,1
DA:1152,2
DA:1153,2
DA:1154,60
DA:1156,2
DA:1161,1
DA:1163,1
DA:1164,1
DA:1165,1
DA:1167,1
DA:1168,1
DA:1170,1
DA:1171,2
DA:1173,2
DA:1174,60
DA:1175,60
DA:1176,60
DA:1178,60
DA:1179,60
DA:1180,60
DA:1185,1
DA:1186,1
DA:1187,1
DA:1188,1
DA:1189,1
DA:1190,1
DA:1193,0
DA:1198,1
DA:1203,1
DA:1204,1
DA:1206,1
DA:1207,1
DA:1208,1
DA:1209,1
DA:1212,1
DA:1216,1
DA:1219,1
DA:1224,1
DA:1225,1
DA:1226,1
DA:1229,1
DA:1230,1
DA:1231,1
DA:1232,1
DA:1233,1
DA:1234,1
DA:1235,1
DA:1238,2
DA:1247,1
DA:1248,1
DA:1251,2
DA:1255,1
DA:1256,1
DA:1259,2
DA:1266,2
DA:1267,2
DA:1268,2
DA:1269,2
DA:1272,1
DA:1277,1
DA:1278,1
DA:1279,1
DA:1280,1
DA:1281,1
DA:1284,1
DA:1285,1
DA:1286,1
DA:1287,1
DA:1288,1
DA:1289,1
DA:1291,1
DA:1295,1
DA:1297,1
DA:1298,1
DA:1299,1
DA:1300,1
DA:1301,1
DA:1302,1
DA:1304,0
DA:1311,1
DA:1312,120
DA:1315,1
DA:1317,1
DA:1318,1
DA:1319,1
DA:1320,1
DA:1322,1
DA:1323,1
DA:1324,1
DA:1326,1
DA:1327,1
DA:1328,1
DA:1330,1
DA:1331,1
DA:1332,1
DA:1335,1
DA:1336,1
DA:1338,0
DA:1340,1
DA:1341,1
DA:1342,1
DA:1343,1
DA:1345,1
DA:1346,1
DA:1347,1
DA:1349,1
DA:1350,1
DA:1352,1
DA:1353,1
DA:1355,1
DA:1356,1
DA:1357,1
DA:1358,1
DA:1359,1
DA:1360,1
DA:1363,1
DA:1364,1
DA:1366,1
DA:1367,1
DA:1369,1
DA:1370,1
DA:1372,1
DA:1373,1
DA:1374,1
DA:1377,1
DA:1378,1
DA:1379,1
DA:1380,1
DA:1381,1
DA:1382,1
DA:1385,1
DA:1386,1
DA:1387,1
DA:1389,1
DA:1390,1
DA:1393,1
DA:1394,1
DA:1395,1
DA:1397,1
DA:1398,1
DA:1401,1
DA:1402,1
DA:1403,1
DA:1405,1
DA:1406,1
DA:1407,1
DA:1408,1
DA:1409,1
DA:1411,1
DA:1412,1
DA:1413,1
DA:1416,1
DA:1417,1
DA:1418,1
DA:1419,1
DA:1431,1
DA:1440,1
DA:1448,1
DA:1457,1
DA:1466,1
DA:1469,1
DA:1472,1
DA:1473,48
DA:1474,4
DA:1475,4
DA:1476,5
DA:1477,0
DA:1479,5
DA:1480,6
DA:1481,6
DA:1482,2
DA:1484,4
DA:1486,5
DA:1489,48
DA:1493,1
DA:1494,48
DA:1501,48
DA:1504,48
DA:1510,1
DA:1511,91
DA:1515,1
DA:1516,88
DA:1519,88
DA:1520,88
DA:1521,37
DA:1524,51
DA:1525,86
DA:1526,86
DA:1527,86
DA:1528,48
DA:1530,86
DA:1531,86
DA:1533,86
DA:1534,86
DA:1536,17
DA:1537,17
DA:1538,17
DA:1539,17
DA:1540,69
DA:1542,21
DA:1543,21
DA:1544,21
DA:1545,1
DA:1547,48
DA:1549,4
DA:1550,4
DA:1551,4
DA:1552,4
DA:1553,44
DA:1555,11
DA:1556,15
DA:1558,11
DA:1559,33
DA:1561,3
DA:1562,30
DA:1564,28
DA:1565,28
DA:1566,2
DA:1568,1
DA:1571,50
DA:1572,29
DA:1574,50
DA:1578,1
DA:1579,27
DA:1580,27
DA:1582,27
DA:1583,29
DA:1584,29
DA:1586,27
DA:1590,48
DA:1591,9
DA:1592,25
DA:1594,9
DA:1595,8
DA:1596,8
DA:1600,48
DA:1601,13
DA:1602,4
DA:1604,9
DA:1605,1
DA:1607,8
DA:1610,13
DA:1612,48
DA:1615,48
DA:1616,0
DA:1619,48
DA:1620,48
DA:1623,48
DA:1625,138
DA:1626,138
DA:1627,138
DA:1629,138
DA:1631,59
DA:1634,137
DA:1635,42
DA:1637,15
DA:1638,15
DA:1639,0
DA:1641,15
DA:1644,27
DA:1645,27
DA:1646,27
DA:1647,27
DA:1649,15
DA:1652,12
DA:1653,12
DA:1657,47
DA:1658,0
DA:1660,47
DA:1661,1
DA:1664,46
DA:1666,0
DA:1668,46
DA:1671,46
DA:1672,24
DA:1673,24
DA:1675,46
DA:1676,16
DA:1678,46
DA:1679,10
DA:1681,46
DA:1682,8
DA:1683,8
DA:1684,0
DA:1687,38
DA:1689,46
DA:1690,46
DA:1693,46
DA:1694,230
DA:1698,1
DA:1699,41
DA:1702,1
DA:1703,38
DA:1704,36
DA:1705,36
DA:1706,36
DA:1707,36
DA:1710,1
DA:1712,1
DA:1713,1
DA:1715,1
DA:1716,1
DA:1717,1
DA:1718,1
DA:1719,1
DA:1720,1
DA:1722,1
DA:1723,1
DA:1724,1
DA:1727,1
DA:1728,1
DA:1730,1
DA:1731,1
DA:1732,1
DA:1735,1
DA:1736,1
DA:1737,1
DA:1740,1
DA:1741,1
DA:1743,1
DA:1744,1
DA:1745,1
DA:1746,1
DA:1747,1
DA:1749,1
DA:1750,1
DA:1751,1
DA:1752,1
DA:1753,1
DA:1756,1
DA:1757,1
DA:1758,1
DA:1759,1
DA:1760,1
DA:1761,1
DA:1763,1
DA:1764,1
DA:1765,1
DA:1768,1
DA:1769,1
DA:1770,1
DA:1771,1
DA:1772,1
DA:1773,1
DA:1774,1
DA:1775,1
DA:1776,1
DA:1777,1
DA:1779,1
DA:1780,1
DA:1782,1
DA:1783,1
DA:1787,1
DA:1788,1
DA:1789,1
DA:1790,1
DA:1791,1
DA:1792,1
DA:1796,1
DA:1797,1
DA:1800,1
DA:1801,1
DA:1802,1
DA:1805,1
DA:1806,1
DA:1809,1
DA:1813,1
DA:1816,1
DA:1821,1
DA:1824,1
DA:1827,1
DA:1829,1
DA:1834,1
DA:1835,1
DA:1836,1
DA:1838,1
DA:1839,1
DA:1840,1
DA:1841,1
DA:1843,1
DA:1846,1
DA:1848,1
DA:1850,1
DA:1851,1
DA:1852,1
DA:1855,1
DA:1856,1
DA:1857,1
DA:1858,1
DA:1859,1
DA:1862,1
DA:1863,1
DA:1864,1
DA:1865,1
DA:1866,1
DA:1869,1
DA:1870,1
DA:1871,1
DA:1872,1
DA:1873,1
DA:1876,1
DA:1877,1
DA:1878,1
DA:1879,1
DA:1880,1
DA:1883,1
DA:1885,1
DA:1887,1
DA:1888,1
DA:1889,1
DA:1892,1
DA:1893,1
DA:1894,1
DA:1895,1
DA:1897,1
DA:1898,1
DA:1900,1
DA:1901,1
DA:1909,1
DA:1910,1
DA:1911,1
DA:1912,1
DA:1914,1
DA:1915,1
DA:1916,1
DA:1918,1
DA:1919,1
DA:1920,1
DA:1921,1
DA:1923,1
DA:1924,1
DA:1925,2
DA:1926,2
DA:1930,1
DA:1931,1
DA:1932,1
DA:1934,1
DA:1935,1
DA:1936,1
DA:1939,1
DA:1940,1
DA:1942,1
DA:1947,3
DA:1949,3
DA:1950,3
DA:1951,3
DA:1952,3
DA:1954,3
DA:1956,3
DA:1957,0
DA:1959,3
DA:1964,1
DA:1965,1
DA:1966,3
DA:1968,1
DA:1969,1
DA:1971,1
DA:1972,10
DA:1973,3
DA:1974,3
DA:1975,3
DA:1976,3
DA:1977,3
DA:1981,1
DA:1982,1
DA:1983,1
DA:1984,1
DA:1985,1
DA:1986,1
DA:1987,3
DA:1990,1
DA:1991,1
DA:1994,1
DA:1995,1
DA:1997,1
DA:1998,3
DA:1999,3
DA:2000,3
DA:2001,3
DA:2002,3
DA:2003,3
DA:2004,3
DA:2005,3
DA:2006,2
DA:2007,2
DA:2009,3
DA:2010,2
DA:2012,3
DA:2013,3
DA:2015,0
DA:2016,0
DA:2018,3
DA:2029,1
DA:2030,0
DA:2031,0
DA:2033,0
DA:2034,0
DA:2035,0
DA:2036,0
DA:2038,0
DA:2039,0
DA:2040,0
DA:2043,0
DA:2044,0
DA:2049,1
DA:2050,3
DA:2051,3
DA:2053,3
DA:2054,3
DA:2055,3
DA:2057,3
DA:2059,3
DA:2061,3
DA:2062,3
DA:2063,3
DA:2065,0
DA:2067,3
DA:2068,3
DA:2069,0
DA:2070,0
DA:2072,3
DA:2073,3
DA:2074,3
DA:2075,3
DA:2077,3
DA:2078,0
DA:2079,0
DA:2080,0
DA:2081,0
DA:2083,3
DA:2084,3
DA:2085,3
DA:2086,3
DA:2089,3
DA:2090,3
DA:2091,3
DA:2092,3
DA:2093,3
DA:2094,3
DA:2095,3
DA:2096,0
DA:2098,3
DA:2100,3
DA:2106,3
DA:2107,3
DA:2110,3
DA:2111,3
DA:2112,3
DA:2113,3
DA:2118,1
DA:2120,1
DA:2121,1
DA:2122,1
DA:2123,1
DA:2127,1
DA:2128,1
DA:2129,1
DA:2130,1
DA:2134,1
DA:2135,1
DA:2136,1
DA:2137,1
DA:2139,0
DA:2143,1
DA:2144,12
DA:2146,1
DA:2147,1
DA:2148,1
DA:2149,1
DA:2151,1
DA:2158,0
DA:2162,1
DA:2163,1
DA:2164,1
DA:2167,1
DA:2168,7
DA:2169,7
DA:2170,5
DA:2171,5
DA:2172,5
DA:2174,5
DA:2176,5
DA:2178,5
DA:2180,0
DA:2181,0
DA:2184,2
DA:2186,7
DA:2189,1
DA:2190,5
DA:2193,1
DA:2194,1
DA:2195,6
DA:2196,1
DA:2197,1
DA:2199,5
DA:2203,1
DA:2204,8
DA:2205,14
DA:2208,8
DA:2209,0
DA:2218,8
DA:2226,8
DA:2228,8
DA:2229,8
DA:2230,8
DA:2231,4
DA:2232,4
DA:2233,0
DA:2235,4
DA:2236,4
DA:2238,6
DA:2240,8
DA:2241,1
DA:2244,8
DA:2248,8
DA:2250,8
DA:2251,8
DA:2252,8
DA:2254,8
DA:2255,1
DA:2256,1
DA:2257,1
DA:2258,1
DA:2261,1
DA:2264,8
DA:2265,8
DA:2267,8
DA:2268,0
DA:2269,0
DA:2270,8
DA:2271,8
DA:2273,0
DA:2274,0
DA:2276,0
DA:2277,0
DA:2278,0
DA:2279,0
DA:2280,0
DA:2282,0
DA:2283,0
DA:2285,0
DA:2290,1
DA:2291,1
DA:2292,6
DA:2295,1
DA:2296,8
DA:2299,1
DA:2301,1
DA:2302,1
DA:2303,1
DA:2306,1
DA:2307,1
DA:2308,1
DA:2309,1
DA:2310,1
DA:2311,1
DA:2312,1
DA:2313,1
DA:2316,1
DA:2317,1
DA:2318,1
DA:2319,1
DA:2321,1
DA:2322,1
DA:2323,1
DA:2325,1
DA:2326,1
DA:2328,1
DA:2329,1
DA:2330,1
DA:2331,1
DA:2332,1
DA:2333,1
DA:2335,1
DA:2338,1
DA:2342,1
DA:2343,1
DA:2344,1
DA:2345,1
DA:2346,1
DA:2347,1
DA:2350,1
DA:2351,1
DA:2352,1
DA:2353,1
DA:2354,1
DA:2355,1
DA:2357,1
DA:2358,1
DA:2359,1
DA:2361,1
DA:2362,1
DA:2364,1
DA:2366,1
DA:2369,1
DA:2370,1
DA:2371,1
DA:2372,1
DA:2375,1
DA:2376,1
DA:2377,1
DA:2378,4
DA:2382,1
DA:2383,1
DA:2384,1
DA:2385,4
DA:2389,1
DA:2390,1
DA:2391,1
DA:2392,1
DA:2393,1
DA:2394,1
DA:2395,1
LF:1295
LH:1207
BRDA:5,1,0,0
BRDA:5,1,1,7
BRDA:5,2,0,7
BRDA:5,2,1,7
BRDA:5,2,2,4
BRDA:16,3,0,1
BRDA:16,3,1,0
BRDA:16,4,0,1
BRDA:16,4,1,1
BRDA:19,5,0,0
BRDA:19,5,1,0
BRDA:19,6,0,0
BRDA:19,6,1,0
BRDA:19,6,2,0
BRDA:19,6,3,0
BRDA:35,7,0,2176
BRDA:35,7,1,407
BRDA:35,8,0,2583
BRDA:35,8,1,2583
BRDA:35,8,2,2583
BRDA:35,8,3,2578
BRDA:35,8,4,1240
BRDA:36,9,0,2042
BRDA:36,9,1,134
BRDA:45,10,0,3823
BRDA:45,10,1,3823
BRDA:45,10,2,402
BRDA:59,11,0,0
BRDA:59,11,1,22
BRDA:59,12,0,0
BRDA:59,12,1,0
BRDA:60,13,0,0
BRDA:60,13,1,22
BRDA:60,14,0,0
BRDA:60,14,1,0
BRDA:62,15,0,0
BRDA:62,15,1,46
BRDA:62,16,0,46
BRDA:62,16,1,46
BRDA:63,17,0,2
BRDA:63,17,1,44
BRDA:65,18,0,2
BRDA:65,18,1,42
BRDA:69,19,0,29
BRDA:69,19,1,13
BRDA:69,20,0,42
BRDA:69,20,1,13
BRDA:70,21,0,3
BRDA:70,21,1,26
BRDA:73,22,0,2
BRDA:73,22,1,11
BRDA:78,23,0,0
BRDA:78,23,1,45
BRDA:78,24,0,45
BRDA:78,24,1,45
BRDA:79,25,0,1
BRDA:79,25,1,44
BRDA:83,26,0,6
BRDA:83,26,1,16
BRDA:109,27,0,30
BRDA:109,27,1,1
BRDA:114,28,0,21
BRDA:114,28,1,21
BRDA:118,29,0,164
BRDA:118,29,1,3847
BRDA:128,30,0,797
BRDA:128,30,1,395
BRDA:133,31,0,440
BRDA:133,31,1,214
BRDA:136,32,0,0
BRDA:136,32,1,210
BRDA:141,33,0,66
BRDA:141,33,1,9
BRDA:149,34,0,59
BRDA:149,34,1,9
BRDA:154,35,0,9
BRDA:154,35,1,0
BRDA:200,36,0,481
BRDA:200,36,1,87
BRDA:203,37,0,376
BRDA:203,37,1,8
BRDA:206,38,0,287
BRDA:206,38,1,194
BRDA:206,39,0,481
BRDA:206,39,1,326
BRDA:214,40,0,538
BRDA:214,40,1,501
BRDA:214,40,2,274
BRDA:217,41,0,136
BRDA:217,41,1,345
BRDA:253,42,0,0
BRDA:253,42,1,456
BRDA:254,43,0,0
BRDA:254,43,1,456
BRDA:254,44,0,456
BRDA:254,44,1,0
BRDA:254,44,2,0
BRDA:256,45,0,456
BRDA:256,45,1,0
BRDA:256,45,2,456
BRDA:256,46,0,0
BRDA:256,46,1,456
BRDA:256,47,0,456
BRDA:256,47,1,0
BRDA:257,48,0,196
BRDA:257,48,1,210
BRDA:257,49,0,0
BRDA:257,49,1,406
BRDA:259,50,0,0
BRDA:259,50,1,210
BRDA:265,51,0,200
BRDA:265,51,1,10
BRDA:283,52,0,22
BRDA:283,52,1,80
BRDA:283,53,0,0
BRDA:283,53,1,102
BRDA:302,54,0,1
BRDA:302,54,1,8
BRDA:302,55,0,9
BRDA:302,55,1,0
BRDA:303,56,0,0
BRDA:303,56,1,1
BRDA:312,57,0,8
BRDA:312,57,1,0
BRDA:326,58,0,0
BRDA:326,58,1,86
BRDA:326,59,0,86
BRDA:326,59,1,86
BRDA:327,60,0,86
BRDA:327,60,1,0
BRDA:329,61,0,0
BRDA:329,61,1,86
BRDA:330,62,0,63
BRDA:330,62,1,23
BRDA:332,63,0,3
BRDA:332,63,1,60
BRDA:340,64,0,49
BRDA:340,64,1,0
BRDA:342,65,0,6
BRDA:342,65,1,43
BRDA:348,66,0,0
BRDA:348,66,1,0
BRDA:348,67,0,0
BRDA:348,67,1,0
BRDA:361,68,0,1
BRDA:361,68,1,0
BRDA:374,69,0,0
BRDA:374,69,1,86
BRDA:374,70,0,63
BRDA:374,70,1,23
BRDA:376,71,0,0
BRDA:376,71,1,152
BRDA:378,72,0,91
BRDA:378,72,1,61
BRDA:381,73,0,17
BRDA:381,73,1,44
BRDA:384,74,0,8
BRDA:384,74,1,9
BRDA:384,75,0,17
BRDA:384,75,1,17
BRDA:386,76,0,0
BRDA:386,76,1,9
BRDA:390,77,0,44
BRDA:390,77,1,0
BRDA:392,78,0,43
BRDA:392,78,1,1
BRDA:392,79,0,0
BRDA:392,79,1,44
BRDA:400,80,0,2
BRDA:400,80,1,84
BRDA:400,81,0,86
BRDA:400,81,1,63
BRDA:413,82,0,1
BRDA:413,82,1,0
BRDA:439,83,0,1
BRDA:439,83,1,10
BRDA:450,84,0,1
BRDA:450,84,1,9
BRDA:454,85,0,11
BRDA:454,85,1,10
BRDA:469,86,0,34
BRDA:469,86,1,34
BRDA:469,86,2,5
BRDA:469,86,3,1
BRDA:470,87,0,1
BRDA:470,87,1,33
BRDA:472,88,0,1
BRDA:472,88,1,0
BRDA:480,89,0,3
BRDA:480,89,1,30
BRDA:483,90,0,3
BRDA:483,90,1,3
BRDA:484,91,0,3
BRDA:484,91,1,3
BRDA:485,92,0,3
BRDA:485,92,1,3
BRDA:486,93,0,3
BRDA:486,93,1,3
BRDA:487,94,0,3
BRDA:487,94,1,3
BRDA:491,95,0,0
BRDA:491,95,1,33
BRDA:494,96,0,0
BRDA:494,96,1,0
BRDA:505,97,0,33
BRDA:505,97,1,21
BRDA:511,98,0,0
BRDA:511,98,1,10
BRDA:511,99,0,10
BRDA:511,99,1,10
BRDA:513,100,0,0
BRDA:513,100,1,10
BRDA:513,101,0,10
BRDA:513,101,1,10
BRDA:514,102,0,8
BRDA:514,102,1,2
BRDA:515,103,0,8
BRDA:515,103,1,2
BRDA:519,104,0,0
BRDA:519,104,1,11
BRDA:519,105,0,11
BRDA:519,105,1,11
BRDA:521,106,0,0
BRDA:521,106,1,10
BRDA:534,107,0,0
BRDA:534,107,1,165
BRDA:534,108,0,165
BRDA:534,108,1,165
BRDA:538,109,0,1
BRDA:538,109,1,164
BRDA:538,110,0,165
BRDA:538,110,1,1
BRDA:538,110,2,1
BRDA:538,110,3,1
BRDA:541,111,0,0
BRDA:541,111,1,1
BRDA:541,112,0,1
BRDA:541,112,1,0
BRDA:548,113,0,29
BRDA:548,113,1,135
BRDA:553,114,0,135
BRDA:553,114,1,30
BRDA:561,115,0,163
BRDA:561,115,1,162
BRDA:561,115,2,1
BRDA:565,116,0,160
BRDA:565,116,1,151
BRDA:567,117,0,3
BRDA:567,117,1,3
BRDA:568,118,0,0
BRDA:568,118,1,3
BRDA:574,119,0,142
BRDA:574,119,1,18
BRDA:574,120,0,160
BRDA:574,120,1,142
BRDA:576,121,0,160
BRDA:576,121,1,0
BRDA:580,122,0,18
BRDA:580,122,1,142
BRDA:580,123,0,160
BRDA:580,123,1,142
BRDA:585,124,0,68
BRDA:585,124,1,67
BRDA:585,124,2,1
BRDA:586,125,0,68
BRDA:586,125,1,1
BRDA:594,126,0,29
BRDA:594,126,1,134
BRDA:596,127,0,29
BRDA:596,127,1,29
BRDA:606,128,0,0
BRDA:606,128,1,165
BRDA:612,129,0,499
BRDA:612,129,1,504
BRDA:613,130,0,330
BRDA:613,130,1,169
BRDA:616,131,0,5
BRDA:616,131,1,164
BRDA:622,132,0,165
BRDA:622,132,1,0
BRDA:622,133,0,165
BRDA:622,133,1,0
BRDA:648,134,0,2
BRDA:648,134,1,2
BRDA:654,135,0,0
BRDA:654,135,1,173
BRDA:654,136,0,173
BRDA:654,136,1,0
BRDA:668,137,0,204
BRDA:668,137,1,173
BRDA:668,138,0,377
BRDA:668,138,1,204
BRDA:672,139,0,560
BRDA:672,139,1,378
BRDA:673,140,0,174
BRDA:673,140,1,386
BRDA:673,141,0,560
BRDA:673,141,1,560
BRDA:676,142,0,204
BRDA:676,142,1,174
BRDA:676,143,0,378
BRDA:676,143,1,378
BRDA:676,143,2,205
BRDA:676,144,0,378
BRDA:676,144,1,351
BRDA:688,145,0,0
BRDA:688,145,1,173
BRDA:694,146,0,173
BRDA:694,146,1,0
BRDA:703,147,0,173
BRDA:703,147,1,11
BRDA:716,148,0,134
BRDA:716,148,1,0
BRDA:727,149,0,38
BRDA:727,149,1,134
BRDA:740,150,0,0
BRDA:740,150,1,172
BRDA:746,151,0,11
BRDA:746,151,1,161
BRDA:746,152,0,172
BRDA:746,152,1,74
BRDA:751,153,0,0
BRDA:751,153,1,134
BRDA:751,154,0,134
BRDA:751,154,1,134
BRDA:763,155,0,38
BRDA:763,155,1,134
BRDA:763,156,0,172
BRDA:763,156,1,142
BRDA:769,157,0,1
BRDA:769,157,1,1
BRDA:776,158,0,2
BRDA:776,158,1,2
BRDA:787,159,0,44
BRDA:787,159,1,44
BRDA:787,159,2,0
BRDA:789,160,0,44
BRDA:789,160,1,0
BRDA:789,161,0,44
BRDA:789,161,1,44
BRDA:789,161,2,44
BRDA:790,162,0,44
BRDA:790,162,1,0
BRDA:790,162,2,44
BRDA:794,163,0,3
BRDA:794,163,1,84
BRDA:799,164,0,44
BRDA:799,164,1,0
BRDA:802,165,0,0
BRDA:802,165,1,0
BRDA:811,166,0,503
BRDA:811,166,1,99
BRDA:811,166,2,404
BRDA:814,167,0,406
BRDA:814,167,1,19
BRDA:814,167,2,13
BRDA:816,168,0,406
BRDA:816,168,1,406
BRDA:816,169,0,406
BRDA:816,169,1,4
BRDA:816,169,2,4
BRDA:816,169,3,405
BRDA:817,170,0,19
BRDA:817,170,1,387
BRDA:818,171,0,3
BRDA:818,171,1,16
BRDA:818,172,0,19
BRDA:818,172,1,13
BRDA:827,173,0,165
BRDA:827,173,1,338
BRDA:832,174,0,0
BRDA:832,174,1,165
BRDA:832,175,0,165
BRDA:832,175,1,0
BRDA:836,176,0,0
BRDA:836,176,1,1
BRDA:838,177,0,0
BRDA:838,177,1,1
BRDA:839,178,0,0
BRDA:839,178,1,0
BRDA:854,179,0,0
BRDA:854,179,1,371
BRDA:864,180,0,6
BRDA:864,180,1,0
BRDA:864,181,0,6
BRDA:864,181,1,6
BRDA:868,182,0,4
BRDA:868,182,1,0
BRDA:868,183,0,4
BRDA:868,183,1,4
BRDA:872,184,0,4
BRDA:872,184,1,2
BRDA:872,185,0,6
BRDA:872,185,1,4
BRDA:876,186,0,149
BRDA:876,186,1,196
BRDA:876,187,0,345
BRDA:876,187,1,149
BRDA:880,188,0,7
BRDA:880,188,1,3
BRDA:880,189,0,10
BRDA:880,189,1,7
BRDA:882,190,0,2
BRDA:882,190,1,8
BRDA:882,191,0,10
BRDA:882,191,1,3
BRDA:890,192,0,7
BRDA:890,192,1,3
BRDA:890,193,0,10
BRDA:890,193,1,7
BRDA:890,193,2,0
BRDA:890,193,3,7
BRDA:890,193,4,7
BRDA:892,194,0,3
BRDA:892,194,1,0
BRDA:899,195,0,7
BRDA:899,195,1,43
BRDA:909,196,0,0
BRDA:909,196,1,0
BRDA:923,197,0,3
BRDA:923,197,1,0
BRDA:923,198,0,3
BRDA:923,198,1,3
BRDA:923,199,0,2
BRDA:923,199,1,1
BRDA:925,200,0,3
BRDA:925,200,1,1
BRDA:925,200,2,2
BRDA:1097,201,0,4
BRDA:1097,201,1,1
BRDA:1386,202,0,0
BRDA:1386,202,1,1
BRDA:1387,203,0,0
BRDA:1387,203,1,1
BRDA:1394,204,0,0
BRDA:1394,204,1,1
BRDA:1395,205,0,0
BRDA:1395,205,1,1
BRDA:1402,206,0,0
BRDA:1402,206,1,1
BRDA:1403,207,0,0
BRDA:1403,207,1,1
BRDA:1473,208,0,48
BRDA:1473,208,1,0
BRDA:1476,209,0,0
BRDA:1476,209,1,5
BRDA:1481,210,0,2
BRDA:1481,210,1,4
BRDA:1481,211,0,6
BRDA:1481,211,1,4
BRDA:1481,211,2,4
BRDA:1511,212,0,72
BRDA:1511,212,1,19
BRDA:1519,213,0,29
BRDA:1519,213,1,59
BRDA:1520,214,0,37
BRDA:1520,214,1,51
BRDA:1525,215,0,0
BRDA:1525,215,1,86
BRDA:1527,216,0,48
BRDA:1527,216,1,38
BRDA:1534,217,0,17
BRDA:1534,217,1,69
BRDA:1536,218,0,15
BRDA:1536,218,1,2
BRDA:1540,219,0,21
BRDA:1540,219,1,48
BRDA:1542,220,0,2
BRDA:1542,220,1,19
BRDA:1544,221,0,1
BRDA:1544,221,1,20
BRDA:1547,222,0,4
BRDA:1547,222,1,44
BRDA:1549,223,0,2
BRDA:1549,223,1,2
BRDA:1553,224,0,11
BRDA:1553,224,1,33
BRDA:1559,225,0,3
BRDA:1559,225,1,30
BRDA:1562,226,0,28
BRDA:1562,226,1,2
BRDA:1562,227,0,30
BRDA:1562,227,1,29
BRDA:1566,228,0,1
BRDA:1566,228,1,1
BRDA:1571,229,0,29
BRDA:1571,229,1,21
BRDA:1583,230,0,5
BRDA:1583,230,1,24
BRDA:1584,231,0,29
BRDA:1584,231,1,28
BRDA:1584,231,2,0
BRDA:1594,232,0,8
BRDA:1594,232,1,1
BRDA:1601,233,0,4
BRDA:1601,233,1,9
BRDA:1604,234,0,1
BRDA:1604,234,1,8
BRDA:1604,235,0,9
BRDA:1604,235,1,2
BRDA:1605,236,0,1
BRDA:1605,236,1,1
BRDA:1615,237,0,0
BRDA:1615,237,1,48
BRDA:1625,238,0,0
BRDA:1625,238,1,138
BRDA:1629,239,0,59
BRDA:1629,239,1,79
BRDA:1634,240,0,95
BRDA:1634,240,1,42
BRDA:1635,241,0,15
BRDA:1635,241,1,27
BRDA:1638,242,0,0
BRDA:1638,242,1,15
BRDA:1647,243,0,15
BRDA:1647,243,1,12
BRDA:1657,244,0,0
BRDA:1657,244,1,47
BRDA:1660,245,0,1
BRDA:1660,245,1,46
BRDA:1664,246,0,0
BRDA:1664,246,1,46
BRDA:1671,247,0,24
BRDA:1671,247,1,22
BRDA:1675,248,0,16
BRDA:1675,248,1,30
BRDA:1678,249,0,10
BRDA:1678,249,1,36
BRDA:1681,250,0,8
BRDA:1681,250,1,38
BRDA:1682,251,0,8
BRDA:1682,251,1,0
BRDA:1683,252,0,0
BRDA:1683,252,1,8
BRDA:1689,253,0,4
BRDA:1689,253,1,42
BRDA:1715,254,0,0
BRDA:1715,254,1,1
BRDA:1947,255,0,0
BRDA:1947,255,1,3
BRDA:1947,256,0,3
BRDA:1947,256,1,0
BRDA:1950,257,0,3
BRDA:1950,257,1,0
BRDA:1951,258,0,3
BRDA:1951,258,1,0
BRDA:1956,259,0,0
BRDA:1956,259,1,3
BRDA:1959,260,0,3
BRDA:1959,260,1,3
BRDA:1972,261,0,3
BRDA:1972,261,1,7
BRDA:1972,262,0,10
BRDA:1972,262,1,10
BRDA:1972,262,2,4
BRDA:1973,263,0,0
BRDA:1973,263,1,3
BRDA:1990,264,0,1
BRDA:1990,264,1,0
BRDA:1999,265,0,0
BRDA:1999,265,1,3
BRDA:1999,266,0,3
BRDA:1999,266,1,0
BRDA:2005,267,0,2
BRDA:2005,267,1,1
BRDA:2009,268,0,3
BRDA:2009,268,1,2
BRDA:2009,268,2,1
BRDA:2009,269,0,1
BRDA:2009,269,1,0
BRDA:2013,270,0,2
BRDA:2013,270,1,1
BRDA:2030,271,0,0
BRDA:2030,271,1,0
BRDA:2033,272,0,0
BRDA:2033,272,1,0
BRDA:2034,273,0,0
BRDA:2034,273,1,0
BRDA:2035,274,0,0
BRDA:2035,274,1,0
BRDA:2035,275,0,0
BRDA:2035,275,1,0
BRDA:2038,276,0,0
BRDA:2038,276,1,0
BRDA:2068,277,0,0
BRDA:2068,277,1,3
BRDA:2074,278,0,3
BRDA:2074,278,1,0
BRDA:2077,279,0,0
BRDA:2077,279,1,3
BRDA:2084,280,0,3
BRDA:2084,280,1,0
BRDA:2084,281,0,3
BRDA:2084,281,1,3
BRDA:2169,282,0,5
BRDA:2169,282,1,2
BRDA:2174,283,0,5
BRDA:2174,283,1,0
BRDA:2186,284,0,7
BRDA:2186,284,1,7
BRDA:2195,285,0,1
BRDA:2195,285,1,5
BRDA:2208,286,0,0
BRDA:2208,286,1,8
BRDA:2212,287,0,0
BRDA:2212,287,1,0
BRDA:2214,288,0,0
BRDA:2214,288,1,0
BRDA:2216,289,0,0
BRDA:2216,289,1,0
BRDA:2220,290,0,5
BRDA:2220,290,1,3
BRDA:2222,291,0,6
BRDA:2222,291,1,2
BRDA:2224,292,0,7
BRDA:2224,292,1,1
BRDA:2229,293,0,8
BRDA:2229,293,1,1
BRDA:2229,293,2,7
BRDA:2232,294,0,0
BRDA:2232,294,1,4
BRDA:2240,295,0,1
BRDA:2240,295,1,7
BRDA:2251,296,0,8
BRDA:2251,296,1,0
BRDA:2256,297,0,1
BRDA:2256,297,1,0
BRDA:2267,298,0,0
BRDA:2267,298,1,8
BRDA:2270,299,0,8
BRDA:2270,299,1,0
BRDA:2274,300,0,0
BRDA:2274,300,1,0
BRDA:2279,301,0,0
BRDA:2279,301,1,0
BRDA:2279,302,0,0
BRDA:2279,302,1,0
BRDA:2282,303,0,0
BRDA:2282,303,1,0
BRF:639
BRH:485
end_of_record
