TN:
SF:/home/roq/code/zinojs/func-test.js
FN:5,_interopDefault
FN:16,(anonymous_2)
FN:18,(anonymous_3)
FN:28,merge
FN:44,propDetails
FN:55,objectDiff
FN:61,(anonymous_7)
FN:77,(anonymous_8)
FN:106,uuid
FN:107,(anonymous_10)
FN:113,toArray
FN:117,isObj
FN:120,isFn
FN:123,emptyFunc
FN:127,publishEvent
FN:131,trigger
FN:140,on
FN:148,off
FN:161,one
FN:162,self
FN:168,attachEvent
FN:170,findEl
FN:178,(anonymous_23)
FN:179,(anonymous_24)
FN:180,(anonymous_25)
FN:183,(anonymous_26)
FN:193,attachSubEvents
FN:197,(anonymous_28)
FN:219,dataResolver
FN:223,isArray
FN:227,hashCode
FN:239,setDataResolver
FN:243,Tag
FN:251,(anonymous_34)
FN:259,(anonymous_35)
FN:262,(anonymous_36)
FN:274,setFilter
FN:282,clearTagsCreated
FN:290,getTagsCreated
FN:301,getInnerHTML
FN:305,(anonymous_41)
FN:311,(anonymous_42)
FN:330,createElement
FN:338,(anonymous_44)
FN:349,applyText
FN:374,applyDOM
FN:460,resolveData
FN:470,resolveDataKey
FN:482,getHost
FN:486,setProps
FN:496,(anonymous_51)
FN:507,getDataRegistry
FN:510,setDataRegistry
FN:513,setResolveData
FN:516,registerTag
FN:525,(anonymous_56)
FN:543,(anonymous_57)
FN:554,(anonymous_58)
FN:559,mount
FN:567,render
FN:574,flushRegisteredTags
FN:578,initializeTag
FN:612,(anonymous_63)
FN:616,(anonymous_64)
FN:630,(anonymous_65)
FN:639,defineAttribute
FN:649,initializeNode
FN:670,set$$1
FN:675,get$$1
FN:680,(anonymous_70)
FN:699,renderTag
FN:713,dataToString
FN:810,(anonymous_73)
FN:831,unmount
FN:835,(anonymous_75)
FN:837,(anonymous_76)
FN:852,getAttributes
FN:856,(anonymous_78)
FN:858,(anonymous_79)
FN:866,(anonymous_80)
FN:876,setElementAttr
FN:880,(anonymous_82)
FN:898,assertValue
FN:904,(anonymous_84)
FN:908,_false
FN:912,_true
FN:916,not
FN:920,is
FN:924,throws
FN:963,(anonymous_90)
FN:964,(anonymous_91)
FN:967,render$$1
FN:968,(anonymous_93)
FN:970,(anonymous_94)
FN:979,click
FN:984,render$$1
FN:993,(anonymous_97)
FN:1006,(anonymous_98)
FN:1007,(anonymous_99)
FN:1010,render$$1
FN:1023,(anonymous_101)
FN:1026,render$$1
FN:1031,(anonymous_103)
FN:1034,render$$1
FN:1039,(anonymous_105)
FN:1042,render$$1
FN:1048,(anonymous_107)
FN:1051,render$$1
FN:1060,(anonymous_109)
FN:1062,(anonymous_110)
FN:1063,(anonymous_111)
FN:1064,render$$1
FN:1066,mount$$1
FN:1073,(anonymous_114)
FN:1074,(anonymous_115)
FN:1075,render$$1
FN:1077,render$$1
FN:1083,(anonymous_118)
FN:1089,(anonymous_119)
FN:1090,render$$1
FN:1092,mount$$1
FN:1096,(anonymous_122)
FN:1097,(anonymous_123)
FN:1098,render$$1
FN:1099,(anonymous_125)
FN:1107,(anonymous_126)
FN:1108,render$$1
FN:1110,render$$1
FN:1114,(anonymous_129)
FN:1115,(anonymous_130)
FN:1116,render$$1
FN:1124,(anonymous_132)
FN:1127,(anonymous_133)
FN:1128,render$$1
FN:1135,(anonymous_135)
FN:1138,(anonymous_136)
FN:1141,render$$1
FN:1165,(anonymous_138)
FN:1175,(anonymous_139)
FN:1178,render$$1
FN:1184,(anonymous_141)
FN:1187,render$$1
FN:1193,(anonymous_143)
FN:1196,render$$1
FN:1215,checkStructure
FN:1230,(anonymous_146)
FN:1234,(anonymous_147)
FN:1237,render$$1
FN:1242,mount$$1
FN:1253,(anonymous_150)
FN:1256,render$$1
FN:1260,render$$1
FN:1263,mount$$1
FN:1274,(anonymous_154)
FN:1279,(anonymous_155)
FN:1282,render$$1
FN:1292,(anonymous_157)
FN:1295,render$$1
FN:1300,(anonymous_159)
FN:1303,render$$1
FN:1310,render$$1
FN:1316,mount$$1
FN:1329,(anonymous_163)
FN:1333,MyComponent
FN:1335,render$$1
FN:1345,(anonymous_166)
FN:1346,(anonymous_167)
FN:1348,render$$1
FN:1356,getNthChild
FN:1362,(anonymous_170)
FN:1364,(anonymous_171)
FN:1372,(anonymous_172)
FN:1380,(anonymous_173)
FN:1382,handler
FN:1391,(anonymous_175)
FN:1394,(anonymous_176)
FN:1397,(anonymous_177)
FN:1408,(anonymous_178)
FN:1411,(anonymous_179)
FN:1422,(anonymous_180)
FN:1426,(anonymous_181)
FN:1434,(anonymous_182)
FN:1442,(anonymous_183)
FN:1450,(anonymous_184)
FN:1517,handleStyles
FN:1518,(anonymous_186)
FN:1520,(anonymous_187)
FN:1524,(anonymous_188)
FN:1538,parse
FN:1555,getData
FN:1560,handleText
FN:1600,(anonymous_192)
FN:1623,makeAttributes
FN:1635,(anonymous_194)
FN:1636,(anonymous_195)
FN:1645,(anonymous_196)
FN:1738,(anonymous_197)
FN:1743,run
FN:1747,render$1
FN:1757,(anonymous_200)
FN:1772,(anonymous_201)
FN:1776,(anonymous_202)
FN:1785,(anonymous_203)
FN:1801,(anonymous_204)
FN:1805,test$$1
FN:1813,(anonymous_206)
FN:1824,(anonymous_207)
FN:1827,(anonymous_208)
FN:1832,(anonymous_209)
FN:1841,(anonymous_210)
FN:1845,(anonymous_211)
FN:1850,(anonymous_212)
FN:1873,value
FN:1879,(anonymous_214)
FN:1880,(anonymous_215)
FN:1884,(anonymous_216)
FN:1895,(anonymous_217)
FN:1900,(anonymous_218)
FN:1907,(anonymous_219)
FN:1914,(anonymous_220)
FN:1921,(anonymous_221)
FN:1932,(anonymous_222)
FN:1937,(anonymous_223)
FN:1954,(anonymous_224)
FN:1969,(anonymous_225)
FN:1970,(anonymous_226)
FN:1991,_import
FN:1994,runCode
FN:2010,setDocument
FN:2013,setComponentLoader
FN:2016,(anonymous_231)
FN:2031,collector
FN:2042,(anonymous_233)
FN:2048,(anonymous_234)
FN:2051,(anonymous_235)
FN:2054,(anonymous_236)
FN:2074,toJSON
FN:2084,(anonymous_238)
FN:2088,(anonymous_239)
FN:2094,renderComponent
FN:2104,(anonymous_241)
FN:2112,(anonymous_242)
FN:2118,(anonymous_243)
FN:2140,(anonymous_244)
FN:2151,(anonymous_245)
FN:2165,(anonymous_246)
FN:2167,(anonymous_247)
FN:2172,(anonymous_248)
FN:2174,(anonymous_249)
FN:2179,(anonymous_250)
FN:2181,(anonymous_251)
FN:2183,(anonymous_252)
FN:2188,sha1
FN:2202,require
FN:2207,(anonymous_255)
FN:2212,importTag
FN:2234,clearImports
FN:2238,clearEvents
FN:2239,(anonymous_259)
FN:2248,matchesSnapshot
FN:2261,(anonymous_261)
FN:2269,(anonymous_262)
FN:2275,(anonymous_263)
FN:2282,(anonymous_264)
FN:2296,(anonymous_265)
FN:2299,(anonymous_266)
FN:2302,(anonymous_267)
FN:2323,(anonymous_268)
FN:2336,(anonymous_269)
FN:2340,writeResult
FN:2346,(anonymous_271)
FN:2351,(anonymous_272)
FN:2353,(anonymous_273)
FN:2361,(anonymous_274)
FN:2370,(anonymous_275)
FN:2373,(anonymous_276)
FN:2375,(anonymous_277)
FN:2383,(anonymous_278)
FN:2387,(anonymous_279)
FN:2395,(anonymous_280)
FN:2402,(anonymous_281)
FN:2403,(anonymous_282)
FN:2406,(anonymous_283)
FN:2414,(anonymous_284)
FN:2420,(anonymous_285)
FN:2421,PropReceiver
FN:2422,(anonymous_287)
FN:2427,(anonymous_288)
FN:2428,PropContainer
FN:2429,(anonymous_290)
FNF:290
FNH:260
FNDA:7,_interopDefault
FNDA:5836,(anonymous_2)
FNDA:0,(anonymous_3)
FNDA:338,merge
FNDA:3823,propDetails
FNDA:22,objectDiff
FNDA:46,(anonymous_7)
FNDA:45,(anonymous_8)
FNDA:1,uuid
FNDA:31,(anonymous_10)
FNDA:21,toArray
FNDA:4011,isObj
FNDA:902,isFn
FNDA:366,emptyFunc
FNDA:741,publishEvent
FNDA:598,trigger
FNDA:75,on
FNDA:68,off
FNDA:2,one
FNDA:2,self
FNDA:0,attachEvent
FNDA:0,findEl
FNDA:0,(anonymous_23)
FNDA:0,(anonymous_24)
FNDA:0,(anonymous_25)
FNDA:0,(anonymous_26)
FNDA:28,attachSubEvents
FNDA:0,(anonymous_28)
FNDA:0,dataResolver
FNDA:1532,isArray
FNDA:1419,hashCode
FNDA:176,setDataResolver
FNDA:481,Tag
FNDA:384,(anonymous_34)
FNDA:538,(anonymous_35)
FNDA:538,(anonymous_36)
FNDA:173,setFilter
FNDA:173,clearTagsCreated
FNDA:173,getTagsCreated
FNDA:456,getInnerHTML
FNDA:406,(anonymous_41)
FNDA:206,(anonymous_42)
FNDA:102,createElement
FNDA:108,(anonymous_44)
FNDA:9,applyText
FNDA:86,applyDOM
FNDA:1,resolveData
FNDA:1,resolveDataKey
FNDA:347,getHost
FNDA:11,setProps
FNDA:0,(anonymous_51)
FNDA:3,getDataRegistry
FNDA:10,setDataRegistry
FNDA:8,setResolveData
FNDA:34,registerTag
FNDA:9,(anonymous_56)
FNDA:0,(anonymous_57)
FNDA:20,(anonymous_58)
FNDA:10,mount
FNDA:11,render
FNDA:15,flushRegisteredTags
FNDA:165,initializeTag
FNDA:3,(anonymous_63)
FNDA:3,(anonymous_64)
FNDA:68,(anonymous_65)
FNDA:163,defineAttribute
FNDA:165,initializeNode
FNDA:1,set$$1
FNDA:0,get$$1
FNDA:2,(anonymous_70)
FNDA:173,renderTag
FNDA:377,dataToString
FNDA:134,(anonymous_73)
FNDA:44,unmount
FNDA:87,(anonymous_75)
FNDA:87,(anonymous_76)
FNDA:503,getAttributes
FNDA:375,(anonymous_78)
FNDA:406,(anonymous_79)
FNDA:0,(anonymous_80)
FNDA:165,setElementAttr
FNDA:1,(anonymous_82)
FNDA:371,assertValue
FNDA:50,(anonymous_84)
FNDA:6,_false
FNDA:4,_true
FNDA:6,not
FNDA:345,is
FNDA:10,throws
FNDA:1,(anonymous_90)
FNDA:1,(anonymous_91)
FNDA:3,render$$1
FNDA:6,(anonymous_93)
FNDA:1,(anonymous_94)
FNDA:0,click
FNDA:3,render$$1
FNDA:1,(anonymous_97)
FNDA:1,(anonymous_98)
FNDA:1,(anonymous_99)
FNDA:1,render$$1
FNDA:1,(anonymous_101)
FNDA:3,render$$1
FNDA:1,(anonymous_103)
FNDA:2,render$$1
FNDA:1,(anonymous_105)
FNDA:1,render$$1
FNDA:1,(anonymous_107)
FNDA:1,render$$1
FNDA:1,(anonymous_109)
FNDA:1,(anonymous_110)
FNDA:1,(anonymous_111)
FNDA:0,render$$1
FNDA:1,mount$$1
FNDA:1,(anonymous_114)
FNDA:1,(anonymous_115)
FNDA:2,render$$1
FNDA:2,render$$1
FNDA:1,(anonymous_118)
FNDA:1,(anonymous_119)
FNDA:0,render$$1
FNDA:1,mount$$1
FNDA:1,(anonymous_122)
FNDA:1,(anonymous_123)
FNDA:1,render$$1
FNDA:2,(anonymous_125)
FNDA:1,(anonymous_126)
FNDA:1,render$$1
FNDA:1,render$$1
FNDA:1,(anonymous_129)
FNDA:1,(anonymous_130)
FNDA:1,render$$1
FNDA:1,(anonymous_132)
FNDA:1,(anonymous_133)
FNDA:1,render$$1
FNDA:1,(anonymous_135)
FNDA:1,(anonymous_136)
FNDA:5,render$$1
FNDA:1,(anonymous_138)
FNDA:1,(anonymous_139)
FNDA:60,render$$1
FNDA:1,(anonymous_141)
FNDA:60,render$$1
FNDA:1,(anonymous_143)
FNDA:2,render$$1
FNDA:2,checkStructure
FNDA:1,(anonymous_146)
FNDA:1,(anonymous_147)
FNDA:0,render$$1
FNDA:1,mount$$1
FNDA:1,(anonymous_150)
FNDA:1,render$$1
FNDA:1,render$$1
FNDA:1,mount$$1
FNDA:1,(anonymous_154)
FNDA:1,(anonymous_155)
FNDA:2,render$$1
FNDA:1,(anonymous_157)
FNDA:2,render$$1
FNDA:1,(anonymous_159)
FNDA:2,render$$1
FNDA:2,render$$1
FNDA:1,mount$$1
FNDA:1,(anonymous_163)
FNDA:1,MyComponent
FNDA:1,render$$1
FNDA:1,(anonymous_166)
FNDA:1,(anonymous_167)
FNDA:0,render$$1
FNDA:120,getNthChild
FNDA:1,(anonymous_170)
FNDA:1,(anonymous_171)
FNDA:1,(anonymous_172)
FNDA:1,(anonymous_173)
FNDA:0,handler
FNDA:1,(anonymous_175)
FNDA:1,(anonymous_176)
FNDA:1,(anonymous_177)
FNDA:1,(anonymous_178)
FNDA:1,(anonymous_179)
FNDA:1,(anonymous_180)
FNDA:1,(anonymous_181)
FNDA:1,(anonymous_182)
FNDA:1,(anonymous_183)
FNDA:1,(anonymous_184)
FNDA:48,handleStyles
FNDA:4,(anonymous_186)
FNDA:5,(anonymous_187)
FNDA:6,(anonymous_188)
FNDA:48,parse
FNDA:91,getData
FNDA:88,handleText
FNDA:15,(anonymous_192)
FNDA:27,makeAttributes
FNDA:9,(anonymous_194)
FNDA:25,(anonymous_195)
FNDA:13,(anonymous_196)
FNDA:230,(anonymous_197)
FNDA:41,run
FNDA:38,render$1
FNDA:1,(anonymous_200)
FNDA:1,(anonymous_201)
FNDA:1,(anonymous_202)
FNDA:1,(anonymous_203)
FNDA:1,(anonymous_204)
FNDA:1,test$$1
FNDA:1,(anonymous_206)
FNDA:1,(anonymous_207)
FNDA:1,(anonymous_208)
FNDA:1,(anonymous_209)
FNDA:1,(anonymous_210)
FNDA:1,(anonymous_211)
FNDA:1,(anonymous_212)
FNDA:1,value
FNDA:1,(anonymous_214)
FNDA:1,(anonymous_215)
FNDA:1,(anonymous_216)
FNDA:1,(anonymous_217)
FNDA:1,(anonymous_218)
FNDA:1,(anonymous_219)
FNDA:1,(anonymous_220)
FNDA:1,(anonymous_221)
FNDA:1,(anonymous_222)
FNDA:1,(anonymous_223)
FNDA:1,(anonymous_224)
FNDA:2,(anonymous_225)
FNDA:2,(anonymous_226)
FNDA:3,_import
FNDA:3,runCode
FNDA:3,setDocument
FNDA:1,setComponentLoader
FNDA:10,(anonymous_231)
FNDA:3,collector
FNDA:3,(anonymous_233)
FNDA:0,(anonymous_234)
FNDA:0,(anonymous_235)
FNDA:2,(anonymous_236)
FNDA:0,toJSON
FNDA:0,(anonymous_238)
FNDA:0,(anonymous_239)
FNDA:3,renderComponent
FNDA:3,(anonymous_241)
FNDA:3,(anonymous_242)
FNDA:3,(anonymous_243)
FNDA:0,(anonymous_244)
FNDA:3,(anonymous_245)
FNDA:1,(anonymous_246)
FNDA:1,(anonymous_247)
FNDA:1,(anonymous_248)
FNDA:1,(anonymous_249)
FNDA:1,(anonymous_250)
FNDA:1,(anonymous_251)
FNDA:0,(anonymous_252)
FNDA:12,sha1
FNDA:0,require
FNDA:1,(anonymous_255)
FNDA:7,importTag
FNDA:5,clearImports
FNDA:1,clearEvents
FNDA:6,(anonymous_259)
FNDA:8,matchesSnapshot
FNDA:0,(anonymous_261)
FNDA:7,(anonymous_262)
FNDA:4,(anonymous_263)
FNDA:6,(anonymous_264)
FNDA:8,(anonymous_265)
FNDA:1,(anonymous_266)
FNDA:1,(anonymous_267)
FNDA:0,(anonymous_268)
FNDA:6,(anonymous_269)
FNDA:0,writeResult
FNDA:1,(anonymous_271)
FNDA:1,(anonymous_272)
FNDA:4,(anonymous_273)
FNDA:1,(anonymous_274)
FNDA:1,(anonymous_275)
FNDA:1,(anonymous_276)
FNDA:1,(anonymous_277)
FNDA:1,(anonymous_278)
FNDA:1,(anonymous_279)
FNDA:1,(anonymous_280)
FNDA:1,(anonymous_281)
FNDA:1,(anonymous_282)
FNDA:1,(anonymous_283)
FNDA:1,(anonymous_284)
FNDA:1,(anonymous_285)
FNDA:1,PropReceiver
FNDA:4,(anonymous_287)
FNDA:1,(anonymous_288)
FNDA:1,PropContainer
FNDA:4,(anonymous_290)
DA:3,1
DA:5,7
DA:7,1
DA:8,1
DA:9,1
DA:10,1
DA:11,1
DA:12,1
DA:13,1
DA:14,1
DA:16,1
DA:17,5836
DA:19,0
DA:28,1
DA:29,338
DA:30,541
DA:33,338
DA:34,541
DA:35,2583
DA:36,2176
DA:41,338
DA:44,1
DA:45,3823
DA:55,1
DA:56,22
DA:59,22
DA:60,22
DA:61,22
DA:62,46
DA:63,46
DA:64,2
DA:65,44
DA:66,2
DA:67,2
DA:68,2
DA:69,42
DA:70,29
DA:71,3
DA:73,13
DA:74,2
DA:77,22
DA:78,45
DA:79,45
DA:80,1
DA:83,22
DA:84,16
DA:106,1
DA:107,1
DA:108,31
DA:109,31
DA:113,1
DA:114,21
DA:117,1
DA:118,4011
DA:120,1
DA:121,902
DA:123,1
DA:125,1
DA:127,1
DA:128,741
DA:131,1
DA:132,598
DA:133,598
DA:134,214
DA:135,214
DA:136,210
DA:140,1
DA:141,75
DA:142,66
DA:144,75
DA:145,75
DA:148,1
DA:149,68
DA:150,59
DA:151,59
DA:153,9
DA:154,9
DA:155,9
DA:156,9
DA:161,1
DA:162,2
DA:163,2
DA:164,2
DA:168,1
DA:169,0
DA:170,0
DA:171,0
DA:172,0
DA:173,0
DA:174,0
DA:176,0
DA:178,0
DA:179,0
DA:180,0
DA:181,0
DA:182,0
DA:183,0
DA:184,0
DA:186,0
DA:193,1
DA:194,28
DA:196,28
DA:197,0
DA:198,0
DA:199,0
DA:201,0
DA:203,0
DA:206,0
DA:208,0
DA:210,0
DA:211,0
DA:217,1
DA:218,1
DA:219,1
DA:220,0
DA:223,1
DA:224,1532
DA:227,1
DA:228,1419
DA:231,1419
DA:232,29345
DA:233,29345
DA:234,29345
DA:236,1419
DA:239,1
DA:240,176
DA:243,1
DA:244,481
DA:245,330
DA:248,481
DA:249,481
DA:250,481
DA:251,481
DA:252,384
DA:253,384
DA:255,481
DA:256,481
DA:260,538
DA:263,538
DA:266,481
DA:267,481
DA:274,1
DA:275,173
DA:282,1
DA:283,173
DA:290,1
DA:291,173
DA:292,173
DA:301,1
DA:302,456
DA:303,456
DA:305,456
DA:306,406
DA:307,196
DA:308,210
DA:309,0
DA:311,210
DA:312,206
DA:314,210
DA:315,200
DA:317,10
DA:330,1
DA:331,102
DA:332,102
DA:334,22
DA:336,80
DA:338,80
DA:339,108
DA:342,80
DA:343,80
DA:346,102
DA:349,1
DA:351,9
DA:352,1
DA:353,0
DA:355,1
DA:356,1
DA:357,1
DA:361,8
DA:374,1
DA:375,86
DA:376,86
DA:378,86
DA:379,86
DA:381,63
DA:383,3
DA:385,60
DA:387,60
DA:389,49
DA:391,49
DA:393,6
DA:397,0
DA:399,0
DA:401,0
DA:406,60
DA:407,60
DA:408,1
DA:410,1
DA:412,1
DA:413,1
DA:414,1
DA:416,0
DA:423,86
DA:424,86
DA:425,152
DA:426,152
DA:427,152
DA:429,91
DA:430,61
DA:433,17
DA:434,8
DA:435,9
DA:437,0
DA:439,44
DA:441,44
DA:443,43
DA:445,1
DA:449,86
DA:451,2
DA:452,2
DA:453,2
DA:454,2
DA:457,86
DA:460,1
DA:461,1
DA:462,1
DA:464,1
DA:466,1
DA:467,1
DA:470,1
DA:471,1
DA:474,1
DA:475,1
DA:476,1
DA:483,347
DA:487,11
DA:488,11
DA:489,1
DA:490,1
DA:491,1
DA:493,1
DA:495,10
DA:496,10
DA:497,0
DA:499,10
DA:500,1
DA:503,11
DA:507,1
DA:508,3
DA:510,1
DA:511,10
DA:513,1
DA:514,8
DA:516,1
DA:517,34
DA:519,34
DA:520,1
DA:521,1
DA:522,1
DA:525,33
DA:526,9
DA:529,33
DA:530,3
DA:531,3
DA:540,33
DA:543,0
DA:544,0
DA:546,0
DA:549,33
DA:550,33
DA:551,33
DA:554,33
DA:555,20
DA:559,1
DA:560,10
DA:561,10
DA:562,10
DA:563,10
DA:564,10
DA:567,1
DA:568,11
DA:569,11
DA:570,10
DA:571,10
DA:574,1
DA:575,15
DA:578,1
DA:580,165
DA:581,165
DA:584,165
DA:585,1
DA:587,1
DA:588,0
DA:589,0
DA:590,0
DA:592,1
DA:594,164
DA:595,164
DA:596,164
DA:597,164
DA:599,165
DA:600,0
DA:602,165
DA:603,163
DA:604,163
DA:607,163
DA:610,160
DA:613,3
DA:614,3
DA:615,3
DA:617,3
DA:620,160
DA:622,160
DA:623,160
DA:626,160
DA:628,18
DA:630,18
DA:631,68
DA:632,68
DA:635,142
DA:639,1
DA:640,163
DA:642,29
DA:645,134
DA:649,1
DA:650,165
DA:656,165
DA:657,1003
DA:658,1003
DA:659,499
DA:660,330
DA:662,169
DA:667,165
DA:668,165
DA:669,165
DA:671,1
DA:672,1
DA:673,1
DA:676,0
DA:680,165
DA:681,2
DA:682,2
DA:686,165
DA:687,165
DA:689,165
DA:690,165
DA:691,165
DA:692,163
DA:694,2
DA:695,0
DA:699,1
DA:700,173
DA:702,173
DA:708,173
DA:709,173
DA:710,173
DA:711,173
DA:713,1
DA:714,377
DA:716,377
DA:717,377
DA:718,938
DA:719,560
DA:721,378
DA:722,378
DA:723,204
DA:724,204
DA:726,378
DA:729,377
DA:731,173
DA:732,173
DA:734,173
DA:736,0
DA:738,173
DA:740,173
DA:742,173
DA:743,173
DA:745,0
DA:749,173
DA:753,173
DA:754,173
DA:755,135
DA:758,135
DA:762,134
DA:764,134
DA:766,134
DA:767,134
DA:768,134
DA:769,134
DA:773,172
DA:775,38
DA:777,134
DA:778,134
DA:780,172
DA:781,172
DA:783,172
DA:785,172
DA:786,172
DA:787,0
DA:788,0
DA:791,172
DA:792,11
DA:794,134
DA:796,134
DA:797,0
DA:798,0
DA:799,0
DA:801,134
DA:805,172
DA:808,172
DA:810,38
DA:811,134
DA:812,134
DA:814,1
DA:818,37
DA:819,37
DA:821,2
DA:825,134
DA:828,169
DA:831,1
DA:832,44
DA:834,44
DA:835,44
DA:836,87
DA:839,87
DA:840,3
DA:843,44
DA:844,44
DA:845,44
DA:847,0
DA:852,1
DA:853,503
DA:856,503
DA:857,375
DA:859,406
DA:860,406
DA:861,406
DA:862,406
DA:863,19
DA:864,3
DA:866,19
DA:867,0
DA:872,503
DA:873,338
DA:876,1
DA:877,165
DA:879,165
DA:880,165
DA:881,1
DA:882,1
DA:883,1
DA:884,0
DA:885,0
DA:886,0
DA:888,0
DA:890,1
DA:893,165
DA:896,1
DA:898,1
DA:899,371
DA:900,0
DA:904,1
DA:905,50
DA:907,50
DA:909,6
DA:910,6
DA:913,4
DA:914,4
DA:917,6
DA:918,6
DA:921,345
DA:922,345
DA:925,10
DA:927,10
DA:928,2
DA:929,2
DA:931,10
DA:932,10
DA:933,10
DA:935,10
DA:936,7
DA:937,3
DA:938,3
DA:941,10
DA:944,50
DA:945,7
DA:946,7
DA:948,43
DA:949,43
DA:950,43
DA:951,43
DA:953,0
DA:954,0
DA:958,1
DA:959,1
DA:961,1
DA:963,1
DA:964,1
DA:965,1
DA:968,3
DA:969,6
DA:971,1
DA:980,0
DA:985,3
DA:990,1
DA:992,1
DA:993,1
DA:994,1
DA:996,1
DA:997,1
DA:998,1
DA:1000,1
DA:1001,1
DA:1002,1
DA:1003,1
DA:1006,1
DA:1007,1
DA:1008,1
DA:1011,1
DA:1017,1
DA:1019,1
DA:1021,1
DA:1022,1
DA:1023,1
DA:1024,1
DA:1027,3
DA:1031,1
DA:1032,1
DA:1035,2
DA:1039,1
DA:1040,1
DA:1043,1
DA:1048,1
DA:1049,1
DA:1052,1
DA:1057,1
DA:1060,1
DA:1061,1
DA:1062,1
DA:1063,1
DA:1064,1
DA:1065,0
DA:1067,1
DA:1072,1
DA:1073,1
DA:1074,1
DA:1075,1
DA:1076,2
DA:1078,2
DA:1082,1
DA:1083,1
DA:1084,1
DA:1086,1
DA:1088,1
DA:1089,1
DA:1090,1
DA:1091,0
DA:1093,1
DA:1096,1
DA:1097,1
DA:1098,1
DA:1099,1
DA:1100,2
DA:1106,1
DA:1107,1
DA:1108,1
DA:1109,1
DA:1111,1
DA:1114,1
DA:1115,1
DA:1116,1
DA:1117,1
DA:1122,1
DA:1123,1
DA:1124,1
DA:1125,1
DA:1127,1
DA:1128,1
DA:1129,1
DA:1132,1
DA:1135,1
DA:1136,1
DA:1137,1
DA:1138,1
DA:1139,1
DA:1142,5
DA:1149,1
DA:1151,1
DA:1152,1
DA:1154,1
DA:1155,1
DA:1157,1
DA:1158,1
DA:1160,1
DA:1161,1
DA:1162,1
DA:1165,1
DA:1166,1
DA:1168,1
DA:1169,1
DA:1170,1
DA:1173,1
DA:1175,1
DA:1176,1
DA:1179,60
DA:1184,1
DA:1185,1
DA:1188,60
DA:1193,1
DA:1194,1
DA:1197,2
DA:1198,2
DA:1199,60
DA:1201,2
DA:1206,1
DA:1208,1
DA:1209,1
DA:1210,1
DA:1212,1
DA:1213,1
DA:1215,1
DA:1216,2
DA:1218,2
DA:1219,60
DA:1220,60
DA:1221,60
DA:1223,60
DA:1224,60
DA:1225,60
DA:1230,1
DA:1231,1
DA:1232,1
DA:1233,1
DA:1234,1
DA:1235,1
DA:1238,0
DA:1243,1
DA:1248,1
DA:1249,1
DA:1251,1
DA:1252,1
DA:1253,1
DA:1254,1
DA:1257,1
DA:1261,1
DA:1264,1
DA:1269,1
DA:1270,1
DA:1271,1
DA:1274,1
DA:1275,1
DA:1276,1
DA:1277,1
DA:1278,1
DA:1279,1
DA:1280,1
DA:1283,2
DA:1292,1
DA:1293,1
DA:1296,2
DA:1300,1
DA:1301,1
DA:1304,2
DA:1311,2
DA:1312,2
DA:1313,2
DA:1314,2
DA:1317,1
DA:1322,1
DA:1323,1
DA:1324,1
DA:1325,1
DA:1326,1
DA:1329,1
DA:1330,1
DA:1331,1
DA:1332,1
DA:1333,1
DA:1334,1
DA:1336,1
DA:1340,1
DA:1342,1
DA:1343,1
DA:1344,1
DA:1345,1
DA:1346,1
DA:1347,1
DA:1349,0
DA:1356,1
DA:1357,120
DA:1360,1
DA:1362,1
DA:1363,1
DA:1364,1
DA:1365,1
DA:1367,1
DA:1368,1
DA:1369,1
DA:1371,1
DA:1372,1
DA:1373,1
DA:1375,1
DA:1376,1
DA:1377,1
DA:1380,1
DA:1381,1
DA:1383,0
DA:1385,1
DA:1386,1
DA:1387,1
DA:1388,1
DA:1390,1
DA:1391,1
DA:1392,1
DA:1394,1
DA:1395,1
DA:1397,1
DA:1398,1
DA:1400,1
DA:1401,1
DA:1402,1
DA:1403,1
DA:1404,1
DA:1405,1
DA:1408,1
DA:1409,1
DA:1411,1
DA:1412,1
DA:1414,1
DA:1415,1
DA:1417,1
DA:1418,1
DA:1419,1
DA:1422,1
DA:1423,1
DA:1424,1
DA:1425,1
DA:1426,1
DA:1427,1
DA:1430,1
DA:1431,1
DA:1432,1
DA:1434,1
DA:1435,1
DA:1438,1
DA:1439,1
DA:1440,1
DA:1442,1
DA:1443,1
DA:1446,1
DA:1447,1
DA:1448,1
DA:1450,1
DA:1451,1
DA:1452,1
DA:1453,1
DA:1454,1
DA:1456,1
DA:1457,1
DA:1458,1
DA:1461,1
DA:1462,1
DA:1463,1
DA:1464,1
DA:1476,1
DA:1485,1
DA:1493,1
DA:1502,1
DA:1511,1
DA:1514,1
DA:1517,1
DA:1518,48
DA:1519,4
DA:1520,4
DA:1521,5
DA:1522,0
DA:1524,5
DA:1525,6
DA:1526,6
DA:1527,2
DA:1529,4
DA:1531,5
DA:1534,48
DA:1538,1
DA:1539,48
DA:1546,48
DA:1549,48
DA:1555,1
DA:1556,91
DA:1560,1
DA:1561,88
DA:1564,88
DA:1565,88
DA:1566,37
DA:1569,51
DA:1570,86
DA:1571,86
DA:1572,86
DA:1573,48
DA:1575,86
DA:1576,86
DA:1578,86
DA:1579,86
DA:1581,17
DA:1582,17
DA:1583,17
DA:1584,17
DA:1585,69
DA:1587,21
DA:1588,21
DA:1589,21
DA:1590,1
DA:1592,48
DA:1594,4
DA:1595,4
DA:1596,4
DA:1597,4
DA:1598,44
DA:1600,11
DA:1601,15
DA:1603,11
DA:1604,33
DA:1606,3
DA:1607,30
DA:1609,28
DA:1610,28
DA:1611,2
DA:1613,1
DA:1616,50
DA:1617,29
DA:1619,50
DA:1623,1
DA:1624,27
DA:1625,27
DA:1627,27
DA:1628,29
DA:1629,29
DA:1631,27
DA:1635,48
DA:1636,9
DA:1637,25
DA:1639,9
DA:1640,8
DA:1641,8
DA:1645,48
DA:1646,13
DA:1647,4
DA:1649,9
DA:1650,1
DA:1652,8
DA:1655,13
DA:1657,48
DA:1660,48
DA:1661,0
DA:1664,48
DA:1665,48
DA:1668,48
DA:1670,138
DA:1671,138
DA:1672,138
DA:1674,138
DA:1676,59
DA:1679,137
DA:1680,42
DA:1682,15
DA:1683,15
DA:1684,0
DA:1686,15
DA:1689,27
DA:1690,27
DA:1691,27
DA:1692,27
DA:1694,15
DA:1697,12
DA:1698,12
DA:1702,47
DA:1703,0
DA:1705,47
DA:1706,1
DA:1709,46
DA:1711,0
DA:1713,46
DA:1716,46
DA:1717,24
DA:1718,24
DA:1720,46
DA:1721,16
DA:1723,46
DA:1724,10
DA:1726,46
DA:1727,8
DA:1728,8
DA:1729,0
DA:1732,38
DA:1734,46
DA:1735,46
DA:1738,46
DA:1739,230
DA:1743,1
DA:1744,41
DA:1747,1
DA:1748,38
DA:1749,36
DA:1750,36
DA:1751,36
DA:1752,36
DA:1755,1
DA:1757,1
DA:1758,1
DA:1760,1
DA:1761,1
DA:1762,1
DA:1763,1
DA:1764,1
DA:1765,1
DA:1767,1
DA:1768,1
DA:1769,1
DA:1772,1
DA:1773,1
DA:1775,1
DA:1776,1
DA:1777,1
DA:1780,1
DA:1781,1
DA:1782,1
DA:1785,1
DA:1786,1
DA:1788,1
DA:1789,1
DA:1790,1
DA:1791,1
DA:1792,1
DA:1794,1
DA:1795,1
DA:1796,1
DA:1797,1
DA:1798,1
DA:1801,1
DA:1802,1
DA:1803,1
DA:1804,1
DA:1805,1
DA:1806,1
DA:1808,1
DA:1809,1
DA:1810,1
DA:1813,1
DA:1814,1
DA:1815,1
DA:1816,1
DA:1817,1
DA:1818,1
DA:1819,1
DA:1820,1
DA:1821,1
DA:1822,1
DA:1824,1
DA:1825,1
DA:1827,1
DA:1828,1
DA:1832,1
DA:1833,1
DA:1834,1
DA:1835,1
DA:1836,1
DA:1837,1
DA:1841,1
DA:1842,1
DA:1845,1
DA:1846,1
DA:1847,1
DA:1850,1
DA:1851,1
DA:1854,1
DA:1858,1
DA:1861,1
DA:1866,1
DA:1869,1
DA:1872,1
DA:1874,1
DA:1879,1
DA:1880,1
DA:1881,1
DA:1883,1
DA:1884,1
DA:1885,1
DA:1886,1
DA:1888,1
DA:1891,1
DA:1893,1
DA:1895,1
DA:1896,1
DA:1897,1
DA:1900,1
DA:1901,1
DA:1902,1
DA:1903,1
DA:1904,1
DA:1907,1
DA:1908,1
DA:1909,1
DA:1910,1
DA:1911,1
DA:1914,1
DA:1915,1
DA:1916,1
DA:1917,1
DA:1918,1
DA:1921,1
DA:1922,1
DA:1923,1
DA:1924,1
DA:1925,1
DA:1928,1
DA:1930,1
DA:1932,1
DA:1933,1
DA:1934,1
DA:1937,1
DA:1938,1
DA:1939,1
DA:1940,1
DA:1942,1
DA:1943,1
DA:1945,1
DA:1946,1
DA:1954,1
DA:1955,1
DA:1956,1
DA:1957,1
DA:1959,1
DA:1960,1
DA:1961,1
DA:1963,1
DA:1964,1
DA:1965,1
DA:1966,1
DA:1968,1
DA:1969,1
DA:1970,2
DA:1971,2
DA:1975,1
DA:1976,1
DA:1977,1
DA:1979,1
DA:1980,1
DA:1981,1
DA:1984,1
DA:1985,1
DA:1987,1
DA:1992,3
DA:1994,3
DA:1995,3
DA:1996,3
DA:1997,3
DA:1999,3
DA:2001,3
DA:2002,0
DA:2004,3
DA:2009,1
DA:2010,1
DA:2011,3
DA:2013,1
DA:2014,1
DA:2016,1
DA:2017,10
DA:2018,3
DA:2019,3
DA:2020,3
DA:2021,3
DA:2022,3
DA:2026,1
DA:2027,1
DA:2028,1
DA:2029,1
DA:2030,1
DA:2031,1
DA:2032,3
DA:2035,1
DA:2036,1
DA:2039,1
DA:2040,1
DA:2042,1
DA:2043,3
DA:2044,3
DA:2045,3
DA:2046,3
DA:2047,3
DA:2048,3
DA:2049,3
DA:2050,3
DA:2051,2
DA:2052,2
DA:2054,3
DA:2055,2
DA:2057,3
DA:2058,3
DA:2060,0
DA:2061,0
DA:2063,3
DA:2074,1
DA:2075,0
DA:2076,0
DA:2078,0
DA:2079,0
DA:2080,0
DA:2081,0
DA:2083,0
DA:2084,0
DA:2085,0
DA:2088,0
DA:2089,0
DA:2094,1
DA:2095,3
DA:2096,3
DA:2098,3
DA:2099,3
DA:2100,3
DA:2102,3
DA:2104,3
DA:2106,3
DA:2107,3
DA:2108,3
DA:2110,0
DA:2112,3
DA:2113,3
DA:2114,0
DA:2115,0
DA:2117,3
DA:2118,3
DA:2119,3
DA:2120,3
DA:2122,3
DA:2123,0
DA:2124,0
DA:2125,0
DA:2126,0
DA:2128,3
DA:2129,3
DA:2130,3
DA:2131,3
DA:2134,3
DA:2135,3
DA:2136,3
DA:2137,3
DA:2138,3
DA:2139,3
DA:2140,3
DA:2141,0
DA:2143,3
DA:2145,3
DA:2151,3
DA:2152,3
DA:2155,3
DA:2156,3
DA:2157,3
DA:2158,3
DA:2163,1
DA:2165,1
DA:2166,1
DA:2167,1
DA:2168,1
DA:2172,1
DA:2173,1
DA:2174,1
DA:2175,1
DA:2179,1
DA:2180,1
DA:2181,1
DA:2182,1
DA:2184,0
DA:2188,1
DA:2189,12
DA:2191,1
DA:2192,1
DA:2193,1
DA:2194,1
DA:2196,1
DA:2203,0
DA:2207,1
DA:2208,1
DA:2209,1
DA:2212,1
DA:2213,7
DA:2214,7
DA:2215,5
DA:2216,5
DA:2217,5
DA:2219,5
DA:2221,5
DA:2223,5
DA:2225,0
DA:2226,0
DA:2229,2
DA:2231,7
DA:2234,1
DA:2235,5
DA:2238,1
DA:2239,1
DA:2240,6
DA:2241,1
DA:2242,1
DA:2244,5
DA:2248,1
DA:2249,8
DA:2250,14
DA:2253,8
DA:2254,0
DA:2263,8
DA:2271,8
DA:2273,8
DA:2274,8
DA:2275,8
DA:2276,4
DA:2277,4
DA:2278,0
DA:2280,4
DA:2281,4
DA:2283,6
DA:2285,8
DA:2286,1
DA:2289,8
DA:2293,8
DA:2295,8
DA:2296,8
DA:2297,8
DA:2299,8
DA:2300,1
DA:2301,1
DA:2302,1
DA:2303,1
DA:2306,1
DA:2309,8
DA:2310,8
DA:2312,8
DA:2313,0
DA:2314,0
DA:2315,8
DA:2316,0
DA:2318,8
DA:2319,8
DA:2321,0
DA:2322,0
DA:2323,0
DA:2324,0
DA:2325,0
DA:2327,0
DA:2328,0
DA:2330,0
DA:2335,1
DA:2336,1
DA:2337,6
DA:2340,1
DA:2341,0
DA:2344,1
DA:2346,1
DA:2347,1
DA:2348,1
DA:2351,1
DA:2352,1
DA:2353,1
DA:2354,1
DA:2355,1
DA:2356,1
DA:2357,1
DA:2358,1
DA:2361,1
DA:2362,1
DA:2363,1
DA:2364,1
DA:2366,1
DA:2367,1
DA:2368,1
DA:2370,1
DA:2371,1
DA:2373,1
DA:2374,1
DA:2375,1
DA:2376,1
DA:2377,1
DA:2378,1
DA:2380,1
DA:2383,1
DA:2387,1
DA:2388,1
DA:2389,1
DA:2390,1
DA:2391,1
DA:2392,1
DA:2395,1
DA:2396,1
DA:2397,1
DA:2398,1
DA:2399,1
DA:2400,1
DA:2402,1
DA:2403,1
DA:2404,1
DA:2406,1
DA:2407,1
DA:2409,1
DA:2411,1
DA:2414,1
DA:2415,1
DA:2416,1
DA:2417,1
DA:2420,1
DA:2421,1
DA:2422,1
DA:2423,4
DA:2427,1
DA:2428,1
DA:2429,1
DA:2430,4
DA:2434,1
DA:2435,1
DA:2436,1
DA:2437,1
DA:2438,1
DA:2439,1
DA:2440,1
LF:1322
LH:1211
BRDA:5,1,0,0
BRDA:5,1,1,7
BRDA:5,2,0,7
BRDA:5,2,1,7
BRDA:5,2,2,4
BRDA:16,3,0,1
BRDA:16,3,1,0
BRDA:16,4,0,1
BRDA:16,4,1,1
BRDA:19,5,0,0
BRDA:19,5,1,0
BRDA:19,6,0,0
BRDA:19,6,1,0
BRDA:19,6,2,0
BRDA:19,6,3,0
BRDA:35,7,0,2176
BRDA:35,7,1,407
BRDA:35,8,0,2583
BRDA:35,8,1,2583
BRDA:35,8,2,2583
BRDA:35,8,3,2578
BRDA:35,8,4,1240
BRDA:36,9,0,2042
BRDA:36,9,1,134
BRDA:45,10,0,3823
BRDA:45,10,1,3823
BRDA:45,10,2,402
BRDA:59,11,0,0
BRDA:59,11,1,22
BRDA:59,12,0,0
BRDA:59,12,1,0
BRDA:60,13,0,0
BRDA:60,13,1,22
BRDA:60,14,0,0
BRDA:60,14,1,0
BRDA:62,15,0,0
BRDA:62,15,1,46
BRDA:62,16,0,46
BRDA:62,16,1,46
BRDA:63,17,0,2
BRDA:63,17,1,44
BRDA:65,18,0,2
BRDA:65,18,1,42
BRDA:69,19,0,29
BRDA:69,19,1,13
BRDA:69,20,0,42
BRDA:69,20,1,13
BRDA:70,21,0,3
BRDA:70,21,1,26
BRDA:73,22,0,2
BRDA:73,22,1,11
BRDA:78,23,0,0
BRDA:78,23,1,45
BRDA:78,24,0,45
BRDA:78,24,1,45
BRDA:79,25,0,1
BRDA:79,25,1,44
BRDA:83,26,0,6
BRDA:83,26,1,16
BRDA:109,27,0,30
BRDA:109,27,1,1
BRDA:114,28,0,21
BRDA:114,28,1,21
BRDA:118,29,0,164
BRDA:118,29,1,3847
BRDA:128,30,0,741
BRDA:128,30,1,367
BRDA:133,31,0,384
BRDA:133,31,1,214
BRDA:136,32,0,0
BRDA:136,32,1,210
BRDA:141,33,0,66
BRDA:141,33,1,9
BRDA:149,34,0,59
BRDA:149,34,1,9
BRDA:154,35,0,9
BRDA:154,35,1,0
BRDA:169,36,0,0
BRDA:169,36,1,0
BRDA:172,37,0,0
BRDA:172,37,1,0
BRDA:173,38,0,0
BRDA:173,38,1,0
BRDA:182,39,0,0
BRDA:182,39,1,0
BRDA:182,40,0,0
BRDA:182,40,1,0
BRDA:183,41,0,0
BRDA:183,41,1,0
BRDA:186,42,0,0
BRDA:186,42,1,0
BRDA:196,43,0,0
BRDA:196,43,1,28
BRDA:199,44,0,0
BRDA:199,44,1,0
BRDA:201,45,0,0
BRDA:201,45,1,0
BRDA:206,46,0,0
BRDA:206,46,1,0
BRDA:206,47,0,0
BRDA:206,47,1,0
BRDA:206,47,2,0
BRDA:249,48,0,481
BRDA:249,48,1,87
BRDA:252,49,0,376
BRDA:252,49,1,8
BRDA:255,50,0,287
BRDA:255,50,1,194
BRDA:255,51,0,481
BRDA:255,51,1,326
BRDA:263,52,0,538
BRDA:263,52,1,501
BRDA:263,52,2,274
BRDA:266,53,0,136
BRDA:266,53,1,345
BRDA:302,54,0,0
BRDA:302,54,1,456
BRDA:303,55,0,0
BRDA:303,55,1,456
BRDA:303,56,0,456
BRDA:303,56,1,0
BRDA:303,56,2,0
BRDA:305,57,0,456
BRDA:305,57,1,0
BRDA:305,57,2,456
BRDA:305,58,0,0
BRDA:305,58,1,456
BRDA:305,59,0,456
BRDA:305,59,1,0
BRDA:306,60,0,196
BRDA:306,60,1,210
BRDA:306,61,0,0
BRDA:306,61,1,406
BRDA:308,62,0,0
BRDA:308,62,1,210
BRDA:314,63,0,200
BRDA:314,63,1,10
BRDA:332,64,0,22
BRDA:332,64,1,80
BRDA:332,65,0,0
BRDA:332,65,1,102
BRDA:351,66,0,1
BRDA:351,66,1,8
BRDA:351,67,0,9
BRDA:351,67,1,0
BRDA:352,68,0,0
BRDA:352,68,1,1
BRDA:361,69,0,8
BRDA:361,69,1,0
BRDA:375,70,0,0
BRDA:375,70,1,86
BRDA:375,71,0,86
BRDA:375,71,1,86
BRDA:376,72,0,86
BRDA:376,72,1,0
BRDA:378,73,0,0
BRDA:378,73,1,86
BRDA:379,74,0,63
BRDA:379,74,1,23
BRDA:381,75,0,3
BRDA:381,75,1,60
BRDA:389,76,0,49
BRDA:389,76,1,0
BRDA:391,77,0,6
BRDA:391,77,1,43
BRDA:397,78,0,0
BRDA:397,78,1,0
BRDA:397,79,0,0
BRDA:397,79,1,0
BRDA:410,80,0,1
BRDA:410,80,1,0
BRDA:423,81,0,0
BRDA:423,81,1,86
BRDA:423,82,0,63
BRDA:423,82,1,23
BRDA:425,83,0,0
BRDA:425,83,1,152
BRDA:427,84,0,91
BRDA:427,84,1,61
BRDA:430,85,0,17
BRDA:430,85,1,44
BRDA:433,86,0,8
BRDA:433,86,1,9
BRDA:433,87,0,17
BRDA:433,87,1,17
BRDA:435,88,0,0
BRDA:435,88,1,9
BRDA:439,89,0,44
BRDA:439,89,1,0
BRDA:441,90,0,43
BRDA:441,90,1,1
BRDA:441,91,0,0
BRDA:441,91,1,44
BRDA:449,92,0,2
BRDA:449,92,1,84
BRDA:449,93,0,86
BRDA:449,93,1,63
BRDA:462,94,0,1
BRDA:462,94,1,0
BRDA:488,95,0,1
BRDA:488,95,1,10
BRDA:499,96,0,1
BRDA:499,96,1,9
BRDA:503,97,0,11
BRDA:503,97,1,10
BRDA:518,98,0,34
BRDA:518,98,1,34
BRDA:518,98,2,5
BRDA:518,98,3,1
BRDA:519,99,0,1
BRDA:519,99,1,33
BRDA:521,100,0,1
BRDA:521,100,1,0
BRDA:529,101,0,3
BRDA:529,101,1,30
BRDA:532,102,0,3
BRDA:532,102,1,3
BRDA:533,103,0,3
BRDA:533,103,1,3
BRDA:534,104,0,3
BRDA:534,104,1,3
BRDA:535,105,0,3
BRDA:535,105,1,3
BRDA:536,106,0,3
BRDA:536,106,1,3
BRDA:540,107,0,0
BRDA:540,107,1,33
BRDA:543,108,0,0
BRDA:543,108,1,0
BRDA:554,109,0,33
BRDA:554,109,1,21
BRDA:560,110,0,0
BRDA:560,110,1,10
BRDA:560,111,0,10
BRDA:560,111,1,10
BRDA:562,112,0,0
BRDA:562,112,1,10
BRDA:562,113,0,10
BRDA:562,113,1,10
BRDA:563,114,0,8
BRDA:563,114,1,2
BRDA:564,115,0,8
BRDA:564,115,1,2
BRDA:568,116,0,0
BRDA:568,116,1,11
BRDA:568,117,0,11
BRDA:568,117,1,11
BRDA:570,118,0,0
BRDA:570,118,1,10
BRDA:580,119,0,0
BRDA:580,119,1,165
BRDA:580,120,0,165
BRDA:580,120,1,165
BRDA:584,121,0,1
BRDA:584,121,1,164
BRDA:584,122,0,165
BRDA:584,122,1,1
BRDA:584,122,2,1
BRDA:584,122,3,1
BRDA:587,123,0,0
BRDA:587,123,1,1
BRDA:587,124,0,1
BRDA:587,124,1,0
BRDA:594,125,0,29
BRDA:594,125,1,135
BRDA:599,126,0,135
BRDA:599,126,1,30
BRDA:607,127,0,163
BRDA:607,127,1,162
BRDA:607,127,2,1
BRDA:611,128,0,160
BRDA:611,128,1,151
BRDA:613,129,0,3
BRDA:613,129,1,3
BRDA:614,130,0,0
BRDA:614,130,1,3
BRDA:620,131,0,142
BRDA:620,131,1,18
BRDA:620,132,0,160
BRDA:620,132,1,142
BRDA:622,133,0,160
BRDA:622,133,1,0
BRDA:626,134,0,18
BRDA:626,134,1,142
BRDA:626,135,0,160
BRDA:626,135,1,142
BRDA:631,136,0,68
BRDA:631,136,1,67
BRDA:631,136,2,1
BRDA:632,137,0,68
BRDA:632,137,1,1
BRDA:640,138,0,29
BRDA:640,138,1,134
BRDA:642,139,0,29
BRDA:642,139,1,29
BRDA:652,140,0,0
BRDA:652,140,1,165
BRDA:658,141,0,499
BRDA:658,141,1,504
BRDA:659,142,0,330
BRDA:659,142,1,169
BRDA:662,143,0,5
BRDA:662,143,1,164
BRDA:668,144,0,165
BRDA:668,144,1,0
BRDA:668,145,0,165
BRDA:668,145,1,0
BRDA:694,146,0,2
BRDA:694,146,1,2
BRDA:700,147,0,0
BRDA:700,147,1,173
BRDA:700,148,0,173
BRDA:700,148,1,0
BRDA:714,149,0,204
BRDA:714,149,1,173
BRDA:714,150,0,377
BRDA:714,150,1,204
BRDA:718,151,0,560
BRDA:718,151,1,378
BRDA:719,152,0,174
BRDA:719,152,1,386
BRDA:719,153,0,560
BRDA:719,153,1,560
BRDA:722,154,0,204
BRDA:722,154,1,174
BRDA:722,155,0,378
BRDA:722,155,1,378
BRDA:722,155,2,205
BRDA:722,156,0,378
BRDA:722,156,1,351
BRDA:734,157,0,0
BRDA:734,157,1,173
BRDA:740,158,0,173
BRDA:740,158,1,0
BRDA:749,159,0,173
BRDA:749,159,1,11
BRDA:762,160,0,134
BRDA:762,160,1,0
BRDA:773,161,0,38
BRDA:773,161,1,134
BRDA:786,162,0,0
BRDA:786,162,1,172
BRDA:791,163,0,11
BRDA:791,163,1,161
BRDA:791,164,0,172
BRDA:791,164,1,74
BRDA:796,165,0,0
BRDA:796,165,1,134
BRDA:796,166,0,134
BRDA:796,166,1,134
BRDA:808,167,0,38
BRDA:808,167,1,134
BRDA:808,168,0,172
BRDA:808,168,1,142
BRDA:814,169,0,1
BRDA:814,169,1,1
BRDA:821,170,0,2
BRDA:821,170,1,2
BRDA:832,171,0,44
BRDA:832,171,1,44
BRDA:832,171,2,0
BRDA:834,172,0,44
BRDA:834,172,1,0
BRDA:834,173,0,44
BRDA:834,173,1,44
BRDA:834,173,2,44
BRDA:835,174,0,44
BRDA:835,174,1,0
BRDA:835,174,2,44
BRDA:839,175,0,3
BRDA:839,175,1,84
BRDA:844,176,0,44
BRDA:844,176,1,0
BRDA:847,177,0,0
BRDA:847,177,1,0
BRDA:856,178,0,503
BRDA:856,178,1,99
BRDA:856,178,2,404
BRDA:859,179,0,406
BRDA:859,179,1,19
BRDA:859,179,2,13
BRDA:861,180,0,406
BRDA:861,180,1,406
BRDA:861,181,0,406
BRDA:861,181,1,4
BRDA:861,181,2,4
BRDA:861,181,3,405
BRDA:862,182,0,19
BRDA:862,182,1,387
BRDA:863,183,0,3
BRDA:863,183,1,16
BRDA:863,184,0,19
BRDA:863,184,1,13
BRDA:872,185,0,165
BRDA:872,185,1,338
BRDA:877,186,0,0
BRDA:877,186,1,165
BRDA:877,187,0,165
BRDA:877,187,1,0
BRDA:881,188,0,0
BRDA:881,188,1,1
BRDA:883,189,0,0
BRDA:883,189,1,1
BRDA:884,190,0,0
BRDA:884,190,1,0
BRDA:899,191,0,0
BRDA:899,191,1,371
BRDA:909,192,0,6
BRDA:909,192,1,0
BRDA:909,193,0,6
BRDA:909,193,1,6
BRDA:913,194,0,4
BRDA:913,194,1,0
BRDA:913,195,0,4
BRDA:913,195,1,4
BRDA:917,196,0,4
BRDA:917,196,1,2
BRDA:917,197,0,6
BRDA:917,197,1,4
BRDA:921,198,0,149
BRDA:921,198,1,196
BRDA:921,199,0,345
BRDA:921,199,1,149
BRDA:925,200,0,7
BRDA:925,200,1,3
BRDA:925,201,0,10
BRDA:925,201,1,7
BRDA:927,202,0,2
BRDA:927,202,1,8
BRDA:927,203,0,10
BRDA:927,203,1,3
BRDA:935,204,0,7
BRDA:935,204,1,3
BRDA:935,205,0,10
BRDA:935,205,1,7
BRDA:935,205,2,0
BRDA:935,205,3,7
BRDA:935,205,4,7
BRDA:937,206,0,3
BRDA:937,206,1,0
BRDA:944,207,0,7
BRDA:944,207,1,43
BRDA:954,208,0,0
BRDA:954,208,1,0
BRDA:968,209,0,3
BRDA:968,209,1,0
BRDA:968,210,0,3
BRDA:968,210,1,3
BRDA:968,211,0,2
BRDA:968,211,1,1
BRDA:970,212,0,3
BRDA:970,212,1,1
BRDA:970,212,2,2
BRDA:1142,213,0,4
BRDA:1142,213,1,1
BRDA:1431,214,0,0
BRDA:1431,214,1,1
BRDA:1432,215,0,0
BRDA:1432,215,1,1
BRDA:1439,216,0,0
BRDA:1439,216,1,1
BRDA:1440,217,0,0
BRDA:1440,217,1,1
BRDA:1447,218,0,0
BRDA:1447,218,1,1
BRDA:1448,219,0,0
BRDA:1448,219,1,1
BRDA:1518,220,0,48
BRDA:1518,220,1,0
BRDA:1521,221,0,0
BRDA:1521,221,1,5
BRDA:1526,222,0,2
BRDA:1526,222,1,4
BRDA:1526,223,0,6
BRDA:1526,223,1,4
BRDA:1526,223,2,4
BRDA:1556,224,0,72
BRDA:1556,224,1,19
BRDA:1564,225,0,29
BRDA:1564,225,1,59
BRDA:1565,226,0,37
BRDA:1565,226,1,51
BRDA:1570,227,0,0
BRDA:1570,227,1,86
BRDA:1572,228,0,48
BRDA:1572,228,1,38
BRDA:1579,229,0,17
BRDA:1579,229,1,69
BRDA:1581,230,0,15
BRDA:1581,230,1,2
BRDA:1585,231,0,21
BRDA:1585,231,1,48
BRDA:1587,232,0,2
BRDA:1587,232,1,19
BRDA:1589,233,0,1
BRDA:1589,233,1,20
BRDA:1592,234,0,4
BRDA:1592,234,1,44
BRDA:1594,235,0,2
BRDA:1594,235,1,2
BRDA:1598,236,0,11
BRDA:1598,236,1,33
BRDA:1604,237,0,3
BRDA:1604,237,1,30
BRDA:1607,238,0,28
BRDA:1607,238,1,2
BRDA:1607,239,0,30
BRDA:1607,239,1,29
BRDA:1611,240,0,1
BRDA:1611,240,1,1
BRDA:1616,241,0,29
BRDA:1616,241,1,21
BRDA:1628,242,0,5
BRDA:1628,242,1,24
BRDA:1629,243,0,29
BRDA:1629,243,1,28
BRDA:1629,243,2,0
BRDA:1639,244,0,8
BRDA:1639,244,1,1
BRDA:1646,245,0,4
BRDA:1646,245,1,9
BRDA:1649,246,0,1
BRDA:1649,246,1,8
BRDA:1649,247,0,9
BRDA:1649,247,1,2
BRDA:1650,248,0,1
BRDA:1650,248,1,1
BRDA:1660,249,0,0
BRDA:1660,249,1,48
BRDA:1670,250,0,0
BRDA:1670,250,1,138
BRDA:1674,251,0,59
BRDA:1674,251,1,79
BRDA:1679,252,0,95
BRDA:1679,252,1,42
BRDA:1680,253,0,15
BRDA:1680,253,1,27
BRDA:1683,254,0,0
BRDA:1683,254,1,15
BRDA:1692,255,0,15
BRDA:1692,255,1,12
BRDA:1702,256,0,0
BRDA:1702,256,1,47
BRDA:1705,257,0,1
BRDA:1705,257,1,46
BRDA:1709,258,0,0
BRDA:1709,258,1,46
BRDA:1716,259,0,24
BRDA:1716,259,1,22
BRDA:1720,260,0,16
BRDA:1720,260,1,30
BRDA:1723,261,0,10
BRDA:1723,261,1,36
BRDA:1726,262,0,8
BRDA:1726,262,1,38
BRDA:1727,263,0,8
BRDA:1727,263,1,0
BRDA:1728,264,0,0
BRDA:1728,264,1,8
BRDA:1734,265,0,4
BRDA:1734,265,1,42
BRDA:1760,266,0,0
BRDA:1760,266,1,1
BRDA:1992,267,0,0
BRDA:1992,267,1,3
BRDA:1992,268,0,3
BRDA:1992,268,1,0
BRDA:1995,269,0,3
BRDA:1995,269,1,0
BRDA:1996,270,0,3
BRDA:1996,270,1,0
BRDA:2001,271,0,0
BRDA:2001,271,1,3
BRDA:2004,272,0,3
BRDA:2004,272,1,3
BRDA:2017,273,0,3
BRDA:2017,273,1,7
BRDA:2017,274,0,10
BRDA:2017,274,1,10
BRDA:2017,274,2,4
BRDA:2018,275,0,0
BRDA:2018,275,1,3
BRDA:2035,276,0,1
BRDA:2035,276,1,0
BRDA:2044,277,0,0
BRDA:2044,277,1,3
BRDA:2044,278,0,3
BRDA:2044,278,1,0
BRDA:2050,279,0,2
BRDA:2050,279,1,1
BRDA:2054,280,0,3
BRDA:2054,280,1,2
BRDA:2054,280,2,1
BRDA:2054,281,0,1
BRDA:2054,281,1,0
BRDA:2058,282,0,2
BRDA:2058,282,1,1
BRDA:2075,283,0,0
BRDA:2075,283,1,0
BRDA:2078,284,0,0
BRDA:2078,284,1,0
BRDA:2079,285,0,0
BRDA:2079,285,1,0
BRDA:2080,286,0,0
BRDA:2080,286,1,0
BRDA:2080,287,0,0
BRDA:2080,287,1,0
BRDA:2083,288,0,0
BRDA:2083,288,1,0
BRDA:2113,289,0,0
BRDA:2113,289,1,3
BRDA:2119,290,0,3
BRDA:2119,290,1,0
BRDA:2122,291,0,0
BRDA:2122,291,1,3
BRDA:2129,292,0,3
BRDA:2129,292,1,0
BRDA:2129,293,0,3
BRDA:2129,293,1,3
BRDA:2214,294,0,5
BRDA:2214,294,1,2
BRDA:2219,295,0,5
BRDA:2219,295,1,0
BRDA:2231,296,0,7
BRDA:2231,296,1,7
BRDA:2240,297,0,1
BRDA:2240,297,1,5
BRDA:2253,298,0,0
BRDA:2253,298,1,8
BRDA:2257,299,0,0
BRDA:2257,299,1,0
BRDA:2259,300,0,0
BRDA:2259,300,1,0
BRDA:2261,301,0,0
BRDA:2261,301,1,0
BRDA:2265,302,0,5
BRDA:2265,302,1,3
BRDA:2267,303,0,6
BRDA:2267,303,1,2
BRDA:2269,304,0,7
BRDA:2269,304,1,1
BRDA:2274,305,0,8
BRDA:2274,305,1,1
BRDA:2274,305,2,7
BRDA:2277,306,0,0
BRDA:2277,306,1,4
BRDA:2285,307,0,1
BRDA:2285,307,1,7
BRDA:2296,308,0,8
BRDA:2296,308,1,0
BRDA:2301,309,0,1
BRDA:2301,309,1,0
BRDA:2312,310,0,0
BRDA:2312,310,1,8
BRDA:2315,311,0,0
BRDA:2315,311,1,8
BRDA:2319,312,0,0
BRDA:2319,312,1,8
BRDA:2324,313,0,0
BRDA:2324,313,1,0
BRDA:2324,314,0,0
BRDA:2324,314,1,0
BRDA:2327,315,0,0
BRDA:2327,315,1,0
BRF:664
BRH:487
end_of_record
